#
# A fatal error has been detected by the Java Runtime Environment:
#
#  SIGSEGV (0xb) at pc=0x00007f84946f6500, pid=6016, tid=140207942022912
#
# JRE version: Java(TM) SE Runtime Environment (7.0_40-b43) (build 1.7.0_40-b43)
# Java VM: Java HotSpot(TM) 64-Bit Server VM (24.0-b56 mixed mode linux-amd64 compressed oops)
# Problematic frame:
# C  0x00007f84946f6500
#
# Failed to write core dump. Core dumps have been disabled. To enable core dumping, try "ulimit -c unlimited" before starting Java again
#
# If you would like to submit a bug report, please visit:
#   http://bugreport.sun.com/bugreport/crash.jsp
# The crash happened outside the Java Virtual Machine in native code.
# See problematic frame for where to report the bug.
#

---------------  T H R E A D  ---------------

Current thread (0x00007f84f029e800):  JavaThread "LWJGL Application" [_thread_in_native, id=6039, stack(0x00007f84b4843000,0x00007f84b4944000)]

siginfo:si_signo=SIGSEGV: si_errno=0, si_code=2 (SEGV_ACCERR), si_addr=0x00007f84946f6500

Registers:
RAX=0x00007f84946f6500, RBX=0x000000009f594810, RCX=0x0000000000000101, RDX=0x00007f84946f6460
RSP=0x00007f84b4942098, RBP=0x00007f84b49420f8, RSI=0x00007f84b4942128, RDI=0x00007f84946f6460
R8 =0x0000000000000006, R9 =0x00000000ffffffff, R10=0x00007f84ed012cac, R11=0x00007f84f8ab3260
R12=0x0000000000000000, R13=0x000000009f594810, R14=0x00007f84b4942128, R15=0x00007f84f029e800
RIP=0x00007f84946f6500, EFLAGS=0x0000000000010206, CSGSFS=0x0000000000000033, ERR=0x0000000000000015
  TRAPNO=0x000000000000000e

Top of Stack: (sp=0x00007f84b4942098)
0x00007f84b4942098:   00007f84ed012cd8 00007f84b49421c8
0x00007f84b49420a8:   00007f84b4942170 00007f84b4942170
0x00007f84b49420b8:   00007f84b49420b8 0000000000000000
0x00007f84b49420c8:   00007f84b4942128 000000009f5d1be8
0x00007f84b49420d8:   0000000000000000 000000009f594810
0x00007f84b49420e8:   0000000000000000 00007f84b4942118
0x00007f84b49420f8:   00007f84b4942170 00007f84ed006058
0x00007f84b4942108:   0000000000000000 00007f84ed00ecd8
0x00007f84b4942118:   00007f84946f6460 000000009f600940
0x00007f84b4942128:   00000000e23eb368 00007f84b4942130
0x00007f84b4942138:   000000009f594735 00007f84b4942180
0x00007f84b4942148:   000000009f5d1be8 0000000000000000
0x00007f84b4942158:   000000009f594750 00007f84b4942118
0x00007f84b4942168:   00007f84b4942180 00007f84b49421c8
0x00007f84b4942178:   00007f84ed006058 00000000e23eb368
0x00007f84b4942188:   00007f84b4942188 000000009f54e3bc
0x00007f84b4942198:   00007f84b4942230 000000009f604a90
0x00007f84b49421a8:   0000000000000000 000000009f54e478
0x00007f84b49421b8:   00007f84b4942180 00007f84b4942210
0x00007f84b49421c8:   00007f84b4942280 00007f84ed006233
0x00007f84b49421d8:   00000000e23eb408 00000000e23eb3d8
0x00007f84b49421e8:   00000000e23eb380 00000000e23eb368
0x00007f84b49421f8:   00000000e23eb110 00000000e23eb0a8
0x00007f84b4942208:   00000000e23e2d00 00007f8400000000
0x00007f84b4942218:   00007f8441600000 00007f8441a00000
0x00007f84b4942228:   00000000e226fa00 00000000e23e2c98
0x00007f84b4942238:   00000000e23e2c98 00007f84b4942240
0x00007f84b4942248:   000000009f54c392 00007f84b49422b8
0x00007f84b4942258:   000000009f5dc8f0 0000000000000000
0x00007f84b4942268:   000000009f54c3f8 00007f84b4942210
0x00007f84b4942278:   00007f84b4942290 00007f84b4942300
0x00007f84b4942288:   00007f84ed006058 00007f8400000000 

Instructions: (pc=0x00007f84946f6500)
0x00007f84946f64e0:   01 00 9a ff e5 2a 03 b5 00 16 2a b4 00 1b b6 00
0x00007f84946f64f0:   5c b1 00 00 00 03 00 1d 04 00 00 00 00 08 00 00
0x00007f84946f6500:   00 38 00 0b 00 3a 00 20 61 00 00 00 00 00 00 00
0x00007f84946f6510:   78 00 00 94 84 7f 00 00 78 00 00 94 84 7f 00 00 

Register to memory mapping:

RAX=0x00007f84946f6500 is an unknown value
RBX=0x000000009f594810 is an oop
{method} 
 - klass: {other class}
RCX=0x0000000000000101 is an unknown value
RDX=0x00007f84946f6460 is an unknown value
RSP=0x00007f84b4942098 is pointing into the stack for thread: 0x00007f84f029e800
RBP=0x00007f84b49420f8 is pointing into the stack for thread: 0x00007f84f029e800
RSI=0x00007f84b4942128 is pointing into the stack for thread: 0x00007f84f029e800
RDI=0x00007f84946f6460 is an unknown value
R8 =0x0000000000000006 is an unknown value
R9 =0x00000000ffffffff is an unallocated location in the heap
R10=0x00007f84ed012cac is at code_begin+620 in an Interpreter codelet
method entry point (kind = native)  [0x00007f84ed012a40, 0x00007f84ed0132a0]  2144 bytes
R11=0x00007f84f8ab3260: <offset 0x8a7260> in /usr/lib/jvm/jdk1.7.0/jre/lib/amd64/server/libjvm.so at 0x00007f84f820c000
R12=0x0000000000000000 is an unknown value
R13=0x000000009f594810 is an oop
{method} 
 - klass: {other class}
R14=0x00007f84b4942128 is pointing into the stack for thread: 0x00007f84f029e800
R15=0x00007f84f029e800 is a thread


Stack: [0x00007f84b4843000,0x00007f84b4944000],  sp=0x00007f84b4942098,  free space=1020k
Native frames: (J=compiled Java code, j=interpreted, Vv=VM code, C=native code)
C  0x00007f84946f6500
j  com.badlogic.gdx.physics.box2d.Shape.dispose()V+5
j  com.platformer.domain.EnemySoldier.initPhysicsBody(Lcom/badlogic/gdx/physics/box2d/World;FFF)Lcom/badlogic/gdx/physics/box2d/Body;+212
j  com.platformer.domain.DynamicPhysicsEntity.<init>(Lcom/platformer/domain/GameWorld;Lcom/badlogic/gdx/physics/box2d/World;FFF)V+18
j  com.platformer.domain.MortalDynamicPhysicsEntity.<init>(Lcom/platformer/domain/GameWorld;Lcom/badlogic/gdx/physics/box2d/World;FFF)V+8
j  com.platformer.domain.EnemySoldier.<init>(Lcom/platformer/domain/GameWorld;Lcom/badlogic/gdx/physics/box2d/World;FFFLcom/platformer/domain/Soldier;)V+8
j  com.platformer.platformer.WorldLoader.loadEntities(Lcom/platformer/domain/GameWorld;)V+174
j  com.platformer.platformer.WorldLoader.createWorld(Ljava/lang/String;)Lcom/platformer/domain/GameWorld;+22
j  com.platformer.screens.GameScreen.<init>(Lcom/platformer/platformer/Platformer;)V+57
j  com.platformer.screens.MainMenuScreen.render(F)V+139
j  com.badlogic.gdx.Game.render()V+19
j  com.platformer.platformer.Platformer.render()V+1
j  com.badlogic.gdx.backends.lwjgl.LwjglApplication.mainLoop()V+642
j  com.badlogic.gdx.backends.lwjgl.LwjglApplication$1.run()V+27
v  ~StubRoutines::call_stub
V  [libjvm.so+0x5f8405]  JavaCalls::call_helper(JavaValue*, methodHandle*, JavaCallArguments*, Thread*)+0x365
V  [libjvm.so+0x5f6e68]  JavaCalls::call(JavaValue*, methodHandle, JavaCallArguments*, Thread*)+0x28
V  [libjvm.so+0x5f7137]  JavaCalls::call_virtual(JavaValue*, KlassHandle, Symbol*, Symbol*, JavaCallArguments*, Thread*)+0x197
V  [libjvm.so+0x5f7257]  JavaCalls::call_virtual(JavaValue*, Handle, KlassHandle, Symbol*, Symbol*, Thread*)+0x47
V  [libjvm.so+0x6729e5]  thread_entry(JavaThread*, Thread*)+0xe5
V  [libjvm.so+0x94cb2f]  JavaThread::thread_main_inner()+0xdf
V  [libjvm.so+0x94cc35]  JavaThread::run()+0xf5
V  [libjvm.so+0x814a58]  java_start(Thread*)+0x108

Java frames: (J=compiled Java code, j=interpreted, Vv=VM code)
j  com.badlogic.gdx.physics.box2d.Shape.jniDispose(J)V+0
j  com.badlogic.gdx.physics.box2d.Shape.dispose()V+5
j  com.platformer.domain.EnemySoldier.initPhysicsBody(Lcom/badlogic/gdx/physics/box2d/World;FFF)Lcom/badlogic/gdx/physics/box2d/Body;+212
j  com.platformer.domain.DynamicPhysicsEntity.<init>(Lcom/platformer/domain/GameWorld;Lcom/badlogic/gdx/physics/box2d/World;FFF)V+18
j  com.platformer.domain.MortalDynamicPhysicsEntity.<init>(Lcom/platformer/domain/GameWorld;Lcom/badlogic/gdx/physics/box2d/World;FFF)V+8
j  com.platformer.domain.EnemySoldier.<init>(Lcom/platformer/domain/GameWorld;Lcom/badlogic/gdx/physics/box2d/World;FFFLcom/platformer/domain/Soldier;)V+8
j  com.platformer.platformer.WorldLoader.loadEntities(Lcom/platformer/domain/GameWorld;)V+174
j  com.platformer.platformer.WorldLoader.createWorld(Ljava/lang/String;)Lcom/platformer/domain/GameWorld;+22
j  com.platformer.screens.GameScreen.<init>(Lcom/platformer/platformer/Platformer;)V+57
j  com.platformer.screens.MainMenuScreen.render(F)V+139
j  com.badlogic.gdx.Game.render()V+19
j  com.platformer.platformer.Platformer.render()V+1
j  com.badlogic.gdx.backends.lwjgl.LwjglApplication.mainLoop()V+642
j  com.badlogic.gdx.backends.lwjgl.LwjglApplication$1.run()V+27
v  ~StubRoutines::call_stub

---------------  P R O C E S S  ---------------

Java Threads: ( => current thread )
  0x00007f8494004000 JavaThread "process reaper" daemon [_thread_blocked, id=6041, stack(0x00007f84f4044000,0x00007f84f407d000)]
  0x00007f84f000a000 JavaThread "DestroyJavaVM" [_thread_blocked, id=6021, stack(0x00007f84f9b6a000,0x00007f84f9c6b000)]
=>0x00007f84f029e800 JavaThread "LWJGL Application" [_thread_in_native, id=6039, stack(0x00007f84b4843000,0x00007f84b4944000)]
  0x00007f84f01bb800 JavaThread "AWT-XAWT" daemon [_thread_in_native, id=6035, stack(0x00007f84e40f9000,0x00007f84e41fa000)]
  0x00007f84f0198800 JavaThread "Java2D Disposer" daemon [_thread_blocked, id=6034, stack(0x00007f84ec040000,0x00007f84ec141000)]
  0x00007f84f0096800 JavaThread "Service Thread" daemon [_thread_blocked, id=6032, stack(0x00007f84f418f000,0x00007f84f4290000)]
  0x00007f84f0094000 JavaThread "C2 CompilerThread1" daemon [_thread_blocked, id=6031, stack(0x00007f84f4290000,0x00007f84f4391000)]
  0x00007f84f0091000 JavaThread "C2 CompilerThread0" daemon [_thread_blocked, id=6030, stack(0x00007f84f4391000,0x00007f84f4492000)]
  0x00007f84f0086800 JavaThread "Signal Dispatcher" daemon [_thread_blocked, id=6029, stack(0x00007f84f4492000,0x00007f84f4593000)]
  0x00007f84f0070000 JavaThread "Finalizer" daemon [_thread_blocked, id=6028, stack(0x00007f84f4c76000,0x00007f84f4d77000)]
  0x00007f84f006c000 JavaThread "Reference Handler" daemon [_thread_blocked, id=6027, stack(0x00007f84f4d77000,0x00007f84f4e78000)]

Other Threads:
  0x00007f84f0069800 VMThread [stack: 0x00007f84f4e78000,0x00007f84f4f79000] [id=6026]
  0x00007f84f00a1000 WatcherThread [stack: 0x00007f84f408e000,0x00007f84f418f000] [id=6033]

VM state:not at safepoint (normal execution)

VM Mutex/Monitor currently owned by a thread: None

Heap
 PSYoungGen      total 28160K, used 15302K [0x00000000e1500000, 0x00000000e3400000, 0x0000000100000000)
  eden space 24576K, 62% used [0x00000000e1500000,0x00000000e23f1b78,0x00000000e2d00000)
  from space 3584K, 0% used [0x00000000e3080000,0x00000000e3080000,0x00000000e3400000)
  to   space 3584K, 0% used [0x00000000e2d00000,0x00000000e2d00000,0x00000000e3080000)
 ParOldGen       total 62464K, used 0K [0x00000000a4000000, 0x00000000a7d00000, 0x00000000e1500000)
  object space 62464K, 0% used [0x00000000a4000000,0x00000000a4000000,0x00000000a7d00000)
 PSPermGen       total 21504K, used 8212K [0x000000009ee00000, 0x00000000a0300000, 0x00000000a4000000)
  object space 21504K, 38% used [0x000000009ee00000,0x000000009f605310,0x00000000a0300000)

Card table byte_map: [0x00007f84f6b6e000,0x00007f84f6e78000] byte_map_base: 0x00007f84f6677000

Polling page: 0x00007f84f9c89000

Code Cache  [0x00007f84ed000000, 0x00007f84ed270000, 0x00007f84f0000000)
 total_blobs=557 nmethods=53 adapters=458 free_code_cache=48516Kb largest_free_block=49662912

Compilation events (10 events):
Event: 3.042 Thread 0x00007f84f0091000 nmethod 49 0x00007f84ed09a950 code [0x00007f84ed09aae0, 0x00007f84ed09ad68]
Event: 3.042 Thread 0x00007f84f0091000   50             com.badlogic.gdx.utils.IntMap::get (81 bytes)
Event: 3.044 Thread 0x00007f84f0091000 nmethod 50 0x00007f84ed09a390 code [0x00007f84ed09a500, 0x00007f84ed09a728]
Event: 3.044 Thread 0x00007f84f0094000 nmethod 45 0x00007f84ed0a0550 code [0x00007f84ed0a0740, 0x00007f84ed0a0e28]
Event: 3.070 Thread 0x00007f84f0091000   51             java.lang.String::startsWith (7 bytes)
Event: 3.073 Thread 0x00007f84f0091000 nmethod 51 0x00007f84ed0a1690 code [0x00007f84ed0a17e0, 0x00007f84ed0a1958]
Event: 3.084 Thread 0x00007f84f0094000   52 %           com.badlogic.gdx.math.MathUtils$Sin::<clinit> @ 10 (84 bytes)
Event: 3.087 Thread 0x00007f84f0094000 nmethod 52% 0x00007f84ed09c890 code [0x00007f84ed09ca80, 0x00007f84ed09cdf8]
Event: 3.107 Thread 0x00007f84f0091000   53             java.lang.AbstractStringBuilder::ensureCapacityInternal (16 bytes)
Event: 3.111 Thread 0x00007f84f0091000 nmethod 53 0x00007f84ed09d390 code [0x00007f84ed09d4e0, 0x00007f84ed09d758]

GC Heap History (0 events):
No events

Deoptimization events (2 events):
Event: 3.045 Thread 0x00007f84f029e800 Uncommon trap: reason=unreached action=reinterpret pc=0x00007f84ed095934 method=com.badlogic.gdx.utils.Array.iterator()Ljava/util/Iterator; @ 4
Event: 3.045 Thread 0x00007f84f029e800 Uncommon trap: reason=unreached action=reinterpret pc=0x00007f84ed098270 method=com.badlogic.gdx.utils.Array$ArrayIterable.iterator()Ljava/util/Iterator; @ 4

Internal exceptions (10 events):
Event: 3.098 Thread 0x00007f84f029e800 Threw 0x00000000e2370f40 at /HUDSON/workspace/jdk7u40-2-build-linux-amd64-product/jdk7u40/hotspot/src/share/vm/prims/jvm.cpp:1244
Event: 3.098 Thread 0x00007f84f029e800 Threw 0x00000000e23759e0 at /HUDSON/workspace/jdk7u40-2-build-linux-amd64-product/jdk7u40/hotspot/src/share/vm/prims/jvm.cpp:1244
Event: 3.101 Thread 0x00007f84f029e800 Threw 0x00000000e23a6a18 at /HUDSON/workspace/jdk7u40-2-build-linux-amd64-product/jdk7u40/hotspot/src/share/vm/prims/jvm.cpp:1244
Event: 3.101 Thread 0x00007f84f029e800 Threw 0x00000000e23ab708 at /HUDSON/workspace/jdk7u40-2-build-linux-amd64-product/jdk7u40/hotspot/src/share/vm/prims/jvm.cpp:1244
Event: 3.101 Thread 0x00007f84f029e800 Threw 0x00000000e23ae608 at /HUDSON/workspace/jdk7u40-2-build-linux-amd64-product/jdk7u40/hotspot/src/share/vm/prims/jvm.cpp:1244
Event: 3.102 Thread 0x00007f84f029e800 Threw 0x00000000e23b0b78 at /HUDSON/workspace/jdk7u40-2-build-linux-amd64-product/jdk7u40/hotspot/src/share/vm/prims/jvm.cpp:1244
Event: 3.105 Thread 0x00007f84f029e800 Threw 0x00000000e23cb600 at /HUDSON/workspace/jdk7u40-2-build-linux-amd64-product/jdk7u40/hotspot/src/share/vm/prims/jvm.cpp:1244
Event: 3.106 Thread 0x00007f84f029e800 Threw 0x00000000e23d7428 at /HUDSON/workspace/jdk7u40-2-build-linux-amd64-product/jdk7u40/hotspot/src/share/vm/prims/jvm.cpp:1244
Event: 3.107 Thread 0x00007f84f029e800 Threw 0x00000000e23dd258 at /HUDSON/workspace/jdk7u40-2-build-linux-amd64-product/jdk7u40/hotspot/src/share/vm/prims/jvm.cpp:1244
Event: 3.107 Thread 0x00007f84f029e800 Threw 0x00000000e23e0510 at /HUDSON/workspace/jdk7u40-2-build-linux-amd64-product/jdk7u40/hotspot/src/share/vm/prims/jvm.cpp:1244

Events (10 events):
Event: 3.102 loading class 0x00007f84945fcfd0
Event: 3.102 loading class 0x00007f84945fcfd0 done
Event: 3.105 loading class 0x00007f84946f1c10
Event: 3.105 loading class 0x00007f84946f1c10 done
Event: 3.106 loading class 0x00007f84946171c0
Event: 3.106 loading class 0x00007f84946171c0 done
Event: 3.107 loading class 0x00007f84946f48a0
Event: 3.107 loading class 0x00007f84946f48a0 done
Event: 3.107 loading class 0x00007f84945f94b0
Event: 3.107 loading class 0x00007f84945f94b0 done


Dynamic libraries:
00400000-00401000 r-xp 00000000 08:05 1841065                            /usr/lib/jvm/jdk1.7.0/bin/java
00600000-00601000 rw-p 00000000 08:05 1841065                            /usr/lib/jvm/jdk1.7.0/bin/java
00bab000-00bcc000 rw-p 00000000 00:00 0                                  [heap]
9ee00000-a0300000 rw-p 00000000 00:00 0 
a0300000-a4000000 rw-p 00000000 00:00 0 
a4000000-a7d00000 rw-p 00000000 00:00 0 
a7d00000-e1500000 rw-p 00000000 00:00 0 
e1500000-e3400000 rw-p 00000000 00:00 0 
e3400000-100000000 rw-p 00000000 00:00 0 
7f8494000000-7f8494a70000 rw-p 00000000 00:00 0 
7f8494a70000-7f8498000000 ---p 00000000 00:00 0 
7f8498000000-7f8498021000 rw-p 00000000 00:00 0 
7f8498021000-7f849c000000 ---p 00000000 00:00 0 
7f849c000000-7f849c021000 rw-p 00000000 00:00 0 
7f849c021000-7f84a0000000 ---p 00000000 00:00 0 
7f84a00b7000-7f84a02f8000 rw-p 00000000 00:00 0 
7f84a02f8000-7f84a12f8000 rw-s 3339a000 00:05 12481                      /dev/ati/card0
7f84a12f8000-7f84a13f9000 rw-s 33398000 00:05 12481                      /dev/ati/card0
7f84a13f9000-7f84a1af9000 rw-s 00006000 00:05 12481                      /dev/ati/card0
7f84a1af9000-7f84a1b46000 rw-p 00000000 00:00 0 
7f84a1b84000-7f84a1bc4000 rw-s 0001c000 00:05 12481                      /dev/ati/card0
7f84a1bc4000-7f84a3c31000 r-xp 00000000 08:05 398040                     /usr/lib/fglrx/dri/fglrx_dri.so
7f84a3c31000-7f84a3d31000 ---p 0206d000 08:05 398040                     /usr/lib/fglrx/dri/fglrx_dri.so
7f84a3d31000-7f84a3ecf000 rwxp 0206d000 08:05 398040                     /usr/lib/fglrx/dri/fglrx_dri.so
7f84a3ecf000-7f84a3fff000 rwxp 00000000 00:00 0 
7f84a3fff000-7f84a8000000 rw-s 00000000 00:12 41234                      /run/shm/pulse-shm-3386854082
7f84a8000000-7f84a8021000 rw-p 00000000 00:00 0 
7f84a8021000-7f84ac000000 ---p 00000000 00:00 0 
7f84ac000000-7f84ac021000 rw-p 00000000 00:00 0 
7f84ac021000-7f84b0000000 ---p 00000000 00:00 0 
7f84b0000000-7f84b0021000 rw-p 00000000 00:00 0 
7f84b0021000-7f84b4000000 ---p 00000000 00:00 0 
7f84b4010000-7f84b4190000 rw-p 00000000 00:00 0 
7f84b4190000-7f84b4192000 r-xp 00000000 08:05 269796                     /usr/lib/x86_64-linux-gnu/libXinerama.so.1.0.0
7f84b4192000-7f84b4391000 ---p 00002000 08:05 269796                     /usr/lib/x86_64-linux-gnu/libXinerama.so.1.0.0
7f84b4391000-7f84b4392000 r--p 00001000 08:05 269796                     /usr/lib/x86_64-linux-gnu/libXinerama.so.1.0.0
7f84b4392000-7f84b4393000 rw-p 00002000 08:05 269796                     /usr/lib/x86_64-linux-gnu/libXinerama.so.1.0.0
7f84b4393000-7f84b4433000 r-xp 00000000 08:05 396958                     /usr/lib/fglrx/libatiadlxx.so
7f84b4433000-7f84b4533000 ---p 000a0000 08:05 396958                     /usr/lib/fglrx/libatiadlxx.so
7f84b4533000-7f84b4536000 rw-p 000a0000 08:05 396958                     /usr/lib/fglrx/libatiadlxx.so
7f84b4536000-7f84b4546000 rw-p 00000000 00:00 0 
7f84b4546000-7f84b4555000 r-xp 00000000 08:05 398240                     /usr/lib/fglrx/libatiuki.so.1.0
7f84b4555000-7f84b4655000 ---p 0000f000 08:05 398240                     /usr/lib/fglrx/libatiuki.so.1.0
7f84b4655000-7f84b4662000 rw-p 0000f000 08:05 398240                     /usr/lib/fglrx/libatiuki.so.1.0
7f84b4662000-7f84b4663000 rw-p 00000000 00:00 0 
7f84b4663000-7f84b46fe000 r-xp 00000000 08:05 398247                     /usr/lib/fglrx/libGL.so.1.2
7f84b46fe000-7f84b47fd000 ---p 0009b000 08:05 398247                     /usr/lib/fglrx/libGL.so.1.2
7f84b47fd000-7f84b4826000 rwxp 0009a000 08:05 398247                     /usr/lib/fglrx/libGL.so.1.2
7f84b4826000-7f84b4843000 rwxp 00000000 00:00 0 
7f84b4843000-7f84b4846000 ---p 00000000 00:00 0 
7f84b4846000-7f84b4944000 rw-p 00000000 00:00 0                          [stack:6039]
7f84b4944000-7f84b4945000 ---p 00000000 00:00 0 
7f84b4945000-7f84b4a45000 rw-p 00000000 00:00 0                          [stack:6038]
7f84b4a45000-7f84b4a46000 ---p 00000000 00:00 0 
7f84b4a46000-7f84b5246000 rw-p 00000000 00:00 0                          [stack:6037]
7f84b5246000-7f84b525e000 r-xp 00000000 08:05 1308388                    /lib/x86_64-linux-gnu/libresolv-2.15.so
7f84b525e000-7f84b545e000 ---p 00018000 08:05 1308388                    /lib/x86_64-linux-gnu/libresolv-2.15.so
7f84b545e000-7f84b545f000 r--p 00018000 08:05 1308388                    /lib/x86_64-linux-gnu/libresolv-2.15.so
7f84b545f000-7f84b5460000 rw-p 00019000 08:05 1308388                    /lib/x86_64-linux-gnu/libresolv-2.15.so
7f84b5460000-7f84b5462000 rw-p 00000000 00:00 0 
7f84b5462000-7f84b5468000 r-xp 00000000 08:05 270201                     /usr/lib/x86_64-linux-gnu/libogg.so.0.7.1
7f84b5468000-7f84b5667000 ---p 00006000 08:05 270201                     /usr/lib/x86_64-linux-gnu/libogg.so.0.7.1
7f84b5667000-7f84b5668000 r--p 00005000 08:05 270201                     /usr/lib/x86_64-linux-gnu/libogg.so.0.7.1
7f84b5668000-7f84b5669000 rw-p 00006000 08:05 270201                     /usr/lib/x86_64-linux-gnu/libogg.so.0.7.1
7f84b5669000-7f84b5694000 r-xp 00000000 08:05 270351                     /usr/lib/x86_64-linux-gnu/libvorbis.so.0.4.5
7f84b5694000-7f84b5893000 ---p 0002b000 08:05 270351                     /usr/lib/x86_64-linux-gnu/libvorbis.so.0.4.5
7f84b5893000-7f84b5894000 r--p 0002a000 08:05 270351                     /usr/lib/x86_64-linux-gnu/libvorbis.so.0.4.5
7f84b5894000-7f84b5895000 rw-p 0002b000 08:05 270351                     /usr/lib/x86_64-linux-gnu/libvorbis.so.0.4.5
7f84b5895000-7f84b5b48000 r-xp 00000000 08:05 270353                     /usr/lib/x86_64-linux-gnu/libvorbisenc.so.2.0.8
7f84b5b48000-7f84b5d47000 ---p 002b3000 08:05 270353                     /usr/lib/x86_64-linux-gnu/libvorbisenc.so.2.0.8
7f84b5d47000-7f84b5d63000 r--p 002b2000 08:05 270353                     /usr/lib/x86_64-linux-gnu/libvorbisenc.so.2.0.8
7f84b5d63000-7f84b5d64000 rw-p 002ce000 08:05 270353                     /usr/lib/x86_64-linux-gnu/libvorbisenc.so.2.0.8
7f84b5d64000-7f84b5dac000 r-xp 00000000 08:05 269720                     /usr/lib/x86_64-linux-gnu/libFLAC.so.8.2.0
7f84b5dac000-7f84b5fac000 ---p 00048000 08:05 269720                     /usr/lib/x86_64-linux-gnu/libFLAC.so.8.2.0
7f84b5fac000-7f84b5fad000 r--p 00048000 08:05 269720                     /usr/lib/x86_64-linux-gnu/libFLAC.so.8.2.0
7f84b5fad000-7f84b5fae000 rw-p 00049000 08:05 269720                     /usr/lib/x86_64-linux-gnu/libFLAC.so.8.2.0
7f84b5fae000-7f84b5fb3000 r-xp 00000000 08:05 269836                     /usr/lib/x86_64-linux-gnu/libasyncns.so.0.3.1
7f84b5fb3000-7f84b61b2000 ---p 00005000 08:05 269836                     /usr/lib/x86_64-linux-gnu/libasyncns.so.0.3.1
7f84b61b2000-7f84b61b3000 r--p 00004000 08:05 269836                     /usr/lib/x86_64-linux-gnu/libasyncns.so.0.3.1
7f84b61b3000-7f84b61b4000 rw-p 00005000 08:05 269836                     /usr/lib/x86_64-linux-gnu/libasyncns.so.0.3.1
7f84b61b4000-7f84b6214000 r-xp 00000000 08:05 270296                     /usr/lib/x86_64-linux-gnu/libsndfile.so.1.0.25
7f84b6214000-7f84b6414000 ---p 00060000 08:05 270296                     /usr/lib/x86_64-linux-gnu/libsndfile.so.1.0.25
7f84b6414000-7f84b6416000 r--p 00060000 08:05 270296                     /usr/lib/x86_64-linux-gnu/libsndfile.so.1.0.25
7f84b6416000-7f84b6417000 rw-p 00062000 08:05 270296                     /usr/lib/x86_64-linux-gnu/libsndfile.so.1.0.25
7f84b6417000-7f84b641b000 rw-p 00000000 00:00 0 
7f84b641b000-7f84b6423000 r-xp 00000000 08:05 1312224                    /lib/x86_64-linux-gnu/libwrap.so.0.7.6
7f84b6423000-7f84b6622000 ---p 00008000 08:05 1312224                    /lib/x86_64-linux-gnu/libwrap.so.0.7.6
7f84b6622000-7f84b6623000 r--p 00007000 08:05 1312224                    /lib/x86_64-linux-gnu/libwrap.so.0.7.6
7f84b6623000-7f84b6624000 rw-p 00008000 08:05 1312224                    /lib/x86_64-linux-gnu/libwrap.so.0.7.6
7f84b6624000-7f84b6666000 r-xp 00000000 08:05 1312127                    /lib/x86_64-linux-gnu/libdbus-1.so.3.5.8
7f84b6666000-7f84b6866000 ---p 00042000 08:05 1312127                    /lib/x86_64-linux-gnu/libdbus-1.so.3.5.8
7f84b6866000-7f84b6867000 r--p 00042000 08:05 1312127                    /lib/x86_64-linux-gnu/libdbus-1.so.3.5.8
7f84b6867000-7f84b6868000 rw-p 00043000 08:05 1312127                    /lib/x86_64-linux-gnu/libdbus-1.so.3.5.8
7f84b6868000-7f84b68c4000 r-xp 00000000 08:05 270403                     /usr/lib/x86_64-linux-gnu/libpulsecommon-1.1.so
7f84b68c4000-7f84b6ac4000 ---p 0005c000 08:05 270403                     /usr/lib/x86_64-linux-gnu/libpulsecommon-1.1.so
7f84b6ac4000-7f84b6ac5000 r--p 0005c000 08:05 270403                     /usr/lib/x86_64-linux-gnu/libpulsecommon-1.1.so
7f84b6ac5000-7f84b6ac6000 rw-p 0005d000 08:05 270403                     /usr/lib/x86_64-linux-gnu/libpulsecommon-1.1.so
7f84b6ac6000-7f84b6acd000 r-xp 00000000 08:05 270135                     /usr/lib/x86_64-linux-gnu/libjson.so.0.0.1
7f84b6acd000-7f84b6ccc000 ---p 00007000 08:05 270135                     /usr/lib/x86_64-linux-gnu/libjson.so.0.0.1
7f84b6ccc000-7f84b6ccd000 r--p 00006000 08:05 270135                     /usr/lib/x86_64-linux-gnu/libjson.so.0.0.1
7f84b6ccd000-7f84b6cce000 rw-p 00007000 08:05 270135                     /usr/lib/x86_64-linux-gnu/libjson.so.0.0.1
7f84b6cce000-7f84b6d14000 r-xp 00000000 08:05 270401                     /usr/lib/x86_64-linux-gnu/libpulse.so.0.13.5
7f84b6d14000-7f84b6f14000 ---p 00046000 08:05 270401                     /usr/lib/x86_64-linux-gnu/libpulse.so.0.13.5
7f84b6f14000-7f84b6f15000 r--p 00046000 08:05 270401                     /usr/lib/x86_64-linux-gnu/libpulse.so.0.13.5
7f84b6f15000-7f84b6f16000 rw-p 00047000 08:05 270401                     /usr/lib/x86_64-linux-gnu/libpulse.so.0.13.5
7f84b6f16000-7f84b6f6b000 r-xp 00000000 08:05 942359                     /tmp/libgdxjeppe/d13da6b9/libopenal64.so
7f84b6f6b000-7f84b716a000 ---p 00055000 08:05 942359                     /tmp/libgdxjeppe/d13da6b9/libopenal64.so
7f84b716a000-7f84b716d000 r--p 00054000 08:05 942359                     /tmp/libgdxjeppe/d13da6b9/libopenal64.so
7f84b716d000-7f84b716e000 rw-p 00057000 08:05 942359                     /tmp/libgdxjeppe/d13da6b9/libopenal64.so
7f84b716e000-7f84b716f000 rw-p 00000000 00:00 0 
7f84b716f000-7f84b7173000 r-xp 00000000 08:05 269818                     /usr/lib/x86_64-linux-gnu/libXxf86vm.so.1.0.0
7f84b7173000-7f84b7372000 ---p 00004000 08:05 269818                     /usr/lib/x86_64-linux-gnu/libXxf86vm.so.1.0.0
7f84b7372000-7f84b7373000 r--p 00003000 08:05 269818                     /usr/lib/x86_64-linux-gnu/libXxf86vm.so.1.0.0
7f84b7373000-7f84b7374000 rw-p 00004000 08:05 269818                     /usr/lib/x86_64-linux-gnu/libXxf86vm.so.1.0.0
7f84b7374000-7f84b737b000 r-xp 00000000 08:05 269806                     /usr/lib/x86_64-linux-gnu/libXrandr.so.2.2.0
7f84b737b000-7f84b757a000 ---p 00007000 08:05 269806                     /usr/lib/x86_64-linux-gnu/libXrandr.so.2.2.0
7f84b757a000-7f84b757b000 r--p 00006000 08:05 269806                     /usr/lib/x86_64-linux-gnu/libXrandr.so.2.2.0
7f84b757b000-7f84b757c000 rw-p 00007000 08:05 269806                     /usr/lib/x86_64-linux-gnu/libXrandr.so.2.2.0
7f84b757c000-7f84b75e6000 r-xp 00000000 08:05 942346                     /tmp/libgdxjeppe/d13da6b9/liblwjgl64.so
7f84b75e6000-7f84b77e6000 ---p 0006a000 08:05 942346                     /tmp/libgdxjeppe/d13da6b9/liblwjgl64.so
7f84b77e6000-7f84b77e8000 r--p 0006a000 08:05 942346                     /tmp/libgdxjeppe/d13da6b9/liblwjgl64.so
7f84b77e8000-7f84b77e9000 rw-p 0006c000 08:05 942346                     /tmp/libgdxjeppe/d13da6b9/liblwjgl64.so
7f84b77e9000-7f84b77ea000 r-xp 00000000 08:05 1841746                    /usr/lib/jvm/jdk1.7.0/jre/lib/amd64/libjawt.so
7f84b77ea000-7f84b79e9000 ---p 00001000 08:05 1841746                    /usr/lib/jvm/jdk1.7.0/jre/lib/amd64/libjawt.so
7f84b79e9000-7f84b79ea000 rw-p 00000000 08:05 1841746                    /usr/lib/jvm/jdk1.7.0/jre/lib/amd64/libjawt.so
7f84b79ea000-7f84b79ef000 r-xp 00000000 08:05 269275                     /usr/lib/x86_64-linux-gnu/libXfixes.so.3.1.0
7f84b79ef000-7f84b7bee000 ---p 00005000 08:05 269275                     /usr/lib/x86_64-linux-gnu/libXfixes.so.3.1.0
7f84b7bee000-7f84b7bef000 r--p 00004000 08:05 269275                     /usr/lib/x86_64-linux-gnu/libXfixes.so.3.1.0
7f84b7bef000-7f84b7bf0000 rw-p 00005000 08:05 269275                     /usr/lib/x86_64-linux-gnu/libXfixes.so.3.1.0
7f84b7bf0000-7f84b7bf9000 r-xp 00000000 08:05 269782                     /usr/lib/x86_64-linux-gnu/libXcursor.so.1.0.2
7f84b7bf9000-7f84b7df8000 ---p 00009000 08:05 269782                     /usr/lib/x86_64-linux-gnu/libXcursor.so.1.0.2
7f84b7df8000-7f84b7df9000 r--p 00008000 08:05 269782                     /usr/lib/x86_64-linux-gnu/libXcursor.so.1.0.2
7f84b7df9000-7f84b7dfa000 rw-p 00009000 08:05 269782                     /usr/lib/x86_64-linux-gnu/libXcursor.so.1.0.2
7f84b7dfa000-7f84b7dff000 r-xp 00000000 08:05 269786                     /usr/lib/x86_64-linux-gnu/libXdmcp.so.6.0.0
7f84b7dff000-7f84b7ffe000 ---p 00005000 08:05 269786                     /usr/lib/x86_64-linux-gnu/libXdmcp.so.6.0.0
7f84b7ffe000-7f84b7fff000 r--p 00004000 08:05 269786                     /usr/lib/x86_64-linux-gnu/libXdmcp.so.6.0.0
7f84b7fff000-7f84b8000000 rw-p 00005000 08:05 269786                     /usr/lib/x86_64-linux-gnu/libXdmcp.so.6.0.0
7f84b8000000-7f84b8021000 rw-p 00000000 00:00 0 
7f84b8021000-7f84bc000000 ---p 00000000 00:00 0 
7f84bc000000-7f84bc021000 rw-p 00000000 00:00 0 
7f84bc021000-7f84c0000000 ---p 00000000 00:00 0 
7f84c0000000-7f84c01e0000 rw-p 00000000 00:00 0 
7f84c01e0000-7f84c4000000 ---p 00000000 00:00 0 
7f84c4000000-7f84c41a1000 rw-p 00000000 00:00 0 
7f84c41a1000-7f84c8000000 ---p 00000000 00:00 0 
7f84c8000000-7f84c8021000 rw-p 00000000 00:00 0 
7f84c8021000-7f84cc000000 ---p 00000000 00:00 0 
7f84cc000000-7f84cc021000 rw-p 00000000 00:00 0 
7f84cc021000-7f84d0000000 ---p 00000000 00:00 0 
7f84d0000000-7f84d0021000 rw-p 00000000 00:00 0 
7f84d0021000-7f84d4000000 ---p 00000000 00:00 0 
7f84d4000000-7f84d4021000 rw-p 00000000 00:00 0 
7f84d4021000-7f84d8000000 ---p 00000000 00:00 0 
7f84d8000000-7f84d8021000 rw-p 00000000 00:00 0 
7f84d8021000-7f84dc000000 ---p 00000000 00:00 0 
7f84dc000000-7f84dc021000 rw-p 00000000 00:00 0 
7f84dc021000-7f84e0000000 ---p 00000000 00:00 0 
7f84e0000000-7f84e0021000 rw-p 00000000 00:00 0 
7f84e0021000-7f84e4000000 ---p 00000000 00:00 0 
7f84e4039000-7f84e40f9000 rw-p 00000000 00:00 0 
7f84e40f9000-7f84e40fc000 ---p 00000000 00:00 0 
7f84e40fc000-7f84e41fa000 rw-p 00000000 00:00 0                          [stack:6035]
7f84e41fa000-7f84e41fc000 r-xp 00000000 08:05 269775                     /usr/lib/x86_64-linux-gnu/libXau.so.6.0.0
7f84e41fc000-7f84e43fb000 ---p 00002000 08:05 269775                     /usr/lib/x86_64-linux-gnu/libXau.so.6.0.0
7f84e43fb000-7f84e43fc000 r--p 00001000 08:05 269775                     /usr/lib/x86_64-linux-gnu/libXau.so.6.0.0
7f84e43fc000-7f84e43fd000 rw-p 00002000 08:05 269775                     /usr/lib/x86_64-linux-gnu/libXau.so.6.0.0
7f84e43fd000-7f84e441a000 r-xp 00000000 08:05 270382                     /usr/lib/x86_64-linux-gnu/libxcb.so.1.1.0
7f84e441a000-7f84e4619000 ---p 0001d000 08:05 270382                     /usr/lib/x86_64-linux-gnu/libxcb.so.1.1.0
7f84e4619000-7f84e461a000 r--p 0001c000 08:05 270382                     /usr/lib/x86_64-linux-gnu/libxcb.so.1.1.0
7f84e461a000-7f84e461b000 rw-p 0001d000 08:05 270382                     /usr/lib/x86_64-linux-gnu/libxcb.so.1.1.0
7f84e461b000-7f84e462a000 r-xp 00000000 08:05 275292                     /usr/lib/x86_64-linux-gnu/libXi.so.6.1.0
7f84e462a000-7f84e4829000 ---p 0000f000 08:05 275292                     /usr/lib/x86_64-linux-gnu/libXi.so.6.1.0
7f84e4829000-7f84e482a000 r--p 0000e000 08:05 275292                     /usr/lib/x86_64-linux-gnu/libXi.so.6.1.0
7f84e482a000-7f84e482b000 rw-p 0000f000 08:05 275292                     /usr/lib/x86_64-linux-gnu/libXi.so.6.1.0
7f84e482b000-7f84e4830000 r-xp 00000000 08:05 269814                     /usr/lib/x86_64-linux-gnu/libXtst.so.6.1.0
7f84e4830000-7f84e4a2f000 ---p 00005000 08:05 269814                     /usr/lib/x86_64-linux-gnu/libXtst.so.6.1.0
7f84e4a2f000-7f84e4a30000 r--p 00004000 08:05 269814                     /usr/lib/x86_64-linux-gnu/libXtst.so.6.1.0
7f84e4a30000-7f84e4a31000 rw-p 00005000 08:05 269814                     /usr/lib/x86_64-linux-gnu/libXtst.so.6.1.0
7f84e4a31000-7f84e4a3a000 r-xp 00000000 08:05 269810                     /usr/lib/x86_64-linux-gnu/libXrender.so.1.3.0
7f84e4a3a000-7f84e4c39000 ---p 00009000 08:05 269810                     /usr/lib/x86_64-linux-gnu/libXrender.so.1.3.0
7f84e4c39000-7f84e4c3a000 r--p 00008000 08:05 269810                     /usr/lib/x86_64-linux-gnu/libXrender.so.1.3.0
7f84e4c3a000-7f84e4c3b000 rw-p 00009000 08:05 269810                     /usr/lib/x86_64-linux-gnu/libXrender.so.1.3.0
7f84e4c3b000-7f84e4d6b000 r-xp 00000000 08:05 275240                     /usr/lib/x86_64-linux-gnu/libX11.so.6.3.0
7f84e4d6b000-7f84e4f6b000 ---p 00130000 08:05 275240                     /usr/lib/x86_64-linux-gnu/libX11.so.6.3.0
7f84e4f6b000-7f84e4f6c000 r--p 00130000 08:05 275240                     /usr/lib/x86_64-linux-gnu/libX11.so.6.3.0
7f84e4f6c000-7f84e4f70000 rw-p 00131000 08:05 275240                     /usr/lib/x86_64-linux-gnu/libX11.so.6.3.0
7f84e4f70000-7f84e8000000 rw-p 00000000 00:00 0 
7f84e8000000-7f84e8021000 rw-p 00000000 00:00 0 
7f84e8021000-7f84ec000000 ---p 00000000 00:00 0 
7f84ec000000-7f84ec040000 rw-p 00000000 00:00 0 
7f84ec040000-7f84ec043000 ---p 00000000 00:00 0 
7f84ec043000-7f84ec141000 rw-p 00000000 00:00 0                          [stack:6034]
7f84ec141000-7f84ec151000 r-xp 00000000 08:05 269788                     /usr/lib/x86_64-linux-gnu/libXext.so.6.4.0
7f84ec151000-7f84ec350000 ---p 00010000 08:05 269788                     /usr/lib/x86_64-linux-gnu/libXext.so.6.4.0
7f84ec350000-7f84ec351000 r--p 0000f000 08:05 269788                     /usr/lib/x86_64-linux-gnu/libXext.so.6.4.0
7f84ec351000-7f84ec352000 rw-p 00010000 08:05 269788                     /usr/lib/x86_64-linux-gnu/libXext.so.6.4.0
7f84ec352000-7f84ec3a2000 r-xp 00000000 08:05 1841751                    /usr/lib/jvm/jdk1.7.0/jre/lib/amd64/xawt/libmawt.so
7f84ec3a2000-7f84ec5a2000 ---p 00050000 08:05 1841751                    /usr/lib/jvm/jdk1.7.0/jre/lib/amd64/xawt/libmawt.so
7f84ec5a2000-7f84ec5a6000 rw-p 00050000 08:05 1841751                    /usr/lib/jvm/jdk1.7.0/jre/lib/amd64/xawt/libmawt.so
7f84ec5a6000-7f84ec5a7000 rw-p 00000000 00:00 0 
7f84ec5a7000-7f84ec64a000 r-xp 00000000 08:05 1841731                    /usr/lib/jvm/jdk1.7.0/jre/lib/amd64/libawt.so
7f84ec64a000-7f84ec84a000 ---p 000a3000 08:05 1841731                    /usr/lib/jvm/jdk1.7.0/jre/lib/amd64/libawt.so
7f84ec84a000-7f84ec856000 rw-p 000a3000 08:05 1841731                    /usr/lib/jvm/jdk1.7.0/jre/lib/amd64/libawt.so
7f84ec856000-7f84ec87a000 rw-p 00000000 00:00 0 
7f84ec87a000-7f84ec88f000 r-xp 00000000 08:05 1312136                    /lib/x86_64-linux-gnu/libgcc_s.so.1
7f84ec88f000-7f84eca8e000 ---p 00015000 08:05 1312136                    /lib/x86_64-linux-gnu/libgcc_s.so.1
7f84eca8e000-7f84eca8f000 r--p 00014000 08:05 1312136                    /lib/x86_64-linux-gnu/libgcc_s.so.1
7f84eca8f000-7f84eca90000 rw-p 00015000 08:05 1312136                    /lib/x86_64-linux-gnu/libgcc_s.so.1
7f84eca90000-7f84ecb72000 r-xp 00000000 08:05 270318                     /usr/lib/x86_64-linux-gnu/libstdc++.so.6.0.16
7f84ecb72000-7f84ecd71000 ---p 000e2000 08:05 270318                     /usr/lib/x86_64-linux-gnu/libstdc++.so.6.0.16
7f84ecd71000-7f84ecd79000 r--p 000e1000 08:05 270318                     /usr/lib/x86_64-linux-gnu/libstdc++.so.6.0.16
7f84ecd79000-7f84ecd7b000 rw-p 000e9000 08:05 270318                     /usr/lib/x86_64-linux-gnu/libstdc++.so.6.0.16
7f84ecd7b000-7f84ecd90000 rw-p 00000000 00:00 0 
7f84ecd90000-7f84ecdfc000 r-xp 00000000 08:05 942074                     /tmp/libgdxjeppe/83c3ff60/libgdx64.so
7f84ecdfc000-7f84ecffc000 ---p 0006c000 08:05 942074                     /tmp/libgdxjeppe/83c3ff60/libgdx64.so
7f84ecffc000-7f84ecffe000 r--p 0006c000 08:05 942074                     /tmp/libgdxjeppe/83c3ff60/libgdx64.so
7f84ecffe000-7f84ecfff000 rw-p 0006e000 08:05 942074                     /tmp/libgdxjeppe/83c3ff60/libgdx64.so
7f84ecfff000-7f84ed000000 rw-p 00000000 00:00 0 
7f84ed000000-7f84ed270000 rwxp 00000000 00:00 0 
7f84ed270000-7f84f02b4000 rw-p 00000000 00:00 0 
7f84f02b4000-7f84f4000000 ---p 00000000 00:00 0 
7f84f4024000-7f84f4044000 rw-s 00004000 00:05 12481                      /dev/ati/card0
7f84f4044000-7f84f4047000 ---p 00000000 00:00 0 
7f84f4047000-7f84f407d000 rw-p 00000000 00:00 0                          [stack:6041]
7f84f407d000-7f84f408e000 r--s 00127000 08:05 2149093                    /home/jeppe/code/Platformer/Platformer-desktop/libs/gdx-backend-lwjgl.jar
7f84f408e000-7f84f408f000 ---p 00000000 00:00 0 
7f84f408f000-7f84f418f000 rw-p 00000000 00:00 0                          [stack:6033]
7f84f418f000-7f84f4192000 ---p 00000000 00:00 0 
7f84f4192000-7f84f4290000 rw-p 00000000 00:00 0                          [stack:6032]
7f84f4290000-7f84f4293000 ---p 00000000 00:00 0 
7f84f4293000-7f84f4391000 rw-p 00000000 00:00 0                          [stack:6031]
7f84f4391000-7f84f4394000 ---p 00000000 00:00 0 
7f84f4394000-7f84f4492000 rw-p 00000000 00:00 0                          [stack:6030]
7f84f4492000-7f84f4495000 ---p 00000000 00:00 0 
7f84f4495000-7f84f4593000 rw-p 00000000 00:00 0                          [stack:6029]
7f84f4593000-7f84f4c76000 r--p 00000000 08:05 268683                     /usr/lib/locale/locale-archive
7f84f4c76000-7f84f4c79000 ---p 00000000 00:00 0 
7f84f4c79000-7f84f4d77000 rw-p 00000000 00:00 0                          [stack:6028]
7f84f4d77000-7f84f4d7a000 ---p 00000000 00:00 0 
7f84f4d7a000-7f84f4e78000 rw-p 00000000 00:00 0                          [stack:6027]
7f84f4e78000-7f84f4e79000 ---p 00000000 00:00 0 
7f84f4e79000-7f84f5f78000 rw-p 00000000 00:00 0                          [stack:6026]
7f84f5f78000-7f84f6135000 r--s 039d3000 08:05 1841896                    /usr/lib/jvm/jdk1.7.0/jre/lib/rt.jar
7f84f6135000-7f84f6556000 rw-p 00000000 00:00 0 
7f84f6556000-7f84f6557000 ---p 00000000 00:00 0 
7f84f6557000-7f84f6657000 rw-p 00000000 00:00 0                          [stack:6025]
7f84f6657000-7f84f6658000 ---p 00000000 00:00 0 
7f84f6658000-7f84f6758000 rw-p 00000000 00:00 0                          [stack:6024]
7f84f6758000-7f84f6759000 ---p 00000000 00:00 0 
7f84f6759000-7f84f6859000 rw-p 00000000 00:00 0                          [stack:6023]
7f84f6859000-7f84f685a000 ---p 00000000 00:00 0 
7f84f685a000-7f84f6965000 rw-p 00000000 00:00 0                          [stack:6022]
7f84f6965000-7f84f6983000 rw-p 00000000 00:00 0 
7f84f6983000-7f84f69a2000 rw-p 00000000 00:00 0 
7f84f69a2000-7f84f6b6e000 rw-p 00000000 00:00 0 
7f84f6b6e000-7f84f6b79000 rw-p 00000000 00:00 0 
7f84f6b79000-7f84f6b97000 rw-p 00000000 00:00 0 
7f84f6b97000-7f84f6bb6000 rw-p 00000000 00:00 0 
7f84f6bb6000-7f84f6d81000 rw-p 00000000 00:00 0 
7f84f6d81000-7f84f6d91000 rw-p 00000000 00:00 0 
7f84f6d91000-7f84f6e77000 rw-p 00000000 00:00 0 
7f84f6e77000-7f84f6e78000 rw-p 00000000 00:00 0 
7f84f6e78000-7f84f6e92000 r-xp 00000000 08:05 1841781                    /usr/lib/jvm/jdk1.7.0/jre/lib/amd64/libzip.so
7f84f6e92000-7f84f7092000 ---p 0001a000 08:05 1841781                    /usr/lib/jvm/jdk1.7.0/jre/lib/amd64/libzip.so
7f84f7092000-7f84f7093000 rw-p 0001a000 08:05 1841781                    /usr/lib/jvm/jdk1.7.0/jre/lib/amd64/libzip.so
7f84f7093000-7f84f709f000 r-xp 00000000 08:05 1308387                    /lib/x86_64-linux-gnu/libnss_files-2.15.so
7f84f709f000-7f84f729e000 ---p 0000c000 08:05 1308387                    /lib/x86_64-linux-gnu/libnss_files-2.15.so
7f84f729e000-7f84f729f000 r--p 0000b000 08:05 1308387                    /lib/x86_64-linux-gnu/libnss_files-2.15.so
7f84f729f000-7f84f72a0000 rw-p 0000c000 08:05 1308387                    /lib/x86_64-linux-gnu/libnss_files-2.15.so
7f84f72a0000-7f84f72aa000 r-xp 00000000 08:05 1308391                    /lib/x86_64-linux-gnu/libnss_nis-2.15.so
7f84f72aa000-7f84f74aa000 ---p 0000a000 08:05 1308391                    /lib/x86_64-linux-gnu/libnss_nis-2.15.so
7f84f74aa000-7f84f74ab000 r--p 0000a000 08:05 1308391                    /lib/x86_64-linux-gnu/libnss_nis-2.15.so
7f84f74ab000-7f84f74ac000 rw-p 0000b000 08:05 1308391                    /lib/x86_64-linux-gnu/libnss_nis-2.15.so
7f84f74ac000-7f84f74c3000 r-xp 00000000 08:05 1308403                    /lib/x86_64-linux-gnu/libnsl-2.15.so
7f84f74c3000-7f84f76c2000 ---p 00017000 08:05 1308403                    /lib/x86_64-linux-gnu/libnsl-2.15.so
7f84f76c2000-7f84f76c3000 r--p 00016000 08:05 1308403                    /lib/x86_64-linux-gnu/libnsl-2.15.so
7f84f76c3000-7f84f76c4000 rw-p 00017000 08:05 1308403                    /lib/x86_64-linux-gnu/libnsl-2.15.so
7f84f76c4000-7f84f76c6000 rw-p 00000000 00:00 0 
7f84f76c6000-7f84f76ce000 r-xp 00000000 08:05 1308385                    /lib/x86_64-linux-gnu/libnss_compat-2.15.so
7f84f76ce000-7f84f78cd000 ---p 00008000 08:05 1308385                    /lib/x86_64-linux-gnu/libnss_compat-2.15.so
7f84f78cd000-7f84f78ce000 r--p 00007000 08:05 1308385                    /lib/x86_64-linux-gnu/libnss_compat-2.15.so
7f84f78ce000-7f84f78cf000 rw-p 00008000 08:05 1308385                    /lib/x86_64-linux-gnu/libnss_compat-2.15.so
7f84f78cf000-7f84f78f8000 r-xp 00000000 08:05 1841764                    /usr/lib/jvm/jdk1.7.0/jre/lib/amd64/libjava.so
7f84f78f8000-7f84f7af8000 ---p 00029000 08:05 1841764                    /usr/lib/jvm/jdk1.7.0/jre/lib/amd64/libjava.so
7f84f7af8000-7f84f7afa000 rw-p 00029000 08:05 1841764                    /usr/lib/jvm/jdk1.7.0/jre/lib/amd64/libjava.so
7f84f7afa000-7f84f7b07000 r-xp 00000000 08:05 1841726                    /usr/lib/jvm/jdk1.7.0/jre/lib/amd64/libverify.so
7f84f7b07000-7f84f7d06000 ---p 0000d000 08:05 1841726                    /usr/lib/jvm/jdk1.7.0/jre/lib/amd64/libverify.so
7f84f7d06000-7f84f7d08000 rw-p 0000c000 08:05 1841726                    /usr/lib/jvm/jdk1.7.0/jre/lib/amd64/libverify.so
7f84f7d08000-7f84f7d0f000 r-xp 00000000 08:05 1308390                    /lib/x86_64-linux-gnu/librt-2.15.so
7f84f7d0f000-7f84f7f0e000 ---p 00007000 08:05 1308390                    /lib/x86_64-linux-gnu/librt-2.15.so
7f84f7f0e000-7f84f7f0f000 r--p 00006000 08:05 1308390                    /lib/x86_64-linux-gnu/librt-2.15.so
7f84f7f0f000-7f84f7f10000 rw-p 00007000 08:05 1308390                    /lib/x86_64-linux-gnu/librt-2.15.so
7f84f7f10000-7f84f800b000 r-xp 00000000 08:05 1308394                    /lib/x86_64-linux-gnu/libm-2.15.so
7f84f800b000-7f84f820a000 ---p 000fb000 08:05 1308394                    /lib/x86_64-linux-gnu/libm-2.15.so
7f84f820a000-7f84f820b000 r--p 000fa000 08:05 1308394                    /lib/x86_64-linux-gnu/libm-2.15.so
7f84f820b000-7f84f820c000 rw-p 000fb000 08:05 1308394                    /lib/x86_64-linux-gnu/libm-2.15.so
7f84f820c000-7f84f8d6e000 r-xp 00000000 08:05 1841740                    /usr/lib/jvm/jdk1.7.0/jre/lib/amd64/server/libjvm.so
7f84f8d6e000-7f84f8f6e000 ---p 00b62000 08:05 1841740                    /usr/lib/jvm/jdk1.7.0/jre/lib/amd64/server/libjvm.so
7f84f8f6e000-7f84f9031000 rw-p 00b62000 08:05 1841740                    /usr/lib/jvm/jdk1.7.0/jre/lib/amd64/server/libjvm.so
7f84f9031000-7f84f9072000 rw-p 00000000 00:00 0 
7f84f9072000-7f84f9227000 r-xp 00000000 08:05 1308383                    /lib/x86_64-linux-gnu/libc-2.15.so
7f84f9227000-7f84f9427000 ---p 001b5000 08:05 1308383                    /lib/x86_64-linux-gnu/libc-2.15.so
7f84f9427000-7f84f942b000 r--p 001b5000 08:05 1308383                    /lib/x86_64-linux-gnu/libc-2.15.so
7f84f942b000-7f84f942d000 rw-p 001b9000 08:05 1308383                    /lib/x86_64-linux-gnu/libc-2.15.so
7f84f942d000-7f84f9432000 rw-p 00000000 00:00 0 
7f84f9432000-7f84f9434000 r-xp 00000000 08:05 1308398                    /lib/x86_64-linux-gnu/libdl-2.15.so
7f84f9434000-7f84f9634000 ---p 00002000 08:05 1308398                    /lib/x86_64-linux-gnu/libdl-2.15.so
7f84f9634000-7f84f9635000 r--p 00002000 08:05 1308398                    /lib/x86_64-linux-gnu/libdl-2.15.so
7f84f9635000-7f84f9636000 rw-p 00003000 08:05 1308398                    /lib/x86_64-linux-gnu/libdl-2.15.so
7f84f9636000-7f84f964c000 r-xp 00000000 08:05 1841755                    /usr/lib/jvm/jdk1.7.0/jre/lib/amd64/jli/libjli.so
7f84f964c000-7f84f984c000 ---p 00016000 08:05 1841755                    /usr/lib/jvm/jdk1.7.0/jre/lib/amd64/jli/libjli.so
7f84f984c000-7f84f984d000 rw-p 00016000 08:05 1841755                    /usr/lib/jvm/jdk1.7.0/jre/lib/amd64/jli/libjli.so
7f84f984d000-7f84f9865000 r-xp 00000000 08:05 1308392                    /lib/x86_64-linux-gnu/libpthread-2.15.so
7f84f9865000-7f84f9a64000 ---p 00018000 08:05 1308392                    /lib/x86_64-linux-gnu/libpthread-2.15.so
7f84f9a64000-7f84f9a65000 r--p 00017000 08:05 1308392                    /lib/x86_64-linux-gnu/libpthread-2.15.so
7f84f9a65000-7f84f9a66000 rw-p 00018000 08:05 1308392                    /lib/x86_64-linux-gnu/libpthread-2.15.so
7f84f9a66000-7f84f9a6a000 rw-p 00000000 00:00 0 
7f84f9a6a000-7f84f9a8c000 r-xp 00000000 08:05 1308395                    /lib/x86_64-linux-gnu/ld-2.15.so
7f84f9a8c000-7f84f9a8d000 rw-p 00000000 00:00 0 
7f84f9a8d000-7f84f9a8e000 rw-s 00005000 00:05 12481                      /dev/ati/card0
7f84f9a8e000-7f84f9a95000 r--s 00000000 08:05 409479                     /usr/lib/x86_64-linux-gnu/gconv/gconv-modules.cache
7f84f9a95000-7f84f9aaa000 r--s 00149000 08:05 2149072                    /home/jeppe/code/Platformer/Platformer/libs/gdx.jar
7f84f9aaa000-7f84f9ab4000 rw-p 00000000 00:00 0 
7f84f9ab4000-7f84f9b6a000 rw-p 00000000 00:00 0 
7f84f9b6a000-7f84f9b6d000 ---p 00000000 00:00 0 
7f84f9b6d000-7f84f9c6f000 rw-p 00000000 00:00 0                          [stack:6021]
7f84f9c6f000-7f84f9c71000 rw-s 00002000 00:05 12481                      /dev/ati/card0
7f84f9c71000-7f84f9c72000 r--s 00100000 08:05 1627694                    /home/jeppe/libs/java/extensions/gdx-controllers/gdx-controllers-desktop-natives.jar
7f84f9c72000-7f84f9c73000 r--s 00004000 08:05 1627695                    /home/jeppe/libs/java/extensions/gdx-controllers/gdx-controllers-desktop.jar
7f84f9c73000-7f84f9c74000 r--s 00123000 08:05 2149092                    /home/jeppe/code/Platformer/Platformer-desktop/libs/gdx-natives.jar
7f84f9c74000-7f84f9c76000 r--s 0019e000 08:05 2149090                    /home/jeppe/code/Platformer/Platformer-desktop/libs/gdx-backend-lwjgl-natives.jar
7f84f9c76000-7f84f9c77000 r--s 00002000 08:05 1627697                    /home/jeppe/libs/java/extensions/gdx-controllers/gdx-controllers.jar
7f84f9c77000-7f84f9c79000 r--s 00012000 08:05 2149331                    /home/jeppe/code/Platformer/Platformer/libs/libgdx-utils.jar
7f84f9c79000-7f84f9c80000 r--s 0004c000 08:05 2149342                    /home/jeppe/code/Platformer/Platformer/libs/kryonet-2.21-all.jar
7f84f9c80000-7f84f9c88000 rw-s 00000000 08:05 943454                     /tmp/hsperfdata_jeppe/6016
7f84f9c88000-7f84f9c89000 rw-p 00000000 00:00 0 
7f84f9c89000-7f84f9c8a000 r--p 00000000 00:00 0 
7f84f9c8a000-7f84f9c8c000 rw-p 00000000 00:00 0 
7f84f9c8c000-7f84f9c8d000 r--p 00022000 08:05 1308395                    /lib/x86_64-linux-gnu/ld-2.15.so
7f84f9c8d000-7f84f9c8f000 rw-p 00023000 08:05 1308395                    /lib/x86_64-linux-gnu/ld-2.15.so
7fffe7aea000-7fffe7b0b000 rw-p 00000000 00:00 0                          [stack]
7fffe7b43000-7fffe7b45000 r-xp 00000000 00:00 0                          [vdso]
ffffffffff600000-ffffffffff601000 r-xp 00000000 00:00 0                  [vsyscall]

VM Arguments:
jvm_args: -Dfile.encoding=UTF-8 
java_command: com.platformer.platformer.Main
Launcher Type: SUN_STANDARD

Environment Variables:
JAVA_HOME=/usr/local/java/jdk1.7.0_40
PATH=/usr/local/bin:/usr/bin:/bin:/usr/games:/home/jeppe/bin:/usr/local/java/jdk1.7.0_40/bin
USERNAME=jeppe
SHELL=/bin/bash
DISPLAY=:0.0

Signal Handlers:
SIGSEGV: [libjvm.so+0x992d50], sa_mask[0]=0x7ffbfeff, sa_flags=0x10000004
SIGBUS: [libjvm.so+0x992d50], sa_mask[0]=0x7ffbfeff, sa_flags=0x10000004
SIGFPE: [libjvm.so+0x80fb00], sa_mask[0]=0x7ffbfeff, sa_flags=0x10000004
SIGPIPE: [libjvm.so+0x80fb00], sa_mask[0]=0x7ffbfeff, sa_flags=0x10000004
SIGXFSZ: [libjvm.so+0x80fb00], sa_mask[0]=0x7ffbfeff, sa_flags=0x10000004
SIGILL: [libjvm.so+0x80fb00], sa_mask[0]=0x7ffbfeff, sa_flags=0x10000004
SIGUSR1: SIG_DFL, sa_mask[0]=0x00000000, sa_flags=0x00000000
SIGUSR2: [libjvm.so+0x810ff0], sa_mask[0]=0x00000004, sa_flags=0x10000004
SIGHUP: [libjvm.so+0x811f60], sa_mask[0]=0x7ffbfeff, sa_flags=0x10000004
SIGINT: [libjvm.so+0x811f60], sa_mask[0]=0x7ffbfeff, sa_flags=0x10000004
SIGTERM: [libjvm.so+0x811f60], sa_mask[0]=0x7ffbfeff, sa_flags=0x10000004
SIGQUIT: [libjvm.so+0x811f60], sa_mask[0]=0x7ffbfeff, sa_flags=0x10000004


---------------  S Y S T E M  ---------------

OS:wheezy/sid

uname:Linux 3.8.0-35-generic #52~precise1-Ubuntu SMP Thu Jan 30 17:24:40 UTC 2014 x86_64
libc:glibc 2.15 NPTL 2.15 
rlimit: STACK 8192k, CORE 0k, NPROC 46916, NOFILE 4096, AS infinity
load average:0.36 0.38 0.49

/proc/meminfo:
MemTotal:        6024188 kB
MemFree:         1868592 kB
Buffers:          252208 kB
Cached:          1238668 kB
SwapCached:            0 kB
Active:          2507936 kB
Inactive:        1055636 kB
Active(anon):    2074008 kB
Inactive(anon):    42288 kB
Active(file):     433928 kB
Inactive(file):  1013348 kB
Unevictable:           0 kB
Mlocked:               0 kB
SwapTotal:       5119996 kB
SwapFree:        5119996 kB
Dirty:               240 kB
Writeback:             0 kB
AnonPages:       2073268 kB
Mapped:           459172 kB
Shmem:             43596 kB
Slab:             178604 kB
SReclaimable:     147744 kB
SUnreclaim:        30860 kB
KernelStack:        4448 kB
PageTables:        33604 kB
NFS_Unstable:          0 kB
Bounce:                0 kB
WritebackTmp:          0 kB
CommitLimit:     8132088 kB
Committed_AS:    5072680 kB
VmallocTotal:   34359738367 kB
VmallocUsed:      380632 kB
VmallocChunk:   34359354744 kB
HardwareCorrupted:     0 kB
AnonHugePages:         0 kB
HugePages_Total:       0
HugePages_Free:        0
HugePages_Rsvd:        0
HugePages_Surp:        0
Hugepagesize:       2048 kB
DirectMap4k:      311296 kB
DirectMap2M:     5896192 kB


CPU:total 4 (2 cores per cpu, 2 threads per core) family 6 model 42 stepping 7, cmov, cx8, fxsr, mmx, sse, sse2, sse3, ssse3, sse4.1, sse4.2, popcnt, avx, aes, ht, tsc, tscinvbit

/proc/cpuinfo:
processor	: 0
vendor_id	: GenuineIntel
cpu family	: 6
model		: 42
model name	: Intel(R) Core(TM) i5-2450M CPU @ 2.50GHz
stepping	: 7
microcode	: 0x28
cpu MHz		: 2501.000
cache size	: 3072 KB
physical id	: 0
siblings	: 4
core id		: 0
cpu cores	: 2
apicid		: 0
initial apicid	: 0
fpu		: yes
fpu_exception	: yes
cpuid level	: 13
wp		: yes
flags		: fpu vme de pse tsc msr pae mce cx8 apic sep mtrr pge mca cmov pat pse36 clflush dts acpi mmx fxsr sse sse2 ss ht tm pbe syscall nx rdtscp lm constant_tsc arch_perfmon pebs bts nopl xtopology nonstop_tsc aperfmperf eagerfpu pni pclmulqdq dtes64 monitor ds_cpl vmx est tm2 ssse3 cx16 xtpr pdcm pcid sse4_1 sse4_2 x2apic popcnt tsc_deadline_timer aes xsave avx lahf_lm ida arat epb xsaveopt pln pts dtherm tpr_shadow vnmi flexpriority ept vpid
bogomips	: 4988.81
clflush size	: 64
cache_alignment	: 64
address sizes	: 36 bits physical, 48 bits virtual
power management:

processor	: 1
vendor_id	: GenuineIntel
cpu family	: 6
model		: 42
model name	: Intel(R) Core(TM) i5-2450M CPU @ 2.50GHz
stepping	: 7
microcode	: 0x28
cpu MHz		: 800.000
cache size	: 3072 KB
physical id	: 0
siblings	: 4
core id		: 0
cpu cores	: 2
apicid		: 1
initial apicid	: 1
fpu		: yes
fpu_exception	: yes
cpuid level	: 13
wp		: yes
flags		: fpu vme de pse tsc msr pae mce cx8 apic sep mtrr pge mca cmov pat pse36 clflush dts acpi mmx fxsr sse sse2 ss ht tm pbe syscall nx rdtscp lm constant_tsc arch_perfmon pebs bts nopl xtopology nonstop_tsc aperfmperf eagerfpu pni pclmulqdq dtes64 monitor ds_cpl vmx est tm2 ssse3 cx16 xtpr pdcm pcid sse4_1 sse4_2 x2apic popcnt tsc_deadline_timer aes xsave avx lahf_lm ida arat epb xsaveopt pln pts dtherm tpr_shadow vnmi flexpriority ept vpid
bogomips	: 4988.81
clflush size	: 64
cache_alignment	: 64
address sizes	: 36 bits physical, 48 bits virtual
power management:

processor	: 2
vendor_id	: GenuineIntel
cpu family	: 6
model		: 42
model name	: Intel(R) Core(TM) i5-2450M CPU @ 2.50GHz
stepping	: 7
microcode	: 0x28
cpu MHz		: 800.000
cache size	: 3072 KB
physical id	: 0
siblings	: 4
core id		: 1
cpu cores	: 2
apicid		: 2
initial apicid	: 2
fpu		: yes
fpu_exception	: yes
cpuid level	: 13
wp		: yes
flags		: fpu vme de pse tsc msr pae mce cx8 apic sep mtrr pge mca cmov pat pse36 clflush dts acpi mmx fxsr sse sse2 ss ht tm pbe syscall nx rdtscp lm constant_tsc arch_perfmon pebs bts nopl xtopology nonstop_tsc aperfmperf eagerfpu pni pclmulqdq dtes64 monitor ds_cpl vmx est tm2 ssse3 cx16 xtpr pdcm pcid sse4_1 sse4_2 x2apic popcnt tsc_deadline_timer aes xsave avx lahf_lm ida arat epb xsaveopt pln pts dtherm tpr_shadow vnmi flexpriority ept vpid
bogomips	: 4988.81
clflush size	: 64
cache_alignment	: 64
address sizes	: 36 bits physical, 48 bits virtual
power management:

processor	: 3
vendor_id	: GenuineIntel
cpu family	: 6
model		: 42
model name	: Intel(R) Core(TM) i5-2450M CPU @ 2.50GHz
stepping	: 7
microcode	: 0x28
cpu MHz		: 2501.000
cache size	: 3072 KB
physical id	: 0
siblings	: 4
core id		: 1
cpu cores	: 2
apicid		: 3
initial apicid	: 3
fpu		: yes
fpu_exception	: yes
cpuid level	: 13
wp		: yes
flags		: fpu vme de pse tsc msr pae mce cx8 apic sep mtrr pge mca cmov pat pse36 clflush dts acpi mmx fxsr sse sse2 ss ht tm pbe syscall nx rdtscp lm constant_tsc arch_perfmon pebs bts nopl xtopology nonstop_tsc aperfmperf eagerfpu pni pclmulqdq dtes64 monitor ds_cpl vmx est tm2 ssse3 cx16 xtpr pdcm pcid sse4_1 sse4_2 x2apic popcnt tsc_deadline_timer aes xsave avx lahf_lm ida arat epb xsaveopt pln pts dtherm tpr_shadow vnmi flexpriority ept vpid
bogomips	: 4988.81
clflush size	: 64
cache_alignment	: 64
address sizes	: 36 bits physical, 48 bits virtual
power management:



Memory: 4k page, physical 6024188k(1868592k free), swap 5119996k(5119996k free)

vm_info: Java HotSpot(TM) 64-Bit Server VM (24.0-b56) for linux-amd64 JRE (1.7.0_40-b43), built on Aug 26 2013 23:53:33 by "java_re" with gcc 4.3.0 20080428 (Red Hat 4.3.0-8)

time: Mon Mar  3 19:26:12 2014
elapsed time: 3 seconds

