#
# A fatal error has been detected by the Java Runtime Environment:
#
#  SIGSEGV (0xb) at pc=0x00007f58f46f37b0, pid=5972, tid=140020375955200
#
# JRE version: Java(TM) SE Runtime Environment (7.0_40-b43) (build 1.7.0_40-b43)
# Java VM: Java HotSpot(TM) 64-Bit Server VM (24.0-b56 mixed mode linux-amd64 compressed oops)
# Problematic frame:
# C  0x00007f58f46f37b0
#
# Failed to write core dump. Core dumps have been disabled. To enable core dumping, try "ulimit -c unlimited" before starting Java again
#
# If you would like to submit a bug report, please visit:
#   http://bugreport.sun.com/bugreport/crash.jsp
# The crash happened outside the Java Virtual Machine in native code.
# See problematic frame for where to report the bug.
#

---------------  T H R E A D  ---------------

Current thread (0x00007f594c2a6800):  JavaThread "LWJGL Application" [_thread_in_native, id=5995, stack(0x00007f5908b52000,0x00007f5908c53000)]

siginfo:si_signo=SIGSEGV: si_errno=0, si_code=2 (SEGV_ACCERR), si_addr=0x00007f58f46f37b0

Registers:
RAX=0x00007f58f46f37b0, RBX=0x000000009f598b48, RCX=0x0000000000000101, RDX=0x00007f58f46f3710
RSP=0x00007f5908c51298, RBP=0x00007f5908c512f8, RSI=0x00007f5908c51328, RDI=0x00007f58f46f3710
R8 =0x0000000000000006, R9 =0x00000000ffffffff, R10=0x00007f5947f7acac, R11=0x00007f5950cc7260
R12=0x0000000000000000, R13=0x000000009f598b48, R14=0x00007f5908c51328, R15=0x00007f594c2a6800
RIP=0x00007f58f46f37b0, EFLAGS=0x0000000000010202, CSGSFS=0x0000000000000033, ERR=0x0000000000000015
  TRAPNO=0x000000000000000e

Top of Stack: (sp=0x00007f5908c51298)
0x00007f5908c51298:   00007f5947f7acd8 00007f5908c513c8
0x00007f5908c512a8:   00007f5908c51370 00007f5908c51370
0x00007f5908c512b8:   00007f5908c512b8 0000000000000000
0x00007f5908c512c8:   00007f5908c51328 000000009f5d5fe0
0x00007f5908c512d8:   0000000000000000 000000009f598b48
0x00007f5908c512e8:   0000000000000000 00007f5908c51318
0x00007f5908c512f8:   00007f5908c51370 00007f5947f6e058
0x00007f5908c51308:   0000000000000000 00007f5947f76cd8
0x00007f5908c51318:   00007f58f46f3710 000000009f604f18
0x00007f5908c51328:   00000000e24022e0 00007f5908c51330
0x00007f5908c51338:   000000009f598a6d 00007f5908c51380
0x00007f5908c51348:   000000009f5d5fe0 0000000000000000
0x00007f5908c51358:   000000009f598a88 00007f5908c51318
0x00007f5908c51368:   00007f5908c51380 00007f5908c513c8
0x00007f5908c51378:   00007f5947f6e058 00000000e24022e0
0x00007f5908c51388:   00007f5908c51388 000000009f55279c
0x00007f5908c51398:   00007f5908c51430 000000009f608dc8
0x00007f5908c513a8:   0000000000000000 000000009f552858
0x00007f5908c513b8:   00007f5908c51380 00007f5908c51410
0x00007f5908c513c8:   00007f5908c51480 00007f5947f6e233
0x00007f5908c513d8:   00000000e2402310 00000000e24022e0
0x00007f5908c513e8:   00000000e2402288 00000000e2402270
0x00007f5908c513f8:   00000000e2402018 00000000e2401fb0
0x00007f5908c51408:   00000000e23f36d0 00007f5900000000
0x00007f5908c51418:   00007f5941600000 00007f5941a00000
0x00007f5908c51428:   00000000e22817e8 00000000e23f3668
0x00007f5908c51438:   00000000e23f3668 00007f5908c51440
0x00007f5908c51448:   000000009f550772 00007f5908c514b8
0x00007f5908c51458:   000000009f5e0c28 0000000000000000
0x00007f5908c51468:   000000009f5507d8 00007f5908c51410
0x00007f5908c51478:   00007f5908c51490 00007f5908c51500
0x00007f5908c51488:   00007f5947f6e058 00007f5900000000 

Instructions: (pc=0x00007f58f46f37b0)
0x00007f58f46f3790:   01 00 9a ff e5 2a 03 b5 00 16 2a b4 00 1b b6 00
0x00007f58f46f37a0:   5c b1 00 00 00 03 00 1d 04 00 00 00 00 08 00 00
0x00007f58f46f37b0:   00 38 00 0b 00 3a 00 20 61 00 00 00 00 00 00 00
0x00007f58f46f37c0:   78 00 00 f4 58 7f 00 00 78 00 00 f4 58 7f 00 00 

Register to memory mapping:

RAX=0x00007f58f46f37b0 is an unknown value
RBX=0x000000009f598b48 is an oop
{method} 
 - klass: {other class}
RCX=0x0000000000000101 is an unknown value
RDX=0x00007f58f46f3710 is an unknown value
RSP=0x00007f5908c51298 is pointing into the stack for thread: 0x00007f594c2a6800
RBP=0x00007f5908c512f8 is pointing into the stack for thread: 0x00007f594c2a6800
RSI=0x00007f5908c51328 is pointing into the stack for thread: 0x00007f594c2a6800
RDI=0x00007f58f46f3710 is an unknown value
R8 =0x0000000000000006 is an unknown value
R9 =0x00000000ffffffff is an unallocated location in the heap
R10=0x00007f5947f7acac is at code_begin+620 in an Interpreter codelet
method entry point (kind = native)  [0x00007f5947f7aa40, 0x00007f5947f7b2a0]  2144 bytes
R11=0x00007f5950cc7260: <offset 0x8a7260> in /usr/lib/jvm/jdk1.7.0/jre/lib/amd64/server/libjvm.so at 0x00007f5950420000
R12=0x0000000000000000 is an unknown value
R13=0x000000009f598b48 is an oop
{method} 
 - klass: {other class}
R14=0x00007f5908c51328 is pointing into the stack for thread: 0x00007f594c2a6800
R15=0x00007f594c2a6800 is a thread


Stack: [0x00007f5908b52000,0x00007f5908c53000],  sp=0x00007f5908c51298,  free space=1020k
Native frames: (J=compiled Java code, j=interpreted, Vv=VM code, C=native code)
C  0x00007f58f46f37b0
j  com.badlogic.gdx.physics.box2d.Shape.dispose()V+5
j  com.platformer.domain.EnemySoldier.initPhysicsBody(Lcom/badlogic/gdx/physics/box2d/World;FFF)Lcom/badlogic/gdx/physics/box2d/Body;+212
j  com.platformer.domain.DynamicPhysicsEntity.<init>(Lcom/platformer/domain/GameWorld;Lcom/badlogic/gdx/physics/box2d/World;FFF)V+18
j  com.platformer.domain.MortalDynamicPhysicsEntity.<init>(Lcom/platformer/domain/GameWorld;Lcom/badlogic/gdx/physics/box2d/World;FFF)V+8
j  com.platformer.domain.EnemySoldier.<init>(Lcom/platformer/domain/GameWorld;Lcom/badlogic/gdx/physics/box2d/World;FFFLcom/platformer/domain/Soldier;)V+8
j  com.platformer.platformer.WorldLoader.loadEntities(Lcom/platformer/domain/GameWorld;)V+174
j  com.platformer.platformer.WorldLoader.createWorld(Ljava/lang/String;)Lcom/platformer/domain/GameWorld;+22
j  com.platformer.screens.GameScreen.<init>(Lcom/platformer/platformer/Platformer;)V+57
j  com.platformer.screens.MainMenuScreen.render(F)V+139
j  com.badlogic.gdx.Game.render()V+19
j  com.platformer.platformer.Platformer.render()V+1
j  com.badlogic.gdx.backends.lwjgl.LwjglApplication.mainLoop()V+642
j  com.badlogic.gdx.backends.lwjgl.LwjglApplication$1.run()V+27
v  ~StubRoutines::call_stub
V  [libjvm.so+0x5f8405]  JavaCalls::call_helper(JavaValue*, methodHandle*, JavaCallArguments*, Thread*)+0x365
V  [libjvm.so+0x5f6e68]  JavaCalls::call(JavaValue*, methodHandle, JavaCallArguments*, Thread*)+0x28
V  [libjvm.so+0x5f7137]  JavaCalls::call_virtual(JavaValue*, KlassHandle, Symbol*, Symbol*, JavaCallArguments*, Thread*)+0x197
V  [libjvm.so+0x5f7257]  JavaCalls::call_virtual(JavaValue*, Handle, KlassHandle, Symbol*, Symbol*, Thread*)+0x47
V  [libjvm.so+0x6729e5]  thread_entry(JavaThread*, Thread*)+0xe5
V  [libjvm.so+0x94cb2f]  JavaThread::thread_main_inner()+0xdf
V  [libjvm.so+0x94cc35]  JavaThread::run()+0xf5
V  [libjvm.so+0x814a58]  java_start(Thread*)+0x108

Java frames: (J=compiled Java code, j=interpreted, Vv=VM code)
j  com.badlogic.gdx.physics.box2d.Shape.jniDispose(J)V+0
j  com.badlogic.gdx.physics.box2d.Shape.dispose()V+5
j  com.platformer.domain.EnemySoldier.initPhysicsBody(Lcom/badlogic/gdx/physics/box2d/World;FFF)Lcom/badlogic/gdx/physics/box2d/Body;+212
j  com.platformer.domain.DynamicPhysicsEntity.<init>(Lcom/platformer/domain/GameWorld;Lcom/badlogic/gdx/physics/box2d/World;FFF)V+18
j  com.platformer.domain.MortalDynamicPhysicsEntity.<init>(Lcom/platformer/domain/GameWorld;Lcom/badlogic/gdx/physics/box2d/World;FFF)V+8
j  com.platformer.domain.EnemySoldier.<init>(Lcom/platformer/domain/GameWorld;Lcom/badlogic/gdx/physics/box2d/World;FFFLcom/platformer/domain/Soldier;)V+8
j  com.platformer.platformer.WorldLoader.loadEntities(Lcom/platformer/domain/GameWorld;)V+174
j  com.platformer.platformer.WorldLoader.createWorld(Ljava/lang/String;)Lcom/platformer/domain/GameWorld;+22
j  com.platformer.screens.GameScreen.<init>(Lcom/platformer/platformer/Platformer;)V+57
j  com.platformer.screens.MainMenuScreen.render(F)V+139
j  com.badlogic.gdx.Game.render()V+19
j  com.platformer.platformer.Platformer.render()V+1
j  com.badlogic.gdx.backends.lwjgl.LwjglApplication.mainLoop()V+642
j  com.badlogic.gdx.backends.lwjgl.LwjglApplication$1.run()V+27
v  ~StubRoutines::call_stub

---------------  P R O C E S S  ---------------

Java Threads: ( => current thread )
  0x00007f58f4004000 JavaThread "process reaper" daemon [_thread_blocked, id=5997, stack(0x00007f593004b000,0x00007f5930084000)]
  0x00007f594c00a000 JavaThread "DestroyJavaVM" [_thread_blocked, id=5977, stack(0x00007f5951d7e000,0x00007f5951e7f000)]
=>0x00007f594c2a6800 JavaThread "LWJGL Application" [_thread_in_native, id=5995, stack(0x00007f5908b52000,0x00007f5908c53000)]
  0x00007f594c1bb800 JavaThread "AWT-XAWT" daemon [_thread_in_native, id=5991, stack(0x00007f590bcf9000,0x00007f590bdfa000)]
  0x00007f594c198800 JavaThread "Java2D Disposer" daemon [_thread_blocked, id=5990, stack(0x00007f593028e000,0x00007f593038f000)]
  0x00007f594c096800 JavaThread "Service Thread" daemon [_thread_blocked, id=5988, stack(0x00007f59322e6000,0x00007f59323e7000)]
  0x00007f594c094000 JavaThread "C2 CompilerThread1" daemon [_thread_blocked, id=5987, stack(0x00007f59323e7000,0x00007f59324e8000)]
  0x00007f594c091000 JavaThread "C2 CompilerThread0" daemon [_thread_blocked, id=5986, stack(0x00007f59324e8000,0x00007f59325e9000)]
  0x00007f594c086800 JavaThread "Signal Dispatcher" daemon [_thread_blocked, id=5985, stack(0x00007f59325e9000,0x00007f59326ea000)]
  0x00007f594c070000 JavaThread "Finalizer" daemon [_thread_blocked, id=5984, stack(0x00007f5932dcd000,0x00007f5932ece000)]
  0x00007f594c06c000 JavaThread "Reference Handler" daemon [_thread_blocked, id=5983, stack(0x00007f5932ece000,0x00007f5932fcf000)]

Other Threads:
  0x00007f594c069800 VMThread [stack: 0x00007f5932fcf000,0x00007f59330d0000] [id=5982]
  0x00007f594c0a9000 WatcherThread [stack: 0x00007f59321e5000,0x00007f59322e6000] [id=5989]

VM state:not at safepoint (normal execution)

VM Mutex/Monitor currently owned by a thread: None

Heap
 PSYoungGen      total 28160K, used 15492K [0x00000000e1500000, 0x00000000e3400000, 0x0000000100000000)
  eden space 24576K, 63% used [0x00000000e1500000,0x00000000e2421098,0x00000000e2d00000)
  from space 3584K, 0% used [0x00000000e3080000,0x00000000e3080000,0x00000000e3400000)
  to   space 3584K, 0% used [0x00000000e2d00000,0x00000000e2d00000,0x00000000e3080000)
 ParOldGen       total 62464K, used 0K [0x00000000a4000000, 0x00000000a7d00000, 0x00000000e1500000)
  object space 62464K, 0% used [0x00000000a4000000,0x00000000a4000000,0x00000000a7d00000)
 PSPermGen       total 21504K, used 8229K [0x000000009ee00000, 0x00000000a0300000, 0x00000000a4000000)
  object space 21504K, 38% used [0x000000009ee00000,0x000000009f609648,0x00000000a0300000)

Card table byte_map: [0x00007f5947c5e000,0x00007f5947f68000] byte_map_base: 0x00007f5947767000

Polling page: 0x00007f5951e9d000

Code Cache  [0x00007f5947f68000, 0x00007f59481d8000, 0x00007f594af68000)
 total_blobs=557 nmethods=53 adapters=458 free_code_cache=48515Kb largest_free_block=49658560

Compilation events (10 events):
Event: 3.176 Thread 0x00007f594c091000 nmethod 49 0x00007f5948000cd0 code [0x00007f5948000e60, 0x00007f59480010e8]
Event: 3.176 Thread 0x00007f594c091000   50             com.badlogic.gdx.utils.IntMap::get (81 bytes)
Event: 3.179 Thread 0x00007f594c091000 nmethod 50 0x00007f5948000710 code [0x00007f5948000880, 0x00007f5948000aa8]
Event: 3.182 Thread 0x00007f594c094000 nmethod 45 0x00007f5948004ed0 code [0x00007f59480050c0, 0x00007f59480057a8]
Event: 3.201 Thread 0x00007f594c091000   51             java.lang.String::startsWith (7 bytes)
Event: 3.203 Thread 0x00007f594c091000 nmethod 51 0x00007f5948006110 code [0x00007f5948006260, 0x00007f59480063d8]
Event: 3.216 Thread 0x00007f594c094000   52 %           com.badlogic.gdx.math.MathUtils$Sin::<clinit> @ 10 (84 bytes)
Event: 3.218 Thread 0x00007f594c094000 nmethod 52% 0x00007f5948009050 code [0x00007f5948009240, 0x00007f59480095b8]
Event: 3.238 Thread 0x00007f594c091000   53             java.lang.AbstractStringBuilder::ensureCapacityInternal (16 bytes)
Event: 3.241 Thread 0x00007f594c091000 nmethod 53 0x00007f59480069d0 code [0x00007f5948006b20, 0x00007f5948006d98]

GC Heap History (0 events):
No events

Deoptimization events (2 events):
Event: 3.178 Thread 0x00007f594c2a6800 Uncommon trap: reason=unreached action=reinterpret pc=0x00007f5948003274 method=com.badlogic.gdx.utils.Array.iterator()Ljava/util/Iterator; @ 4
Event: 3.178 Thread 0x00007f594c2a6800 Uncommon trap: reason=unreached action=reinterpret pc=0x00007f5948002f70 method=com.badlogic.gdx.utils.Array$ArrayIterable.iterator()Ljava/util/Iterator; @ 4

Internal exceptions (10 events):
Event: 3.229 Thread 0x00007f594c2a6800 Threw 0x00000000e2381668 at /HUDSON/workspace/jdk7u40-2-build-linux-amd64-product/jdk7u40/hotspot/src/share/vm/prims/jvm.cpp:1244
Event: 3.230 Thread 0x00007f594c2a6800 Threw 0x00000000e2386108 at /HUDSON/workspace/jdk7u40-2-build-linux-amd64-product/jdk7u40/hotspot/src/share/vm/prims/jvm.cpp:1244
Event: 3.232 Thread 0x00007f594c2a6800 Threw 0x00000000e23b73e8 at /HUDSON/workspace/jdk7u40-2-build-linux-amd64-product/jdk7u40/hotspot/src/share/vm/prims/jvm.cpp:1244
Event: 3.233 Thread 0x00007f594c2a6800 Threw 0x00000000e23bc0d8 at /HUDSON/workspace/jdk7u40-2-build-linux-amd64-product/jdk7u40/hotspot/src/share/vm/prims/jvm.cpp:1244
Event: 3.233 Thread 0x00007f594c2a6800 Threw 0x00000000e23befd8 at /HUDSON/workspace/jdk7u40-2-build-linux-amd64-product/jdk7u40/hotspot/src/share/vm/prims/jvm.cpp:1244
Event: 3.233 Thread 0x00007f594c2a6800 Threw 0x00000000e23c1548 at /HUDSON/workspace/jdk7u40-2-build-linux-amd64-product/jdk7u40/hotspot/src/share/vm/prims/jvm.cpp:1244
Event: 3.237 Thread 0x00007f594c2a6800 Threw 0x00000000e23dbfd0 at /HUDSON/workspace/jdk7u40-2-build-linux-amd64-product/jdk7u40/hotspot/src/share/vm/prims/jvm.cpp:1244
Event: 3.238 Thread 0x00007f594c2a6800 Threw 0x00000000e23e7df8 at /HUDSON/workspace/jdk7u40-2-build-linux-amd64-product/jdk7u40/hotspot/src/share/vm/prims/jvm.cpp:1244
Event: 3.239 Thread 0x00007f594c2a6800 Threw 0x00000000e23edf00 at /HUDSON/workspace/jdk7u40-2-build-linux-amd64-product/jdk7u40/hotspot/src/share/vm/prims/jvm.cpp:1244
Event: 3.239 Thread 0x00007f594c2a6800 Threw 0x00000000e23f11b8 at /HUDSON/workspace/jdk7u40-2-build-linux-amd64-product/jdk7u40/hotspot/src/share/vm/prims/jvm.cpp:1244

Events (10 events):
Event: 3.233 loading class 0x00007f58f45f8a50
Event: 3.233 loading class 0x00007f58f45f8a50 done
Event: 3.237 loading class 0x00007f58f46ef7f0
Event: 3.237 loading class 0x00007f58f46ef7f0 done
Event: 3.238 loading class 0x00007f58f45f8d30
Event: 3.238 loading class 0x00007f58f45f8d30 done
Event: 3.239 loading class 0x00007f58f46f1ab0
Event: 3.239 loading class 0x00007f58f46f1ab0 done
Event: 3.239 loading class 0x00007f58f45f4f30
Event: 3.239 loading class 0x00007f58f45f4f30 done


Dynamic libraries:
00400000-00401000 r-xp 00000000 08:05 1841065                            /usr/lib/jvm/jdk1.7.0/bin/java
00600000-00601000 rw-p 00000000 08:05 1841065                            /usr/lib/jvm/jdk1.7.0/bin/java
00730000-00751000 rw-p 00000000 00:00 0                                  [heap]
9ee00000-a0300000 rw-p 00000000 00:00 0 
a0300000-a4000000 rw-p 00000000 00:00 0 
a4000000-a7d00000 rw-p 00000000 00:00 0 
a7d00000-e1500000 rw-p 00000000 00:00 0 
e1500000-e3400000 rw-p 00000000 00:00 0 
e3400000-100000000 rw-p 00000000 00:00 0 
7f58e8000000-7f58e8021000 rw-p 00000000 00:00 0 
7f58e8021000-7f58ec000000 ---p 00000000 00:00 0 
7f58f0000000-7f58f0021000 rw-p 00000000 00:00 0 
7f58f0021000-7f58f4000000 ---p 00000000 00:00 0 
7f58f4000000-7f58f4a6d000 rw-p 00000000 00:00 0 
7f58f4a6d000-7f58f8000000 ---p 00000000 00:00 0 
7f58f8000000-7f58f8021000 rw-p 00000000 00:00 0 
7f58f8021000-7f58fc000000 ---p 00000000 00:00 0 
7f58fc283000-7f58fc4c4000 rw-p 00000000 00:00 0 
7f58fc4c4000-7f58fd4c4000 rw-s 3330a000 00:05 12481                      /dev/ati/card0
7f58fd4c4000-7f58fdbc4000 rw-s 00006000 00:05 12481                      /dev/ati/card0
7f58fdbc4000-7f58ffc31000 r-xp 00000000 08:05 398040                     /usr/lib/fglrx/dri/fglrx_dri.so
7f58ffc31000-7f58ffd31000 ---p 0206d000 08:05 398040                     /usr/lib/fglrx/dri/fglrx_dri.so
7f58ffd31000-7f58ffecf000 rwxp 0206d000 08:05 398040                     /usr/lib/fglrx/dri/fglrx_dri.so
7f58ffecf000-7f58fffff000 rwxp 00000000 00:00 0 
7f58fffff000-7f5904000000 rw-s 00000000 00:12 41222                      /run/shm/pulse-shm-37906842
7f5904000000-7f5904021000 rw-p 00000000 00:00 0 
7f5904021000-7f5908000000 ---p 00000000 00:00 0 
7f590801f000-7f5908120000 rw-s 33308000 00:05 12481                      /dev/ati/card0
7f5908120000-7f590816d000 rw-p 00000000 00:00 0 
7f59081df000-7f590821f000 rw-s 0001c000 00:05 12481                      /dev/ati/card0
7f590821f000-7f590849f000 rw-p 00000000 00:00 0 
7f590849f000-7f59084a1000 r-xp 00000000 08:05 269796                     /usr/lib/x86_64-linux-gnu/libXinerama.so.1.0.0
7f59084a1000-7f59086a0000 ---p 00002000 08:05 269796                     /usr/lib/x86_64-linux-gnu/libXinerama.so.1.0.0
7f59086a0000-7f59086a1000 r--p 00001000 08:05 269796                     /usr/lib/x86_64-linux-gnu/libXinerama.so.1.0.0
7f59086a1000-7f59086a2000 rw-p 00002000 08:05 269796                     /usr/lib/x86_64-linux-gnu/libXinerama.so.1.0.0
7f59086a2000-7f5908742000 r-xp 00000000 08:05 396958                     /usr/lib/fglrx/libatiadlxx.so
7f5908742000-7f5908842000 ---p 000a0000 08:05 396958                     /usr/lib/fglrx/libatiadlxx.so
7f5908842000-7f5908845000 rw-p 000a0000 08:05 396958                     /usr/lib/fglrx/libatiadlxx.so
7f5908845000-7f5908855000 rw-p 00000000 00:00 0 
7f5908855000-7f5908864000 r-xp 00000000 08:05 398240                     /usr/lib/fglrx/libatiuki.so.1.0
7f5908864000-7f5908964000 ---p 0000f000 08:05 398240                     /usr/lib/fglrx/libatiuki.so.1.0
7f5908964000-7f5908971000 rw-p 0000f000 08:05 398240                     /usr/lib/fglrx/libatiuki.so.1.0
7f5908971000-7f5908972000 rw-p 00000000 00:00 0 
7f5908972000-7f5908a0d000 r-xp 00000000 08:05 398247                     /usr/lib/fglrx/libGL.so.1.2
7f5908a0d000-7f5908b0c000 ---p 0009b000 08:05 398247                     /usr/lib/fglrx/libGL.so.1.2
7f5908b0c000-7f5908b35000 rwxp 0009a000 08:05 398247                     /usr/lib/fglrx/libGL.so.1.2
7f5908b35000-7f5908b52000 rwxp 00000000 00:00 0 
7f5908b52000-7f5908b55000 ---p 00000000 00:00 0 
7f5908b55000-7f5908c53000 rw-p 00000000 00:00 0                          [stack:5995]
7f5908c53000-7f5908c54000 ---p 00000000 00:00 0 
7f5908c54000-7f5908d54000 rw-p 00000000 00:00 0                          [stack:5994]
7f5908d54000-7f5908d55000 ---p 00000000 00:00 0 
7f5908d55000-7f5909555000 rw-p 00000000 00:00 0                          [stack:5993]
7f5909555000-7f590956d000 r-xp 00000000 08:05 1308388                    /lib/x86_64-linux-gnu/libresolv-2.15.so
7f590956d000-7f590976d000 ---p 00018000 08:05 1308388                    /lib/x86_64-linux-gnu/libresolv-2.15.so
7f590976d000-7f590976e000 r--p 00018000 08:05 1308388                    /lib/x86_64-linux-gnu/libresolv-2.15.so
7f590976e000-7f590976f000 rw-p 00019000 08:05 1308388                    /lib/x86_64-linux-gnu/libresolv-2.15.so
7f590976f000-7f5909771000 rw-p 00000000 00:00 0 
7f5909771000-7f5909777000 r-xp 00000000 08:05 270201                     /usr/lib/x86_64-linux-gnu/libogg.so.0.7.1
7f5909777000-7f5909976000 ---p 00006000 08:05 270201                     /usr/lib/x86_64-linux-gnu/libogg.so.0.7.1
7f5909976000-7f5909977000 r--p 00005000 08:05 270201                     /usr/lib/x86_64-linux-gnu/libogg.so.0.7.1
7f5909977000-7f5909978000 rw-p 00006000 08:05 270201                     /usr/lib/x86_64-linux-gnu/libogg.so.0.7.1
7f5909978000-7f59099a3000 r-xp 00000000 08:05 270351                     /usr/lib/x86_64-linux-gnu/libvorbis.so.0.4.5
7f59099a3000-7f5909ba2000 ---p 0002b000 08:05 270351                     /usr/lib/x86_64-linux-gnu/libvorbis.so.0.4.5
7f5909ba2000-7f5909ba3000 r--p 0002a000 08:05 270351                     /usr/lib/x86_64-linux-gnu/libvorbis.so.0.4.5
7f5909ba3000-7f5909ba4000 rw-p 0002b000 08:05 270351                     /usr/lib/x86_64-linux-gnu/libvorbis.so.0.4.5
7f5909ba4000-7f5909e57000 r-xp 00000000 08:05 270353                     /usr/lib/x86_64-linux-gnu/libvorbisenc.so.2.0.8
7f5909e57000-7f590a056000 ---p 002b3000 08:05 270353                     /usr/lib/x86_64-linux-gnu/libvorbisenc.so.2.0.8
7f590a056000-7f590a072000 r--p 002b2000 08:05 270353                     /usr/lib/x86_64-linux-gnu/libvorbisenc.so.2.0.8
7f590a072000-7f590a073000 rw-p 002ce000 08:05 270353                     /usr/lib/x86_64-linux-gnu/libvorbisenc.so.2.0.8
7f590a073000-7f590a0bb000 r-xp 00000000 08:05 269720                     /usr/lib/x86_64-linux-gnu/libFLAC.so.8.2.0
7f590a0bb000-7f590a2bb000 ---p 00048000 08:05 269720                     /usr/lib/x86_64-linux-gnu/libFLAC.so.8.2.0
7f590a2bb000-7f590a2bc000 r--p 00048000 08:05 269720                     /usr/lib/x86_64-linux-gnu/libFLAC.so.8.2.0
7f590a2bc000-7f590a2bd000 rw-p 00049000 08:05 269720                     /usr/lib/x86_64-linux-gnu/libFLAC.so.8.2.0
7f590a2bd000-7f590a2c2000 r-xp 00000000 08:05 269836                     /usr/lib/x86_64-linux-gnu/libasyncns.so.0.3.1
7f590a2c2000-7f590a4c1000 ---p 00005000 08:05 269836                     /usr/lib/x86_64-linux-gnu/libasyncns.so.0.3.1
7f590a4c1000-7f590a4c2000 r--p 00004000 08:05 269836                     /usr/lib/x86_64-linux-gnu/libasyncns.so.0.3.1
7f590a4c2000-7f590a4c3000 rw-p 00005000 08:05 269836                     /usr/lib/x86_64-linux-gnu/libasyncns.so.0.3.1
7f590a4c3000-7f590a523000 r-xp 00000000 08:05 270296                     /usr/lib/x86_64-linux-gnu/libsndfile.so.1.0.25
7f590a523000-7f590a723000 ---p 00060000 08:05 270296                     /usr/lib/x86_64-linux-gnu/libsndfile.so.1.0.25
7f590a723000-7f590a725000 r--p 00060000 08:05 270296                     /usr/lib/x86_64-linux-gnu/libsndfile.so.1.0.25
7f590a725000-7f590a726000 rw-p 00062000 08:05 270296                     /usr/lib/x86_64-linux-gnu/libsndfile.so.1.0.25
7f590a726000-7f590a72a000 rw-p 00000000 00:00 0 
7f590a72a000-7f590a732000 r-xp 00000000 08:05 1312224                    /lib/x86_64-linux-gnu/libwrap.so.0.7.6
7f590a732000-7f590a931000 ---p 00008000 08:05 1312224                    /lib/x86_64-linux-gnu/libwrap.so.0.7.6
7f590a931000-7f590a932000 r--p 00007000 08:05 1312224                    /lib/x86_64-linux-gnu/libwrap.so.0.7.6
7f590a932000-7f590a933000 rw-p 00008000 08:05 1312224                    /lib/x86_64-linux-gnu/libwrap.so.0.7.6
7f590a933000-7f590a975000 r-xp 00000000 08:05 1312127                    /lib/x86_64-linux-gnu/libdbus-1.so.3.5.8
7f590a975000-7f590ab75000 ---p 00042000 08:05 1312127                    /lib/x86_64-linux-gnu/libdbus-1.so.3.5.8
7f590ab75000-7f590ab76000 r--p 00042000 08:05 1312127                    /lib/x86_64-linux-gnu/libdbus-1.so.3.5.8
7f590ab76000-7f590ab77000 rw-p 00043000 08:05 1312127                    /lib/x86_64-linux-gnu/libdbus-1.so.3.5.8
7f590ab77000-7f590abd3000 r-xp 00000000 08:05 270403                     /usr/lib/x86_64-linux-gnu/libpulsecommon-1.1.so
7f590abd3000-7f590add3000 ---p 0005c000 08:05 270403                     /usr/lib/x86_64-linux-gnu/libpulsecommon-1.1.so
7f590add3000-7f590add4000 r--p 0005c000 08:05 270403                     /usr/lib/x86_64-linux-gnu/libpulsecommon-1.1.so
7f590add4000-7f590add5000 rw-p 0005d000 08:05 270403                     /usr/lib/x86_64-linux-gnu/libpulsecommon-1.1.so
7f590add5000-7f590addc000 r-xp 00000000 08:05 270135                     /usr/lib/x86_64-linux-gnu/libjson.so.0.0.1
7f590addc000-7f590afdb000 ---p 00007000 08:05 270135                     /usr/lib/x86_64-linux-gnu/libjson.so.0.0.1
7f590afdb000-7f590afdc000 r--p 00006000 08:05 270135                     /usr/lib/x86_64-linux-gnu/libjson.so.0.0.1
7f590afdc000-7f590afdd000 rw-p 00007000 08:05 270135                     /usr/lib/x86_64-linux-gnu/libjson.so.0.0.1
7f590afdd000-7f590b023000 r-xp 00000000 08:05 270401                     /usr/lib/x86_64-linux-gnu/libpulse.so.0.13.5
7f590b023000-7f590b223000 ---p 00046000 08:05 270401                     /usr/lib/x86_64-linux-gnu/libpulse.so.0.13.5
7f590b223000-7f590b224000 r--p 00046000 08:05 270401                     /usr/lib/x86_64-linux-gnu/libpulse.so.0.13.5
7f590b224000-7f590b225000 rw-p 00047000 08:05 270401                     /usr/lib/x86_64-linux-gnu/libpulse.so.0.13.5
7f590b225000-7f590b27a000 r-xp 00000000 08:05 942359                     /tmp/libgdxjeppe/d13da6b9/libopenal64.so
7f590b27a000-7f590b479000 ---p 00055000 08:05 942359                     /tmp/libgdxjeppe/d13da6b9/libopenal64.so
7f590b479000-7f590b47c000 r--p 00054000 08:05 942359                     /tmp/libgdxjeppe/d13da6b9/libopenal64.so
7f590b47c000-7f590b47d000 rw-p 00057000 08:05 942359                     /tmp/libgdxjeppe/d13da6b9/libopenal64.so
7f590b47d000-7f590b47e000 rw-p 00000000 00:00 0 
7f590b47e000-7f590b482000 r-xp 00000000 08:05 269818                     /usr/lib/x86_64-linux-gnu/libXxf86vm.so.1.0.0
7f590b482000-7f590b681000 ---p 00004000 08:05 269818                     /usr/lib/x86_64-linux-gnu/libXxf86vm.so.1.0.0
7f590b681000-7f590b682000 r--p 00003000 08:05 269818                     /usr/lib/x86_64-linux-gnu/libXxf86vm.so.1.0.0
7f590b682000-7f590b683000 rw-p 00004000 08:05 269818                     /usr/lib/x86_64-linux-gnu/libXxf86vm.so.1.0.0
7f590b683000-7f590b68a000 r-xp 00000000 08:05 269806                     /usr/lib/x86_64-linux-gnu/libXrandr.so.2.2.0
7f590b68a000-7f590b889000 ---p 00007000 08:05 269806                     /usr/lib/x86_64-linux-gnu/libXrandr.so.2.2.0
7f590b889000-7f590b88a000 r--p 00006000 08:05 269806                     /usr/lib/x86_64-linux-gnu/libXrandr.so.2.2.0
7f590b88a000-7f590b88b000 rw-p 00007000 08:05 269806                     /usr/lib/x86_64-linux-gnu/libXrandr.so.2.2.0
7f590b88b000-7f590b8f5000 r-xp 00000000 08:05 942346                     /tmp/libgdxjeppe/d13da6b9/liblwjgl64.so
7f590b8f5000-7f590baf5000 ---p 0006a000 08:05 942346                     /tmp/libgdxjeppe/d13da6b9/liblwjgl64.so
7f590baf5000-7f590baf7000 r--p 0006a000 08:05 942346                     /tmp/libgdxjeppe/d13da6b9/liblwjgl64.so
7f590baf7000-7f590baf8000 rw-p 0006c000 08:05 942346                     /tmp/libgdxjeppe/d13da6b9/liblwjgl64.so
7f590baf8000-7f590baf9000 r-xp 00000000 08:05 1841746                    /usr/lib/jvm/jdk1.7.0/jre/lib/amd64/libjawt.so
7f590baf9000-7f590bcf8000 ---p 00001000 08:05 1841746                    /usr/lib/jvm/jdk1.7.0/jre/lib/amd64/libjawt.so
7f590bcf8000-7f590bcf9000 rw-p 00000000 08:05 1841746                    /usr/lib/jvm/jdk1.7.0/jre/lib/amd64/libjawt.so
7f590bcf9000-7f590bcfc000 ---p 00000000 00:00 0 
7f590bcfc000-7f590bdfa000 rw-p 00000000 00:00 0                          [stack:5991]
7f590bdfa000-7f590bdff000 r-xp 00000000 08:05 269275                     /usr/lib/x86_64-linux-gnu/libXfixes.so.3.1.0
7f590bdff000-7f590bffe000 ---p 00005000 08:05 269275                     /usr/lib/x86_64-linux-gnu/libXfixes.so.3.1.0
7f590bffe000-7f590bfff000 r--p 00004000 08:05 269275                     /usr/lib/x86_64-linux-gnu/libXfixes.so.3.1.0
7f590bfff000-7f590c000000 rw-p 00005000 08:05 269275                     /usr/lib/x86_64-linux-gnu/libXfixes.so.3.1.0
7f590c000000-7f590c021000 rw-p 00000000 00:00 0 
7f590c021000-7f5910000000 ---p 00000000 00:00 0 
7f5910000000-7f5910021000 rw-p 00000000 00:00 0 
7f5910021000-7f5914000000 ---p 00000000 00:00 0 
7f5914000000-7f5914135000 rw-p 00000000 00:00 0 
7f5914135000-7f5918000000 ---p 00000000 00:00 0 
7f5918000000-7f5918021000 rw-p 00000000 00:00 0 
7f5918021000-7f591c000000 ---p 00000000 00:00 0 
7f591c000000-7f591c021000 rw-p 00000000 00:00 0 
7f591c021000-7f5920000000 ---p 00000000 00:00 0 
7f5920000000-7f5920245000 rw-p 00000000 00:00 0 
7f5920245000-7f5924000000 ---p 00000000 00:00 0 
7f5924000000-7f5924021000 rw-p 00000000 00:00 0 
7f5924021000-7f5928000000 ---p 00000000 00:00 0 
7f5928000000-7f5928021000 rw-p 00000000 00:00 0 
7f5928021000-7f592c000000 ---p 00000000 00:00 0 
7f592c000000-7f592c021000 rw-p 00000000 00:00 0 
7f592c021000-7f5930000000 ---p 00000000 00:00 0 
7f593002b000-7f593004b000 rw-s 00004000 00:05 12481                      /dev/ati/card0
7f593004b000-7f593004e000 ---p 00000000 00:00 0 
7f593004e000-7f5930084000 rw-p 00000000 00:00 0                          [stack:5997]
7f5930084000-7f593008d000 r-xp 00000000 08:05 269782                     /usr/lib/x86_64-linux-gnu/libXcursor.so.1.0.2
7f593008d000-7f593028c000 ---p 00009000 08:05 269782                     /usr/lib/x86_64-linux-gnu/libXcursor.so.1.0.2
7f593028c000-7f593028d000 r--p 00008000 08:05 269782                     /usr/lib/x86_64-linux-gnu/libXcursor.so.1.0.2
7f593028d000-7f593028e000 rw-p 00009000 08:05 269782                     /usr/lib/x86_64-linux-gnu/libXcursor.so.1.0.2
7f593028e000-7f5930291000 ---p 00000000 00:00 0 
7f5930291000-7f593038f000 rw-p 00000000 00:00 0                          [stack:5990]
7f593038f000-7f5930394000 r-xp 00000000 08:05 269786                     /usr/lib/x86_64-linux-gnu/libXdmcp.so.6.0.0
7f5930394000-7f5930593000 ---p 00005000 08:05 269786                     /usr/lib/x86_64-linux-gnu/libXdmcp.so.6.0.0
7f5930593000-7f5930594000 r--p 00004000 08:05 269786                     /usr/lib/x86_64-linux-gnu/libXdmcp.so.6.0.0
7f5930594000-7f5930595000 rw-p 00005000 08:05 269786                     /usr/lib/x86_64-linux-gnu/libXdmcp.so.6.0.0
7f5930595000-7f5930597000 r-xp 00000000 08:05 269775                     /usr/lib/x86_64-linux-gnu/libXau.so.6.0.0
7f5930597000-7f5930796000 ---p 00002000 08:05 269775                     /usr/lib/x86_64-linux-gnu/libXau.so.6.0.0
7f5930796000-7f5930797000 r--p 00001000 08:05 269775                     /usr/lib/x86_64-linux-gnu/libXau.so.6.0.0
7f5930797000-7f5930798000 rw-p 00002000 08:05 269775                     /usr/lib/x86_64-linux-gnu/libXau.so.6.0.0
7f5930798000-7f59307b5000 r-xp 00000000 08:05 270382                     /usr/lib/x86_64-linux-gnu/libxcb.so.1.1.0
7f59307b5000-7f59309b4000 ---p 0001d000 08:05 270382                     /usr/lib/x86_64-linux-gnu/libxcb.so.1.1.0
7f59309b4000-7f59309b5000 r--p 0001c000 08:05 270382                     /usr/lib/x86_64-linux-gnu/libxcb.so.1.1.0
7f59309b5000-7f59309b6000 rw-p 0001d000 08:05 270382                     /usr/lib/x86_64-linux-gnu/libxcb.so.1.1.0
7f59309b6000-7f59309c5000 r-xp 00000000 08:05 275292                     /usr/lib/x86_64-linux-gnu/libXi.so.6.1.0
7f59309c5000-7f5930bc4000 ---p 0000f000 08:05 275292                     /usr/lib/x86_64-linux-gnu/libXi.so.6.1.0
7f5930bc4000-7f5930bc5000 r--p 0000e000 08:05 275292                     /usr/lib/x86_64-linux-gnu/libXi.so.6.1.0
7f5930bc5000-7f5930bc6000 rw-p 0000f000 08:05 275292                     /usr/lib/x86_64-linux-gnu/libXi.so.6.1.0
7f5930bc6000-7f5930bcb000 r-xp 00000000 08:05 269814                     /usr/lib/x86_64-linux-gnu/libXtst.so.6.1.0
7f5930bcb000-7f5930dca000 ---p 00005000 08:05 269814                     /usr/lib/x86_64-linux-gnu/libXtst.so.6.1.0
7f5930dca000-7f5930dcb000 r--p 00004000 08:05 269814                     /usr/lib/x86_64-linux-gnu/libXtst.so.6.1.0
7f5930dcb000-7f5930dcc000 rw-p 00005000 08:05 269814                     /usr/lib/x86_64-linux-gnu/libXtst.so.6.1.0
7f5930dcc000-7f5930dd5000 r-xp 00000000 08:05 269810                     /usr/lib/x86_64-linux-gnu/libXrender.so.1.3.0
7f5930dd5000-7f5930fd4000 ---p 00009000 08:05 269810                     /usr/lib/x86_64-linux-gnu/libXrender.so.1.3.0
7f5930fd4000-7f5930fd5000 r--p 00008000 08:05 269810                     /usr/lib/x86_64-linux-gnu/libXrender.so.1.3.0
7f5930fd5000-7f5930fd6000 rw-p 00009000 08:05 269810                     /usr/lib/x86_64-linux-gnu/libXrender.so.1.3.0
7f5930fd6000-7f5931106000 r-xp 00000000 08:05 275240                     /usr/lib/x86_64-linux-gnu/libX11.so.6.3.0
7f5931106000-7f5931306000 ---p 00130000 08:05 275240                     /usr/lib/x86_64-linux-gnu/libX11.so.6.3.0
7f5931306000-7f5931307000 r--p 00130000 08:05 275240                     /usr/lib/x86_64-linux-gnu/libX11.so.6.3.0
7f5931307000-7f593130b000 rw-p 00131000 08:05 275240                     /usr/lib/x86_64-linux-gnu/libX11.so.6.3.0
7f593130b000-7f593131b000 r-xp 00000000 08:05 269788                     /usr/lib/x86_64-linux-gnu/libXext.so.6.4.0
7f593131b000-7f593151a000 ---p 00010000 08:05 269788                     /usr/lib/x86_64-linux-gnu/libXext.so.6.4.0
7f593151a000-7f593151b000 r--p 0000f000 08:05 269788                     /usr/lib/x86_64-linux-gnu/libXext.so.6.4.0
7f593151b000-7f593151c000 rw-p 00010000 08:05 269788                     /usr/lib/x86_64-linux-gnu/libXext.so.6.4.0
7f593151c000-7f593156c000 r-xp 00000000 08:05 1841751                    /usr/lib/jvm/jdk1.7.0/jre/lib/amd64/xawt/libmawt.so
7f593156c000-7f593176c000 ---p 00050000 08:05 1841751                    /usr/lib/jvm/jdk1.7.0/jre/lib/amd64/xawt/libmawt.so
7f593176c000-7f5931770000 rw-p 00050000 08:05 1841751                    /usr/lib/jvm/jdk1.7.0/jre/lib/amd64/xawt/libmawt.so
7f5931770000-7f5931771000 rw-p 00000000 00:00 0 
7f5931771000-7f5931814000 r-xp 00000000 08:05 1841731                    /usr/lib/jvm/jdk1.7.0/jre/lib/amd64/libawt.so
7f5931814000-7f5931a14000 ---p 000a3000 08:05 1841731                    /usr/lib/jvm/jdk1.7.0/jre/lib/amd64/libawt.so
7f5931a14000-7f5931a20000 rw-p 000a3000 08:05 1841731                    /usr/lib/jvm/jdk1.7.0/jre/lib/amd64/libawt.so
7f5931a20000-7f5931a44000 rw-p 00000000 00:00 0 
7f5931a44000-7f5931a59000 r-xp 00000000 08:05 1312136                    /lib/x86_64-linux-gnu/libgcc_s.so.1
7f5931a59000-7f5931c58000 ---p 00015000 08:05 1312136                    /lib/x86_64-linux-gnu/libgcc_s.so.1
7f5931c58000-7f5931c59000 r--p 00014000 08:05 1312136                    /lib/x86_64-linux-gnu/libgcc_s.so.1
7f5931c59000-7f5931c5a000 rw-p 00015000 08:05 1312136                    /lib/x86_64-linux-gnu/libgcc_s.so.1
7f5931c5a000-7f5931d3c000 r-xp 00000000 08:05 270318                     /usr/lib/x86_64-linux-gnu/libstdc++.so.6.0.16
7f5931d3c000-7f5931f3b000 ---p 000e2000 08:05 270318                     /usr/lib/x86_64-linux-gnu/libstdc++.so.6.0.16
7f5931f3b000-7f5931f43000 r--p 000e1000 08:05 270318                     /usr/lib/x86_64-linux-gnu/libstdc++.so.6.0.16
7f5931f43000-7f5931f45000 rw-p 000e9000 08:05 270318                     /usr/lib/x86_64-linux-gnu/libstdc++.so.6.0.16
7f5931f45000-7f5931f5a000 rw-p 00000000 00:00 0 
7f5931f75000-7f5931fe1000 r-xp 00000000 08:05 942074                     /tmp/libgdxjeppe/83c3ff60/libgdx64.so
7f5931fe1000-7f59321e1000 ---p 0006c000 08:05 942074                     /tmp/libgdxjeppe/83c3ff60/libgdx64.so
7f59321e1000-7f59321e3000 r--p 0006c000 08:05 942074                     /tmp/libgdxjeppe/83c3ff60/libgdx64.so
7f59321e3000-7f59321e4000 rw-p 0006e000 08:05 942074                     /tmp/libgdxjeppe/83c3ff60/libgdx64.so
7f59321e4000-7f59321e5000 rw-p 00000000 00:00 0 
7f59321e5000-7f59321e6000 ---p 00000000 00:00 0 
7f59321e6000-7f59322e6000 rw-p 00000000 00:00 0                          [stack:5989]
7f59322e6000-7f59322e9000 ---p 00000000 00:00 0 
7f59322e9000-7f59323e7000 rw-p 00000000 00:00 0                          [stack:5988]
7f59323e7000-7f59323ea000 ---p 00000000 00:00 0 
7f59323ea000-7f59324e8000 rw-p 00000000 00:00 0                          [stack:5987]
7f59324e8000-7f59324eb000 ---p 00000000 00:00 0 
7f59324eb000-7f59325e9000 rw-p 00000000 00:00 0                          [stack:5986]
7f59325e9000-7f59325ec000 ---p 00000000 00:00 0 
7f59325ec000-7f59326ea000 rw-p 00000000 00:00 0                          [stack:5985]
7f59326ea000-7f5932dcd000 r--p 00000000 08:05 268683                     /usr/lib/locale/locale-archive
7f5932dcd000-7f5932dd0000 ---p 00000000 00:00 0 
7f5932dd0000-7f5932ece000 rw-p 00000000 00:00 0                          [stack:5984]
7f5932ece000-7f5932ed1000 ---p 00000000 00:00 0 
7f5932ed1000-7f5932fcf000 rw-p 00000000 00:00 0                          [stack:5983]
7f5932fcf000-7f5932fd0000 ---p 00000000 00:00 0 
7f5932fd0000-7f5934000000 rw-p 00000000 00:00 0                          [stack:5982]
7f5934000000-7f5934021000 rw-p 00000000 00:00 0 
7f5934021000-7f5938000000 ---p 00000000 00:00 0 
7f5938000000-7f5938021000 rw-p 00000000 00:00 0 
7f5938021000-7f593c000000 ---p 00000000 00:00 0 
7f593c000000-7f593c021000 rw-p 00000000 00:00 0 
7f593c021000-7f5940000000 ---p 00000000 00:00 0 
7f5940000000-7f5940021000 rw-p 00000000 00:00 0 
7f5940021000-7f5944000000 ---p 00000000 00:00 0 
7f594400e000-7f594401f000 r--s 00127000 08:05 2149093                    /home/jeppe/code/Platformer/Platformer-desktop/libs/gdx-backend-lwjgl.jar
7f594401f000-7f59440a3000 rw-p 00000000 00:00 0 
7f59440a3000-7f5944260000 r--s 039d3000 08:05 1841896                    /usr/lib/jvm/jdk1.7.0/jre/lib/rt.jar
7f5944260000-7f594766f000 rw-p 00000000 00:00 0 
7f594766f000-7f5947670000 ---p 00000000 00:00 0 
7f5947670000-7f5947770000 rw-p 00000000 00:00 0                          [stack:5981]
7f5947770000-7f5947771000 ---p 00000000 00:00 0 
7f5947771000-7f5947871000 rw-p 00000000 00:00 0                          [stack:5980]
7f5947871000-7f5947872000 ---p 00000000 00:00 0 
7f5947872000-7f5947972000 rw-p 00000000 00:00 0                          [stack:5979]
7f5947972000-7f5947973000 ---p 00000000 00:00 0 
7f5947973000-7f5947a92000 rw-p 00000000 00:00 0                          [stack:5978]
7f5947a92000-7f5947c5e000 rw-p 00000000 00:00 0 
7f5947c5e000-7f5947c69000 rw-p 00000000 00:00 0 
7f5947c69000-7f5947c87000 rw-p 00000000 00:00 0 
7f5947c87000-7f5947ca6000 rw-p 00000000 00:00 0 
7f5947ca6000-7f5947e71000 rw-p 00000000 00:00 0 
7f5947e71000-7f5947e81000 rw-p 00000000 00:00 0 
7f5947e81000-7f5947f67000 rw-p 00000000 00:00 0 
7f5947f67000-7f5947f68000 rw-p 00000000 00:00 0 
7f5947f68000-7f59481d8000 rwxp 00000000 00:00 0 
7f59481d8000-7f594af68000 rw-p 00000000 00:00 0 
7f594af68000-7f594af82000 r-xp 00000000 08:05 1841781                    /usr/lib/jvm/jdk1.7.0/jre/lib/amd64/libzip.so
7f594af82000-7f594b182000 ---p 0001a000 08:05 1841781                    /usr/lib/jvm/jdk1.7.0/jre/lib/amd64/libzip.so
7f594b182000-7f594b183000 rw-p 0001a000 08:05 1841781                    /usr/lib/jvm/jdk1.7.0/jre/lib/amd64/libzip.so
7f594b183000-7f594b18f000 r-xp 00000000 08:05 1308387                    /lib/x86_64-linux-gnu/libnss_files-2.15.so
7f594b18f000-7f594b38e000 ---p 0000c000 08:05 1308387                    /lib/x86_64-linux-gnu/libnss_files-2.15.so
7f594b38e000-7f594b38f000 r--p 0000b000 08:05 1308387                    /lib/x86_64-linux-gnu/libnss_files-2.15.so
7f594b38f000-7f594b390000 rw-p 0000c000 08:05 1308387                    /lib/x86_64-linux-gnu/libnss_files-2.15.so
7f594b390000-7f594b39a000 r-xp 00000000 08:05 1308391                    /lib/x86_64-linux-gnu/libnss_nis-2.15.so
7f594b39a000-7f594b59a000 ---p 0000a000 08:05 1308391                    /lib/x86_64-linux-gnu/libnss_nis-2.15.so
7f594b59a000-7f594b59b000 r--p 0000a000 08:05 1308391                    /lib/x86_64-linux-gnu/libnss_nis-2.15.so
7f594b59b000-7f594b59c000 rw-p 0000b000 08:05 1308391                    /lib/x86_64-linux-gnu/libnss_nis-2.15.so
7f594b59c000-7f594b5b3000 r-xp 00000000 08:05 1308403                    /lib/x86_64-linux-gnu/libnsl-2.15.so
7f594b5b3000-7f594b7b2000 ---p 00017000 08:05 1308403                    /lib/x86_64-linux-gnu/libnsl-2.15.so
7f594b7b2000-7f594b7b3000 r--p 00016000 08:05 1308403                    /lib/x86_64-linux-gnu/libnsl-2.15.so
7f594b7b3000-7f594b7b4000 rw-p 00017000 08:05 1308403                    /lib/x86_64-linux-gnu/libnsl-2.15.so
7f594b7b4000-7f594b7b6000 rw-p 00000000 00:00 0 
7f594b7b6000-7f594b7be000 r-xp 00000000 08:05 1308385                    /lib/x86_64-linux-gnu/libnss_compat-2.15.so
7f594b7be000-7f594b9bd000 ---p 00008000 08:05 1308385                    /lib/x86_64-linux-gnu/libnss_compat-2.15.so
7f594b9bd000-7f594b9be000 r--p 00007000 08:05 1308385                    /lib/x86_64-linux-gnu/libnss_compat-2.15.so
7f594b9be000-7f594b9bf000 rw-p 00008000 08:05 1308385                    /lib/x86_64-linux-gnu/libnss_compat-2.15.so
7f594b9bf000-7f594b9e8000 r-xp 00000000 08:05 1841764                    /usr/lib/jvm/jdk1.7.0/jre/lib/amd64/libjava.so
7f594b9e8000-7f594bbe8000 ---p 00029000 08:05 1841764                    /usr/lib/jvm/jdk1.7.0/jre/lib/amd64/libjava.so
7f594bbe8000-7f594bbea000 rw-p 00029000 08:05 1841764                    /usr/lib/jvm/jdk1.7.0/jre/lib/amd64/libjava.so
7f594bbea000-7f594bbf7000 r-xp 00000000 08:05 1841726                    /usr/lib/jvm/jdk1.7.0/jre/lib/amd64/libverify.so
7f594bbf7000-7f594bdf6000 ---p 0000d000 08:05 1841726                    /usr/lib/jvm/jdk1.7.0/jre/lib/amd64/libverify.so
7f594bdf6000-7f594bdf8000 rw-p 0000c000 08:05 1841726                    /usr/lib/jvm/jdk1.7.0/jre/lib/amd64/libverify.so
7f594bdf8000-7f594bdff000 r-xp 00000000 08:05 1308390                    /lib/x86_64-linux-gnu/librt-2.15.so
7f594bdff000-7f594bffe000 ---p 00007000 08:05 1308390                    /lib/x86_64-linux-gnu/librt-2.15.so
7f594bffe000-7f594bfff000 r--p 00006000 08:05 1308390                    /lib/x86_64-linux-gnu/librt-2.15.so
7f594bfff000-7f594c000000 rw-p 00007000 08:05 1308390                    /lib/x86_64-linux-gnu/librt-2.15.so
7f594c000000-7f594c2bc000 rw-p 00000000 00:00 0 
7f594c2bc000-7f5950000000 ---p 00000000 00:00 0 
7f595000e000-7f5950106000 rw-p 00000000 00:00 0 
7f5950106000-7f5950124000 rw-p 00000000 00:00 0 
7f5950124000-7f595021f000 r-xp 00000000 08:05 1308394                    /lib/x86_64-linux-gnu/libm-2.15.so
7f595021f000-7f595041e000 ---p 000fb000 08:05 1308394                    /lib/x86_64-linux-gnu/libm-2.15.so
7f595041e000-7f595041f000 r--p 000fa000 08:05 1308394                    /lib/x86_64-linux-gnu/libm-2.15.so
7f595041f000-7f5950420000 rw-p 000fb000 08:05 1308394                    /lib/x86_64-linux-gnu/libm-2.15.so
7f5950420000-7f5950f82000 r-xp 00000000 08:05 1841740                    /usr/lib/jvm/jdk1.7.0/jre/lib/amd64/server/libjvm.so
7f5950f82000-7f5951182000 ---p 00b62000 08:05 1841740                    /usr/lib/jvm/jdk1.7.0/jre/lib/amd64/server/libjvm.so
7f5951182000-7f5951245000 rw-p 00b62000 08:05 1841740                    /usr/lib/jvm/jdk1.7.0/jre/lib/amd64/server/libjvm.so
7f5951245000-7f5951286000 rw-p 00000000 00:00 0 
7f5951286000-7f595143b000 r-xp 00000000 08:05 1308383                    /lib/x86_64-linux-gnu/libc-2.15.so
7f595143b000-7f595163b000 ---p 001b5000 08:05 1308383                    /lib/x86_64-linux-gnu/libc-2.15.so
7f595163b000-7f595163f000 r--p 001b5000 08:05 1308383                    /lib/x86_64-linux-gnu/libc-2.15.so
7f595163f000-7f5951641000 rw-p 001b9000 08:05 1308383                    /lib/x86_64-linux-gnu/libc-2.15.so
7f5951641000-7f5951646000 rw-p 00000000 00:00 0 
7f5951646000-7f5951648000 r-xp 00000000 08:05 1308398                    /lib/x86_64-linux-gnu/libdl-2.15.so
7f5951648000-7f5951848000 ---p 00002000 08:05 1308398                    /lib/x86_64-linux-gnu/libdl-2.15.so
7f5951848000-7f5951849000 r--p 00002000 08:05 1308398                    /lib/x86_64-linux-gnu/libdl-2.15.so
7f5951849000-7f595184a000 rw-p 00003000 08:05 1308398                    /lib/x86_64-linux-gnu/libdl-2.15.so
7f595184a000-7f5951860000 r-xp 00000000 08:05 1841755                    /usr/lib/jvm/jdk1.7.0/jre/lib/amd64/jli/libjli.so
7f5951860000-7f5951a60000 ---p 00016000 08:05 1841755                    /usr/lib/jvm/jdk1.7.0/jre/lib/amd64/jli/libjli.so
7f5951a60000-7f5951a61000 rw-p 00016000 08:05 1841755                    /usr/lib/jvm/jdk1.7.0/jre/lib/amd64/jli/libjli.so
7f5951a61000-7f5951a79000 r-xp 00000000 08:05 1308392                    /lib/x86_64-linux-gnu/libpthread-2.15.so
7f5951a79000-7f5951c78000 ---p 00018000 08:05 1308392                    /lib/x86_64-linux-gnu/libpthread-2.15.so
7f5951c78000-7f5951c79000 r--p 00017000 08:05 1308392                    /lib/x86_64-linux-gnu/libpthread-2.15.so
7f5951c79000-7f5951c7a000 rw-p 00018000 08:05 1308392                    /lib/x86_64-linux-gnu/libpthread-2.15.so
7f5951c7a000-7f5951c7e000 rw-p 00000000 00:00 0 
7f5951c7e000-7f5951ca0000 r-xp 00000000 08:05 1308395                    /lib/x86_64-linux-gnu/ld-2.15.so
7f5951ca0000-7f5951ca1000 rw-p 00000000 00:00 0 
7f5951ca1000-7f5951ca2000 rw-s 00005000 00:05 12481                      /dev/ati/card0
7f5951ca2000-7f5951ca9000 r--s 00000000 08:05 409479                     /usr/lib/x86_64-linux-gnu/gconv/gconv-modules.cache
7f5951ca9000-7f5951cbe000 r--s 00149000 08:05 2149072                    /home/jeppe/code/Platformer/Platformer/libs/gdx.jar
7f5951cbe000-7f5951cc8000 rw-p 00000000 00:00 0 
7f5951cc8000-7f5951d7e000 rw-p 00000000 00:00 0 
7f5951d7e000-7f5951d81000 ---p 00000000 00:00 0 
7f5951d81000-7f5951e83000 rw-p 00000000 00:00 0                          [stack:5977]
7f5951e83000-7f5951e85000 rw-s 00002000 00:05 12481                      /dev/ati/card0
7f5951e85000-7f5951e86000 r--s 00100000 08:05 1627694                    /home/jeppe/libs/java/extensions/gdx-controllers/gdx-controllers-desktop-natives.jar
7f5951e86000-7f5951e87000 r--s 00004000 08:05 1627695                    /home/jeppe/libs/java/extensions/gdx-controllers/gdx-controllers-desktop.jar
7f5951e87000-7f5951e88000 r--s 00123000 08:05 2149092                    /home/jeppe/code/Platformer/Platformer-desktop/libs/gdx-natives.jar
7f5951e88000-7f5951e8a000 r--s 0019e000 08:05 2149090                    /home/jeppe/code/Platformer/Platformer-desktop/libs/gdx-backend-lwjgl-natives.jar
7f5951e8a000-7f5951e8b000 r--s 00002000 08:05 1627697                    /home/jeppe/libs/java/extensions/gdx-controllers/gdx-controllers.jar
7f5951e8b000-7f5951e8d000 r--s 00012000 08:05 2149331                    /home/jeppe/code/Platformer/Platformer/libs/libgdx-utils.jar
7f5951e8d000-7f5951e94000 r--s 0004c000 08:05 2149342                    /home/jeppe/code/Platformer/Platformer/libs/kryonet-2.21-all.jar
7f5951e94000-7f5951e9c000 rw-s 00000000 08:05 943454                     /tmp/hsperfdata_jeppe/5972
7f5951e9c000-7f5951e9d000 rw-p 00000000 00:00 0 
7f5951e9d000-7f5951e9e000 r--p 00000000 00:00 0 
7f5951e9e000-7f5951ea0000 rw-p 00000000 00:00 0 
7f5951ea0000-7f5951ea1000 r--p 00022000 08:05 1308395                    /lib/x86_64-linux-gnu/ld-2.15.so
7f5951ea1000-7f5951ea3000 rw-p 00023000 08:05 1308395                    /lib/x86_64-linux-gnu/ld-2.15.so
7fff14a87000-7fff14aa8000 rw-p 00000000 00:00 0                          [stack]
7fff14bfe000-7fff14c00000 r-xp 00000000 00:00 0                          [vdso]
ffffffffff600000-ffffffffff601000 r-xp 00000000 00:00 0                  [vsyscall]

VM Arguments:
jvm_args: -Dfile.encoding=UTF-8 
java_command: com.platformer.platformer.Main
Launcher Type: SUN_STANDARD

Environment Variables:
JAVA_HOME=/usr/local/java/jdk1.7.0_40
PATH=/usr/local/bin:/usr/bin:/bin:/usr/games:/home/jeppe/bin:/usr/local/java/jdk1.7.0_40/bin
USERNAME=jeppe
SHELL=/bin/bash
DISPLAY=:0.0

Signal Handlers:
SIGSEGV: [libjvm.so+0x992d50], sa_mask[0]=0x7ffbfeff, sa_flags=0x10000004
SIGBUS: [libjvm.so+0x992d50], sa_mask[0]=0x7ffbfeff, sa_flags=0x10000004
SIGFPE: [libjvm.so+0x80fb00], sa_mask[0]=0x7ffbfeff, sa_flags=0x10000004
SIGPIPE: [libjvm.so+0x80fb00], sa_mask[0]=0x7ffbfeff, sa_flags=0x10000004
SIGXFSZ: [libjvm.so+0x80fb00], sa_mask[0]=0x7ffbfeff, sa_flags=0x10000004
SIGILL: [libjvm.so+0x80fb00], sa_mask[0]=0x7ffbfeff, sa_flags=0x10000004
SIGUSR1: SIG_DFL, sa_mask[0]=0x00000000, sa_flags=0x00000000
SIGUSR2: [libjvm.so+0x810ff0], sa_mask[0]=0x00000004, sa_flags=0x10000004
SIGHUP: [libjvm.so+0x811f60], sa_mask[0]=0x7ffbfeff, sa_flags=0x10000004
SIGINT: [libjvm.so+0x811f60], sa_mask[0]=0x7ffbfeff, sa_flags=0x10000004
SIGTERM: [libjvm.so+0x811f60], sa_mask[0]=0x7ffbfeff, sa_flags=0x10000004
SIGQUIT: [libjvm.so+0x811f60], sa_mask[0]=0x7ffbfeff, sa_flags=0x10000004


---------------  S Y S T E M  ---------------

OS:wheezy/sid

uname:Linux 3.8.0-35-generic #52~precise1-Ubuntu SMP Thu Jan 30 17:24:40 UTC 2014 x86_64
libc:glibc 2.15 NPTL 2.15 
rlimit: STACK 8192k, CORE 0k, NPROC 46916, NOFILE 4096, AS infinity
load average:0.39 0.39 0.50

/proc/meminfo:
MemTotal:        6024188 kB
MemFree:         1865652 kB
Buffers:          252192 kB
Cached:          1238408 kB
SwapCached:            0 kB
Active:          2507340 kB
Inactive:        1055944 kB
Active(anon):    2073468 kB
Inactive(anon):    42616 kB
Active(file):     433872 kB
Inactive(file):  1013328 kB
Unevictable:           0 kB
Mlocked:               0 kB
SwapTotal:       5119996 kB
SwapFree:        5119996 kB
Dirty:               368 kB
Writeback:             0 kB
AnonPages:       2072508 kB
Mapped:           459224 kB
Shmem:             43408 kB
Slab:             178704 kB
SReclaimable:     147824 kB
SUnreclaim:        30880 kB
KernelStack:        4448 kB
PageTables:        33724 kB
NFS_Unstable:          0 kB
Bounce:                0 kB
WritebackTmp:          0 kB
CommitLimit:     8132088 kB
Committed_AS:    5072840 kB
VmallocTotal:   34359738367 kB
VmallocUsed:      380632 kB
VmallocChunk:   34359354744 kB
HardwareCorrupted:     0 kB
AnonHugePages:         0 kB
HugePages_Total:       0
HugePages_Free:        0
HugePages_Rsvd:        0
HugePages_Surp:        0
Hugepagesize:       2048 kB
DirectMap4k:      311296 kB
DirectMap2M:     5896192 kB


CPU:total 4 (2 cores per cpu, 2 threads per core) family 6 model 42 stepping 7, cmov, cx8, fxsr, mmx, sse, sse2, sse3, ssse3, sse4.1, sse4.2, popcnt, avx, aes, ht, tsc, tscinvbit

/proc/cpuinfo:
processor	: 0
vendor_id	: GenuineIntel
cpu family	: 6
model		: 42
model name	: Intel(R) Core(TM) i5-2450M CPU @ 2.50GHz
stepping	: 7
microcode	: 0x28
cpu MHz		: 800.000
cache size	: 3072 KB
physical id	: 0
siblings	: 4
core id		: 0
cpu cores	: 2
apicid		: 0
initial apicid	: 0
fpu		: yes
fpu_exception	: yes
cpuid level	: 13
wp		: yes
flags		: fpu vme de pse tsc msr pae mce cx8 apic sep mtrr pge mca cmov pat pse36 clflush dts acpi mmx fxsr sse sse2 ss ht tm pbe syscall nx rdtscp lm constant_tsc arch_perfmon pebs bts nopl xtopology nonstop_tsc aperfmperf eagerfpu pni pclmulqdq dtes64 monitor ds_cpl vmx est tm2 ssse3 cx16 xtpr pdcm pcid sse4_1 sse4_2 x2apic popcnt tsc_deadline_timer aes xsave avx lahf_lm ida arat epb xsaveopt pln pts dtherm tpr_shadow vnmi flexpriority ept vpid
bogomips	: 4988.81
clflush size	: 64
cache_alignment	: 64
address sizes	: 36 bits physical, 48 bits virtual
power management:

processor	: 1
vendor_id	: GenuineIntel
cpu family	: 6
model		: 42
model name	: Intel(R) Core(TM) i5-2450M CPU @ 2.50GHz
stepping	: 7
microcode	: 0x28
cpu MHz		: 2501.000
cache size	: 3072 KB
physical id	: 0
siblings	: 4
core id		: 0
cpu cores	: 2
apicid		: 1
initial apicid	: 1
fpu		: yes
fpu_exception	: yes
cpuid level	: 13
wp		: yes
flags		: fpu vme de pse tsc msr pae mce cx8 apic sep mtrr pge mca cmov pat pse36 clflush dts acpi mmx fxsr sse sse2 ss ht tm pbe syscall nx rdtscp lm constant_tsc arch_perfmon pebs bts nopl xtopology nonstop_tsc aperfmperf eagerfpu pni pclmulqdq dtes64 monitor ds_cpl vmx est tm2 ssse3 cx16 xtpr pdcm pcid sse4_1 sse4_2 x2apic popcnt tsc_deadline_timer aes xsave avx lahf_lm ida arat epb xsaveopt pln pts dtherm tpr_shadow vnmi flexpriority ept vpid
bogomips	: 4988.81
clflush size	: 64
cache_alignment	: 64
address sizes	: 36 bits physical, 48 bits virtual
power management:

processor	: 2
vendor_id	: GenuineIntel
cpu family	: 6
model		: 42
model name	: Intel(R) Core(TM) i5-2450M CPU @ 2.50GHz
stepping	: 7
microcode	: 0x28
cpu MHz		: 800.000
cache size	: 3072 KB
physical id	: 0
siblings	: 4
core id		: 1
cpu cores	: 2
apicid		: 2
initial apicid	: 2
fpu		: yes
fpu_exception	: yes
cpuid level	: 13
wp		: yes
flags		: fpu vme de pse tsc msr pae mce cx8 apic sep mtrr pge mca cmov pat pse36 clflush dts acpi mmx fxsr sse sse2 ss ht tm pbe syscall nx rdtscp lm constant_tsc arch_perfmon pebs bts nopl xtopology nonstop_tsc aperfmperf eagerfpu pni pclmulqdq dtes64 monitor ds_cpl vmx est tm2 ssse3 cx16 xtpr pdcm pcid sse4_1 sse4_2 x2apic popcnt tsc_deadline_timer aes xsave avx lahf_lm ida arat epb xsaveopt pln pts dtherm tpr_shadow vnmi flexpriority ept vpid
bogomips	: 4988.81
clflush size	: 64
cache_alignment	: 64
address sizes	: 36 bits physical, 48 bits virtual
power management:

processor	: 3
vendor_id	: GenuineIntel
cpu family	: 6
model		: 42
model name	: Intel(R) Core(TM) i5-2450M CPU @ 2.50GHz
stepping	: 7
microcode	: 0x28
cpu MHz		: 800.000
cache size	: 3072 KB
physical id	: 0
siblings	: 4
core id		: 1
cpu cores	: 2
apicid		: 3
initial apicid	: 3
fpu		: yes
fpu_exception	: yes
cpuid level	: 13
wp		: yes
flags		: fpu vme de pse tsc msr pae mce cx8 apic sep mtrr pge mca cmov pat pse36 clflush dts acpi mmx fxsr sse sse2 ss ht tm pbe syscall nx rdtscp lm constant_tsc arch_perfmon pebs bts nopl xtopology nonstop_tsc aperfmperf eagerfpu pni pclmulqdq dtes64 monitor ds_cpl vmx est tm2 ssse3 cx16 xtpr pdcm pcid sse4_1 sse4_2 x2apic popcnt tsc_deadline_timer aes xsave avx lahf_lm ida arat epb xsaveopt pln pts dtherm tpr_shadow vnmi flexpriority ept vpid
bogomips	: 4988.81
clflush size	: 64
cache_alignment	: 64
address sizes	: 36 bits physical, 48 bits virtual
power management:



Memory: 4k page, physical 6024188k(1865652k free), swap 5119996k(5119996k free)

vm_info: Java HotSpot(TM) 64-Bit Server VM (24.0-b56) for linux-amd64 JRE (1.7.0_40-b43), built on Aug 26 2013 23:53:33 by "java_re" with gcc 4.3.0 20080428 (Red Hat 4.3.0-8)

time: Mon Mar  3 19:26:04 2014
elapsed time: 3 seconds

