#
# A fatal error has been detected by the Java Runtime Environment:
#
#  SIGSEGV (0xb) at pc=0x00007f7bb86fe570, pid=6053, tid=140169508767488
#
# JRE version: Java(TM) SE Runtime Environment (7.0_40-b43) (build 1.7.0_40-b43)
# Java VM: Java HotSpot(TM) 64-Bit Server VM (24.0-b56 mixed mode linux-amd64 compressed oops)
# Problematic frame:
# C  0x00007f7bb86fe570
#
# Failed to write core dump. Core dumps have been disabled. To enable core dumping, try "ulimit -c unlimited" before starting Java again
#
# If you would like to submit a bug report, please visit:
#   http://bugreport.sun.com/bugreport/crash.jsp
# The crash happened outside the Java Virtual Machine in native code.
# See problematic frame for where to report the bug.
#

---------------  T H R E A D  ---------------

Current thread (0x00007f7c0c276800):  JavaThread "LWJGL Application" [_thread_in_native, id=6077, stack(0x00007f7bc1b74000,0x00007f7bc1c75000)]

siginfo:si_signo=SIGSEGV: si_errno=0, si_code=2 (SEGV_ACCERR), si_addr=0x00007f7bb86fe570

Registers:
RAX=0x00007f7bb86fe570, RBX=0x000000009f5950e0, RCX=0x0000000000000101, RDX=0x00007f7bb86fe4d0
RSP=0x00007f7bc1c73218, RBP=0x00007f7bc1c73278, RSI=0x00007f7bc1c732a8, RDI=0x00007f7bb86fe4d0
R8 =0x0000000000000006, R9 =0x00000000ffffffff, R10=0x00007f7c09012cac, R11=0x00007f7c11d64260
R12=0x0000000000000000, R13=0x000000009f5950e0, R14=0x00007f7bc1c732a8, R15=0x00007f7c0c276800
RIP=0x00007f7bb86fe570, EFLAGS=0x0000000000010202, CSGSFS=0x0000000000000033, ERR=0x0000000000000015
  TRAPNO=0x000000000000000e

Top of Stack: (sp=0x00007f7bc1c73218)
0x00007f7bc1c73218:   00007f7c09012cd8 00007f7bc1c73348
0x00007f7bc1c73228:   00007f7bc1c732f0 00007f7bc1c732f0
0x00007f7bc1c73238:   00007f7bc1c73238 0000000000000000
0x00007f7bc1c73248:   00007f7bc1c732a8 000000009f5d2568
0x00007f7bc1c73258:   0000000000000000 000000009f5950e0
0x00007f7bc1c73268:   0000000000000000 00007f7bc1c73298
0x00007f7bc1c73278:   00007f7bc1c732f0 00007f7c09006058
0x00007f7bc1c73288:   0000000000000000 00007f7c0900ecd8
0x00007f7bc1c73298:   00007f7bb86fe4d0 000000009f601368
0x00007f7bc1c732a8:   00000000e23f2b60 00007f7bc1c732b0
0x00007f7bc1c732b8:   000000009f595005 00007f7bc1c73300
0x00007f7bc1c732c8:   000000009f5d2568 0000000000000000
0x00007f7bc1c732d8:   000000009f595020 00007f7bc1c73298
0x00007f7bc1c732e8:   00007f7bc1c73300 00007f7bc1c73348
0x00007f7bc1c732f8:   00007f7c09006058 00000000e23f2b60
0x00007f7bc1c73308:   00007f7bc1c73308 000000009f54eddc
0x00007f7bc1c73318:   00007f7bc1c733b0 000000009f6054b8
0x00007f7bc1c73328:   0000000000000000 000000009f54ee98
0x00007f7bc1c73338:   00007f7bc1c73300 00007f7bc1c73390
0x00007f7bc1c73348:   00007f7bc1c73400 00007f7c09006233
0x00007f7bc1c73358:   00000000e23f2c00 00000000e23f2bd0
0x00007f7bc1c73368:   00000000e23f2b78 00000000e23f2b60
0x00007f7bc1c73378:   00000000e23f2908 00000000e23f28a0
0x00007f7bc1c73388:   00000000e23e3fc0 00007f7c00000000
0x00007f7bc1c73398:   00007f7c41600000 00007f7c41a00000
0x00007f7bc1c733a8:   00000000e22715c0 00000000e23e3f58
0x00007f7bc1c733b8:   00000000e23e3f58 00007f7bc1c733c0
0x00007f7bc1c733c8:   000000009f54cdb2 00007f7bc1c73438
0x00007f7bc1c733d8:   000000009f5dd318 0000000000000000
0x00007f7bc1c733e8:   000000009f54ce18 00007f7bc1c73390
0x00007f7bc1c733f8:   00007f7bc1c73410 00007f7bc1c73480
0x00007f7bc1c73408:   00007f7c09006058 00007f7c00000000 

Instructions: (pc=0x00007f7bb86fe570)
0x00007f7bb86fe550:   01 00 9a ff e5 2a 03 b5 00 16 2a b4 00 1b b6 00
0x00007f7bb86fe560:   5c b1 00 00 00 03 00 1d 04 00 00 00 00 08 00 00
0x00007f7bb86fe570:   00 38 00 0b 00 3a 00 20 61 00 00 00 00 00 00 00
0x00007f7bb86fe580:   78 00 00 b8 7b 7f 00 00 78 00 00 b8 7b 7f 00 00 

Register to memory mapping:

RAX=0x00007f7bb86fe570 is an unknown value
RBX=0x000000009f5950e0 is an oop
{method} 
 - klass: {other class}
RCX=0x0000000000000101 is an unknown value
RDX=0x00007f7bb86fe4d0 is an unknown value
RSP=0x00007f7bc1c73218 is pointing into the stack for thread: 0x00007f7c0c276800
RBP=0x00007f7bc1c73278 is pointing into the stack for thread: 0x00007f7c0c276800
RSI=0x00007f7bc1c732a8 is pointing into the stack for thread: 0x00007f7c0c276800
RDI=0x00007f7bb86fe4d0 is an unknown value
R8 =0x0000000000000006 is an unknown value
R9 =0x00000000ffffffff is an unallocated location in the heap
R10=0x00007f7c09012cac is at code_begin+620 in an Interpreter codelet
method entry point (kind = native)  [0x00007f7c09012a40, 0x00007f7c090132a0]  2144 bytes
R11=0x00007f7c11d64260: <offset 0x8a7260> in /usr/lib/jvm/jdk1.7.0/jre/lib/amd64/server/libjvm.so at 0x00007f7c114bd000
R12=0x0000000000000000 is an unknown value
R13=0x000000009f5950e0 is an oop
{method} 
 - klass: {other class}
R14=0x00007f7bc1c732a8 is pointing into the stack for thread: 0x00007f7c0c276800
R15=0x00007f7c0c276800 is a thread


Stack: [0x00007f7bc1b74000,0x00007f7bc1c75000],  sp=0x00007f7bc1c73218,  free space=1020k
Native frames: (J=compiled Java code, j=interpreted, Vv=VM code, C=native code)
C  0x00007f7bb86fe570
j  com.badlogic.gdx.physics.box2d.Shape.dispose()V+5
j  com.platformer.domain.EnemySoldier.initPhysicsBody(Lcom/badlogic/gdx/physics/box2d/World;FFF)Lcom/badlogic/gdx/physics/box2d/Body;+212
j  com.platformer.domain.DynamicPhysicsEntity.<init>(Lcom/platformer/domain/GameWorld;Lcom/badlogic/gdx/physics/box2d/World;FFF)V+18
j  com.platformer.domain.MortalDynamicPhysicsEntity.<init>(Lcom/platformer/domain/GameWorld;Lcom/badlogic/gdx/physics/box2d/World;FFF)V+8
j  com.platformer.domain.EnemySoldier.<init>(Lcom/platformer/domain/GameWorld;Lcom/badlogic/gdx/physics/box2d/World;FFFLcom/platformer/domain/Soldier;)V+8
j  com.platformer.platformer.WorldLoader.loadEntities(Lcom/platformer/domain/GameWorld;)V+174
j  com.platformer.platformer.WorldLoader.createWorld(Ljava/lang/String;)Lcom/platformer/domain/GameWorld;+22
j  com.platformer.screens.GameScreen.<init>(Lcom/platformer/platformer/Platformer;)V+57
j  com.platformer.screens.MainMenuScreen.render(F)V+139
j  com.badlogic.gdx.Game.render()V+19
j  com.platformer.platformer.Platformer.render()V+1
j  com.badlogic.gdx.backends.lwjgl.LwjglApplication.mainLoop()V+642
j  com.badlogic.gdx.backends.lwjgl.LwjglApplication$1.run()V+27
v  ~StubRoutines::call_stub
V  [libjvm.so+0x5f8405]  JavaCalls::call_helper(JavaValue*, methodHandle*, JavaCallArguments*, Thread*)+0x365
V  [libjvm.so+0x5f6e68]  JavaCalls::call(JavaValue*, methodHandle, JavaCallArguments*, Thread*)+0x28
V  [libjvm.so+0x5f7137]  JavaCalls::call_virtual(JavaValue*, KlassHandle, Symbol*, Symbol*, JavaCallArguments*, Thread*)+0x197
V  [libjvm.so+0x5f7257]  JavaCalls::call_virtual(JavaValue*, Handle, KlassHandle, Symbol*, Symbol*, Thread*)+0x47
V  [libjvm.so+0x6729e5]  thread_entry(JavaThread*, Thread*)+0xe5
V  [libjvm.so+0x94cb2f]  JavaThread::thread_main_inner()+0xdf
V  [libjvm.so+0x94cc35]  JavaThread::run()+0xf5
V  [libjvm.so+0x814a58]  java_start(Thread*)+0x108

Java frames: (J=compiled Java code, j=interpreted, Vv=VM code)
j  com.badlogic.gdx.physics.box2d.Shape.jniDispose(J)V+0
j  com.badlogic.gdx.physics.box2d.Shape.dispose()V+5
j  com.platformer.domain.EnemySoldier.initPhysicsBody(Lcom/badlogic/gdx/physics/box2d/World;FFF)Lcom/badlogic/gdx/physics/box2d/Body;+212
j  com.platformer.domain.DynamicPhysicsEntity.<init>(Lcom/platformer/domain/GameWorld;Lcom/badlogic/gdx/physics/box2d/World;FFF)V+18
j  com.platformer.domain.MortalDynamicPhysicsEntity.<init>(Lcom/platformer/domain/GameWorld;Lcom/badlogic/gdx/physics/box2d/World;FFF)V+8
j  com.platformer.domain.EnemySoldier.<init>(Lcom/platformer/domain/GameWorld;Lcom/badlogic/gdx/physics/box2d/World;FFFLcom/platformer/domain/Soldier;)V+8
j  com.platformer.platformer.WorldLoader.loadEntities(Lcom/platformer/domain/GameWorld;)V+174
j  com.platformer.platformer.WorldLoader.createWorld(Ljava/lang/String;)Lcom/platformer/domain/GameWorld;+22
j  com.platformer.screens.GameScreen.<init>(Lcom/platformer/platformer/Platformer;)V+57
j  com.platformer.screens.MainMenuScreen.render(F)V+139
j  com.badlogic.gdx.Game.render()V+19
j  com.platformer.platformer.Platformer.render()V+1
j  com.badlogic.gdx.backends.lwjgl.LwjglApplication.mainLoop()V+642
j  com.badlogic.gdx.backends.lwjgl.LwjglApplication$1.run()V+27
v  ~StubRoutines::call_stub

---------------  P R O C E S S  ---------------

Java Threads: ( => current thread )
  0x00007f7bb8004000 JavaThread "process reaper" daemon [_thread_blocked, id=6079, stack(0x00007f7c00028000,0x00007f7c00061000)]
  0x00007f7c0c00a000 JavaThread "DestroyJavaVM" [_thread_blocked, id=6058, stack(0x00007f7c12e1b000,0x00007f7c12f1c000)]
=>0x00007f7c0c276800 JavaThread "LWJGL Application" [_thread_in_native, id=6077, stack(0x00007f7bc1b74000,0x00007f7bc1c75000)]
  0x00007f7c0c1ab800 JavaThread "AWT-XAWT" daemon [_thread_in_native, id=6073, stack(0x00007f7bf0dc9000,0x00007f7bf0eca000)]
  0x00007f7c0c188800 JavaThread "Java2D Disposer" daemon [_thread_blocked, id=6072, stack(0x00007f7bf12da000,0x00007f7bf13db000)]
  0x00007f7c0c096800 JavaThread "Service Thread" daemon [_thread_blocked, id=6069, stack(0x00007f7bf3317000,0x00007f7bf3418000)]
  0x00007f7c0c094000 JavaThread "C2 CompilerThread1" daemon [_thread_blocked, id=6068, stack(0x00007f7bf3418000,0x00007f7bf3519000)]
  0x00007f7c0c091000 JavaThread "C2 CompilerThread0" daemon [_thread_blocked, id=6067, stack(0x00007f7bf3519000,0x00007f7bf361a000)]
  0x00007f7c0c086800 JavaThread "Signal Dispatcher" daemon [_thread_blocked, id=6066, stack(0x00007f7bf361a000,0x00007f7bf371b000)]
  0x00007f7c0c070000 JavaThread "Finalizer" daemon [_thread_blocked, id=6065, stack(0x00007f7bf3dfe000,0x00007f7bf3eff000)]
  0x00007f7c0c06c000 JavaThread "Reference Handler" daemon [_thread_blocked, id=6064, stack(0x00007f7bf3eff000,0x00007f7bf4000000)]

Other Threads:
  0x00007f7c0c069800 VMThread [stack: 0x00007f7c00061000,0x00007f7c00162000] [id=6063]
  0x00007f7c0c0a9000 WatcherThread [stack: 0x00007f7bf3216000,0x00007f7bf3317000] [id=6070]

VM state:not at safepoint (normal execution)

VM Mutex/Monitor currently owned by a thread: None

Heap
 PSYoungGen      total 28160K, used 15354K [0x00000000e1500000, 0x00000000e3400000, 0x0000000100000000)
  eden space 24576K, 62% used [0x00000000e1500000,0x00000000e23feae0,0x00000000e2d00000)
  from space 3584K, 0% used [0x00000000e3080000,0x00000000e3080000,0x00000000e3400000)
  to   space 3584K, 0% used [0x00000000e2d00000,0x00000000e2d00000,0x00000000e3080000)
 ParOldGen       total 62464K, used 0K [0x00000000a4000000, 0x00000000a7d00000, 0x00000000e1500000)
  object space 62464K, 0% used [0x00000000a4000000,0x00000000a4000000,0x00000000a7d00000)
 PSPermGen       total 21504K, used 8215K [0x000000009ee00000, 0x00000000a0300000, 0x00000000a4000000)
  object space 21504K, 38% used [0x000000009ee00000,0x000000009f605d38,0x00000000a0300000)

Card table byte_map: [0x00007f7c08cf6000,0x00007f7c09000000] byte_map_base: 0x00007f7c087ff000

Polling page: 0x00007f7c12f3a000

Code Cache  [0x00007f7c09000000, 0x00007f7c09270000, 0x00007f7c0c000000)
 total_blobs=559 nmethods=55 adapters=458 free_code_cache=48513Kb largest_free_block=49660160

Compilation events (10 events):
Event: 2.929 Thread 0x00007f7c0c094000 nmethod 51 0x00007f7c0909bb50 code [0x00007f7c0909bce0, 0x00007f7c0909bf68]
Event: 2.929 Thread 0x00007f7c0c094000   52             com.badlogic.gdx.utils.IntMap::get (81 bytes)
Event: 2.931 Thread 0x00007f7c0c091000 nmethod 47 0x00007f7c0909c7d0 code [0x00007f7c0909c9c0, 0x00007f7c0909d0a8]
Event: 2.931 Thread 0x00007f7c0c094000 nmethod 52 0x00007f7c0909b590 code [0x00007f7c0909b700, 0x00007f7c0909b928]
Event: 2.956 Thread 0x00007f7c0c091000   53             java.lang.String::startsWith (7 bytes)
Event: 2.958 Thread 0x00007f7c0c091000 nmethod 53 0x00007f7c0909e590 code [0x00007f7c0909e6e0, 0x00007f7c0909e858]
Event: 2.970 Thread 0x00007f7c0c094000   54 %           com.badlogic.gdx.math.MathUtils$Sin::<clinit> @ 10 (84 bytes)
Event: 2.973 Thread 0x00007f7c0c094000 nmethod 54% 0x00007f7c0909d910 code [0x00007f7c0909db00, 0x00007f7c0909de78]
Event: 2.995 Thread 0x00007f7c0c091000   55             java.lang.AbstractStringBuilder::ensureCapacityInternal (16 bytes)
Event: 2.997 Thread 0x00007f7c0c091000 nmethod 55 0x00007f7c0909f6d0 code [0x00007f7c0909f820, 0x00007f7c0909fa98]

GC Heap History (0 events):
No events

Deoptimization events (2 events):
Event: 2.932 Thread 0x00007f7c0c276800 Uncommon trap: reason=unreached action=reinterpret pc=0x00007f7c0908ecb4 method=com.badlogic.gdx.utils.Array.iterator()Ljava/util/Iterator; @ 4
Event: 2.932 Thread 0x00007f7c0c276800 Uncommon trap: reason=unreached action=reinterpret pc=0x00007f7c0908e9b0 method=com.badlogic.gdx.utils.Array$ArrayIterable.iterator()Ljava/util/Iterator; @ 4

Internal exceptions (10 events):
Event: 2.985 Thread 0x00007f7c0c276800 Threw 0x00000000e2371280 at /HUDSON/workspace/jdk7u40-2-build-linux-amd64-product/jdk7u40/hotspot/src/share/vm/prims/jvm.cpp:1244
Event: 2.986 Thread 0x00007f7c0c276800 Threw 0x00000000e2375d20 at /HUDSON/workspace/jdk7u40-2-build-linux-amd64-product/jdk7u40/hotspot/src/share/vm/prims/jvm.cpp:1244
Event: 2.988 Thread 0x00007f7c0c276800 Threw 0x00000000e23a7cd8 at /HUDSON/workspace/jdk7u40-2-build-linux-amd64-product/jdk7u40/hotspot/src/share/vm/prims/jvm.cpp:1244
Event: 2.988 Thread 0x00007f7c0c276800 Threw 0x00000000e23ac9c8 at /HUDSON/workspace/jdk7u40-2-build-linux-amd64-product/jdk7u40/hotspot/src/share/vm/prims/jvm.cpp:1244
Event: 2.989 Thread 0x00007f7c0c276800 Threw 0x00000000e23af8c8 at /HUDSON/workspace/jdk7u40-2-build-linux-amd64-product/jdk7u40/hotspot/src/share/vm/prims/jvm.cpp:1244
Event: 2.989 Thread 0x00007f7c0c276800 Threw 0x00000000e23b1e38 at /HUDSON/workspace/jdk7u40-2-build-linux-amd64-product/jdk7u40/hotspot/src/share/vm/prims/jvm.cpp:1244
Event: 2.992 Thread 0x00007f7c0c276800 Threw 0x00000000e23cc8c0 at /HUDSON/workspace/jdk7u40-2-build-linux-amd64-product/jdk7u40/hotspot/src/share/vm/prims/jvm.cpp:1244
Event: 2.994 Thread 0x00007f7c0c276800 Threw 0x00000000e23d86e8 at /HUDSON/workspace/jdk7u40-2-build-linux-amd64-product/jdk7u40/hotspot/src/share/vm/prims/jvm.cpp:1244
Event: 2.994 Thread 0x00007f7c0c276800 Threw 0x00000000e23de518 at /HUDSON/workspace/jdk7u40-2-build-linux-amd64-product/jdk7u40/hotspot/src/share/vm/prims/jvm.cpp:1244
Event: 2.994 Thread 0x00007f7c0c276800 Threw 0x00000000e23e17d0 at /HUDSON/workspace/jdk7u40-2-build-linux-amd64-product/jdk7u40/hotspot/src/share/vm/prims/jvm.cpp:1244

Events (10 events):
Event: 2.989 loading class 0x00007f7bb8607f40
Event: 2.989 loading class 0x00007f7bb8607f40 done
Event: 2.992 loading class 0x00007f7bb86f9c80
Event: 2.992 loading class 0x00007f7bb86f9c80 done
Event: 2.994 loading class 0x00007f7bb8607090
Event: 2.994 loading class 0x00007f7bb8607090 done
Event: 2.994 loading class 0x00007f7bb86fc910
Event: 2.994 loading class 0x00007f7bb86fc910 done
Event: 2.994 loading class 0x00007f7bb8601560
Event: 2.994 loading class 0x00007f7bb8601560 done


Dynamic libraries:
00400000-00401000 r-xp 00000000 08:05 1841065                            /usr/lib/jvm/jdk1.7.0/bin/java
00600000-00601000 rw-p 00000000 08:05 1841065                            /usr/lib/jvm/jdk1.7.0/bin/java
011ad000-011ce000 rw-p 00000000 00:00 0                                  [heap]
9ee00000-a0300000 rw-p 00000000 00:00 0 
a0300000-a4000000 rw-p 00000000 00:00 0 
a4000000-a7d00000 rw-p 00000000 00:00 0 
a7d00000-e1500000 rw-p 00000000 00:00 0 
e1500000-e3400000 rw-p 00000000 00:00 0 
e3400000-100000000 rw-p 00000000 00:00 0 
7f7bac000000-7f7bac021000 rw-p 00000000 00:00 0 
7f7bac021000-7f7bb0000000 ---p 00000000 00:00 0 
7f7bb0bc5000-7f7bb1bc5000 rw-s 3342c000 00:05 12481                      /dev/ati/card0
7f7bb1bc5000-7f7bb3c32000 r-xp 00000000 08:05 398040                     /usr/lib/fglrx/dri/fglrx_dri.so
7f7bb3c32000-7f7bb3d32000 ---p 0206d000 08:05 398040                     /usr/lib/fglrx/dri/fglrx_dri.so
7f7bb3d32000-7f7bb3ed0000 rwxp 0206d000 08:05 398040                     /usr/lib/fglrx/dri/fglrx_dri.so
7f7bb3ed0000-7f7bb4000000 rwxp 00000000 00:00 0 
7f7bb4000000-7f7bb4021000 rw-p 00000000 00:00 0 
7f7bb4021000-7f7bb8000000 ---p 00000000 00:00 0 
7f7bb8000000-7f7bb8a78000 rw-p 00000000 00:00 0 
7f7bb8a78000-7f7bbc000000 ---p 00000000 00:00 0 
7f7bbc000000-7f7bbc021000 rw-p 00000000 00:00 0 
7f7bbc021000-7f7bc0000000 ---p 00000000 00:00 0 
7f7bc0780000-7f7bc09c1000 rw-p 00000000 00:00 0 
7f7bc09c1000-7f7bc0ac2000 rw-s 3342a000 00:05 12481                      /dev/ati/card0
7f7bc0ac2000-7f7bc11c2000 rw-s 00006000 00:05 12481                      /dev/ati/card0
7f7bc11c2000-7f7bc120f000 rw-p 00000000 00:00 0 
7f7bc1281000-7f7bc12c1000 rw-s 0001c000 00:05 12481                      /dev/ati/card0
7f7bc12c1000-7f7bc14c1000 rw-p 00000000 00:00 0 
7f7bc14c1000-7f7bc14c3000 r-xp 00000000 08:05 269796                     /usr/lib/x86_64-linux-gnu/libXinerama.so.1.0.0
7f7bc14c3000-7f7bc16c2000 ---p 00002000 08:05 269796                     /usr/lib/x86_64-linux-gnu/libXinerama.so.1.0.0
7f7bc16c2000-7f7bc16c3000 r--p 00001000 08:05 269796                     /usr/lib/x86_64-linux-gnu/libXinerama.so.1.0.0
7f7bc16c3000-7f7bc16c4000 rw-p 00002000 08:05 269796                     /usr/lib/x86_64-linux-gnu/libXinerama.so.1.0.0
7f7bc16c4000-7f7bc1764000 r-xp 00000000 08:05 396958                     /usr/lib/fglrx/libatiadlxx.so
7f7bc1764000-7f7bc1864000 ---p 000a0000 08:05 396958                     /usr/lib/fglrx/libatiadlxx.so
7f7bc1864000-7f7bc1867000 rw-p 000a0000 08:05 396958                     /usr/lib/fglrx/libatiadlxx.so
7f7bc1867000-7f7bc1877000 rw-p 00000000 00:00 0 
7f7bc1877000-7f7bc1886000 r-xp 00000000 08:05 398240                     /usr/lib/fglrx/libatiuki.so.1.0
7f7bc1886000-7f7bc1986000 ---p 0000f000 08:05 398240                     /usr/lib/fglrx/libatiuki.so.1.0
7f7bc1986000-7f7bc1993000 rw-p 0000f000 08:05 398240                     /usr/lib/fglrx/libatiuki.so.1.0
7f7bc1993000-7f7bc1994000 rw-p 00000000 00:00 0 
7f7bc1994000-7f7bc1a2f000 r-xp 00000000 08:05 398247                     /usr/lib/fglrx/libGL.so.1.2
7f7bc1a2f000-7f7bc1b2e000 ---p 0009b000 08:05 398247                     /usr/lib/fglrx/libGL.so.1.2
7f7bc1b2e000-7f7bc1b57000 rwxp 0009a000 08:05 398247                     /usr/lib/fglrx/libGL.so.1.2
7f7bc1b57000-7f7bc1b74000 rwxp 00000000 00:00 0 
7f7bc1b74000-7f7bc1b77000 ---p 00000000 00:00 0 
7f7bc1b77000-7f7bc1c75000 rw-p 00000000 00:00 0                          [stack:6077]
7f7bc1c75000-7f7bc1c76000 ---p 00000000 00:00 0 
7f7bc1c76000-7f7bc1d76000 rw-p 00000000 00:00 0                          [stack:6076]
7f7bc1d76000-7f7bc5d77000 rw-s 00000000 00:12 40363                      /run/shm/pulse-shm-2520796834
7f7bc5d77000-7f7bc5d78000 ---p 00000000 00:00 0 
7f7bc5d78000-7f7bc6578000 rw-p 00000000 00:00 0                          [stack:6075]
7f7bc6578000-7f7bc6590000 r-xp 00000000 08:05 1308388                    /lib/x86_64-linux-gnu/libresolv-2.15.so
7f7bc6590000-7f7bc6790000 ---p 00018000 08:05 1308388                    /lib/x86_64-linux-gnu/libresolv-2.15.so
7f7bc6790000-7f7bc6791000 r--p 00018000 08:05 1308388                    /lib/x86_64-linux-gnu/libresolv-2.15.so
7f7bc6791000-7f7bc6792000 rw-p 00019000 08:05 1308388                    /lib/x86_64-linux-gnu/libresolv-2.15.so
7f7bc6792000-7f7bc6794000 rw-p 00000000 00:00 0 
7f7bc6794000-7f7bc679a000 r-xp 00000000 08:05 270201                     /usr/lib/x86_64-linux-gnu/libogg.so.0.7.1
7f7bc679a000-7f7bc6999000 ---p 00006000 08:05 270201                     /usr/lib/x86_64-linux-gnu/libogg.so.0.7.1
7f7bc6999000-7f7bc699a000 r--p 00005000 08:05 270201                     /usr/lib/x86_64-linux-gnu/libogg.so.0.7.1
7f7bc699a000-7f7bc699b000 rw-p 00006000 08:05 270201                     /usr/lib/x86_64-linux-gnu/libogg.so.0.7.1
7f7bc699b000-7f7bc69c6000 r-xp 00000000 08:05 270351                     /usr/lib/x86_64-linux-gnu/libvorbis.so.0.4.5
7f7bc69c6000-7f7bc6bc5000 ---p 0002b000 08:05 270351                     /usr/lib/x86_64-linux-gnu/libvorbis.so.0.4.5
7f7bc6bc5000-7f7bc6bc6000 r--p 0002a000 08:05 270351                     /usr/lib/x86_64-linux-gnu/libvorbis.so.0.4.5
7f7bc6bc6000-7f7bc6bc7000 rw-p 0002b000 08:05 270351                     /usr/lib/x86_64-linux-gnu/libvorbis.so.0.4.5
7f7bc6bc7000-7f7bc6e7a000 r-xp 00000000 08:05 270353                     /usr/lib/x86_64-linux-gnu/libvorbisenc.so.2.0.8
7f7bc6e7a000-7f7bc7079000 ---p 002b3000 08:05 270353                     /usr/lib/x86_64-linux-gnu/libvorbisenc.so.2.0.8
7f7bc7079000-7f7bc7095000 r--p 002b2000 08:05 270353                     /usr/lib/x86_64-linux-gnu/libvorbisenc.so.2.0.8
7f7bc7095000-7f7bc7096000 rw-p 002ce000 08:05 270353                     /usr/lib/x86_64-linux-gnu/libvorbisenc.so.2.0.8
7f7bc7096000-7f7bc70de000 r-xp 00000000 08:05 269720                     /usr/lib/x86_64-linux-gnu/libFLAC.so.8.2.0
7f7bc70de000-7f7bc72de000 ---p 00048000 08:05 269720                     /usr/lib/x86_64-linux-gnu/libFLAC.so.8.2.0
7f7bc72de000-7f7bc72df000 r--p 00048000 08:05 269720                     /usr/lib/x86_64-linux-gnu/libFLAC.so.8.2.0
7f7bc72df000-7f7bc72e0000 rw-p 00049000 08:05 269720                     /usr/lib/x86_64-linux-gnu/libFLAC.so.8.2.0
7f7bc72e0000-7f7bc72e5000 r-xp 00000000 08:05 269836                     /usr/lib/x86_64-linux-gnu/libasyncns.so.0.3.1
7f7bc72e5000-7f7bc74e4000 ---p 00005000 08:05 269836                     /usr/lib/x86_64-linux-gnu/libasyncns.so.0.3.1
7f7bc74e4000-7f7bc74e5000 r--p 00004000 08:05 269836                     /usr/lib/x86_64-linux-gnu/libasyncns.so.0.3.1
7f7bc74e5000-7f7bc74e6000 rw-p 00005000 08:05 269836                     /usr/lib/x86_64-linux-gnu/libasyncns.so.0.3.1
7f7bc74e6000-7f7bc7546000 r-xp 00000000 08:05 270296                     /usr/lib/x86_64-linux-gnu/libsndfile.so.1.0.25
7f7bc7546000-7f7bc7746000 ---p 00060000 08:05 270296                     /usr/lib/x86_64-linux-gnu/libsndfile.so.1.0.25
7f7bc7746000-7f7bc7748000 r--p 00060000 08:05 270296                     /usr/lib/x86_64-linux-gnu/libsndfile.so.1.0.25
7f7bc7748000-7f7bc7749000 rw-p 00062000 08:05 270296                     /usr/lib/x86_64-linux-gnu/libsndfile.so.1.0.25
7f7bc7749000-7f7bc774d000 rw-p 00000000 00:00 0 
7f7bc774d000-7f7bc7755000 r-xp 00000000 08:05 1312224                    /lib/x86_64-linux-gnu/libwrap.so.0.7.6
7f7bc7755000-7f7bc7954000 ---p 00008000 08:05 1312224                    /lib/x86_64-linux-gnu/libwrap.so.0.7.6
7f7bc7954000-7f7bc7955000 r--p 00007000 08:05 1312224                    /lib/x86_64-linux-gnu/libwrap.so.0.7.6
7f7bc7955000-7f7bc7956000 rw-p 00008000 08:05 1312224                    /lib/x86_64-linux-gnu/libwrap.so.0.7.6
7f7bc7956000-7f7bc7998000 r-xp 00000000 08:05 1312127                    /lib/x86_64-linux-gnu/libdbus-1.so.3.5.8
7f7bc7998000-7f7bc7b98000 ---p 00042000 08:05 1312127                    /lib/x86_64-linux-gnu/libdbus-1.so.3.5.8
7f7bc7b98000-7f7bc7b99000 r--p 00042000 08:05 1312127                    /lib/x86_64-linux-gnu/libdbus-1.so.3.5.8
7f7bc7b99000-7f7bc7b9a000 rw-p 00043000 08:05 1312127                    /lib/x86_64-linux-gnu/libdbus-1.so.3.5.8
7f7bc7b9a000-7f7bc7bf6000 r-xp 00000000 08:05 270403                     /usr/lib/x86_64-linux-gnu/libpulsecommon-1.1.so
7f7bc7bf6000-7f7bc7df6000 ---p 0005c000 08:05 270403                     /usr/lib/x86_64-linux-gnu/libpulsecommon-1.1.so
7f7bc7df6000-7f7bc7df7000 r--p 0005c000 08:05 270403                     /usr/lib/x86_64-linux-gnu/libpulsecommon-1.1.so
7f7bc7df7000-7f7bc7df8000 rw-p 0005d000 08:05 270403                     /usr/lib/x86_64-linux-gnu/libpulsecommon-1.1.so
7f7bc7df8000-7f7bc7dff000 r-xp 00000000 08:05 270135                     /usr/lib/x86_64-linux-gnu/libjson.so.0.0.1
7f7bc7dff000-7f7bc7ffe000 ---p 00007000 08:05 270135                     /usr/lib/x86_64-linux-gnu/libjson.so.0.0.1
7f7bc7ffe000-7f7bc7fff000 r--p 00006000 08:05 270135                     /usr/lib/x86_64-linux-gnu/libjson.so.0.0.1
7f7bc7fff000-7f7bc8000000 rw-p 00007000 08:05 270135                     /usr/lib/x86_64-linux-gnu/libjson.so.0.0.1
7f7bc8000000-7f7bc8021000 rw-p 00000000 00:00 0 
7f7bc8021000-7f7bcc000000 ---p 00000000 00:00 0 
7f7bcc000000-7f7bcc021000 rw-p 00000000 00:00 0 
7f7bcc021000-7f7bd0000000 ---p 00000000 00:00 0 
7f7bd0000000-7f7bd0021000 rw-p 00000000 00:00 0 
7f7bd0021000-7f7bd4000000 ---p 00000000 00:00 0 
7f7bd4000000-7f7bd4021000 rw-p 00000000 00:00 0 
7f7bd4021000-7f7bd8000000 ---p 00000000 00:00 0 
7f7bd8000000-7f7bd825e000 rw-p 00000000 00:00 0 
7f7bd825e000-7f7bdc000000 ---p 00000000 00:00 0 
7f7bdc000000-7f7bdc150000 rw-p 00000000 00:00 0 
7f7bdc150000-7f7be0000000 ---p 00000000 00:00 0 
7f7be0000000-7f7be0021000 rw-p 00000000 00:00 0 
7f7be0021000-7f7be4000000 ---p 00000000 00:00 0 
7f7be4000000-7f7be4021000 rw-p 00000000 00:00 0 
7f7be4021000-7f7be8000000 ---p 00000000 00:00 0 
7f7be8000000-7f7be8021000 rw-p 00000000 00:00 0 
7f7be8021000-7f7bec000000 ---p 00000000 00:00 0 
7f7bec000000-7f7bec021000 rw-p 00000000 00:00 0 
7f7bec021000-7f7bf0000000 ---p 00000000 00:00 0 
7f7bf002d000-7f7bf00ad000 rw-p 00000000 00:00 0 
7f7bf00ad000-7f7bf00f3000 r-xp 00000000 08:05 270401                     /usr/lib/x86_64-linux-gnu/libpulse.so.0.13.5
7f7bf00f3000-7f7bf02f3000 ---p 00046000 08:05 270401                     /usr/lib/x86_64-linux-gnu/libpulse.so.0.13.5
7f7bf02f3000-7f7bf02f4000 r--p 00046000 08:05 270401                     /usr/lib/x86_64-linux-gnu/libpulse.so.0.13.5
7f7bf02f4000-7f7bf02f5000 rw-p 00047000 08:05 270401                     /usr/lib/x86_64-linux-gnu/libpulse.so.0.13.5
7f7bf02f5000-7f7bf034a000 r-xp 00000000 08:05 942359                     /tmp/libgdxjeppe/d13da6b9/libopenal64.so
7f7bf034a000-7f7bf0549000 ---p 00055000 08:05 942359                     /tmp/libgdxjeppe/d13da6b9/libopenal64.so
7f7bf0549000-7f7bf054c000 r--p 00054000 08:05 942359                     /tmp/libgdxjeppe/d13da6b9/libopenal64.so
7f7bf054c000-7f7bf054d000 rw-p 00057000 08:05 942359                     /tmp/libgdxjeppe/d13da6b9/libopenal64.so
7f7bf054d000-7f7bf054e000 rw-p 00000000 00:00 0 
7f7bf054e000-7f7bf0552000 r-xp 00000000 08:05 269818                     /usr/lib/x86_64-linux-gnu/libXxf86vm.so.1.0.0
7f7bf0552000-7f7bf0751000 ---p 00004000 08:05 269818                     /usr/lib/x86_64-linux-gnu/libXxf86vm.so.1.0.0
7f7bf0751000-7f7bf0752000 r--p 00003000 08:05 269818                     /usr/lib/x86_64-linux-gnu/libXxf86vm.so.1.0.0
7f7bf0752000-7f7bf0753000 rw-p 00004000 08:05 269818                     /usr/lib/x86_64-linux-gnu/libXxf86vm.so.1.0.0
7f7bf0753000-7f7bf075a000 r-xp 00000000 08:05 269806                     /usr/lib/x86_64-linux-gnu/libXrandr.so.2.2.0
7f7bf075a000-7f7bf0959000 ---p 00007000 08:05 269806                     /usr/lib/x86_64-linux-gnu/libXrandr.so.2.2.0
7f7bf0959000-7f7bf095a000 r--p 00006000 08:05 269806                     /usr/lib/x86_64-linux-gnu/libXrandr.so.2.2.0
7f7bf095a000-7f7bf095b000 rw-p 00007000 08:05 269806                     /usr/lib/x86_64-linux-gnu/libXrandr.so.2.2.0
7f7bf095b000-7f7bf09c5000 r-xp 00000000 08:05 942346                     /tmp/libgdxjeppe/d13da6b9/liblwjgl64.so
7f7bf09c5000-7f7bf0bc5000 ---p 0006a000 08:05 942346                     /tmp/libgdxjeppe/d13da6b9/liblwjgl64.so
7f7bf0bc5000-7f7bf0bc7000 r--p 0006a000 08:05 942346                     /tmp/libgdxjeppe/d13da6b9/liblwjgl64.so
7f7bf0bc7000-7f7bf0bc8000 rw-p 0006c000 08:05 942346                     /tmp/libgdxjeppe/d13da6b9/liblwjgl64.so
7f7bf0bc8000-7f7bf0bc9000 r-xp 00000000 08:05 1841746                    /usr/lib/jvm/jdk1.7.0/jre/lib/amd64/libjawt.so
7f7bf0bc9000-7f7bf0dc8000 ---p 00001000 08:05 1841746                    /usr/lib/jvm/jdk1.7.0/jre/lib/amd64/libjawt.so
7f7bf0dc8000-7f7bf0dc9000 rw-p 00000000 08:05 1841746                    /usr/lib/jvm/jdk1.7.0/jre/lib/amd64/libjawt.so
7f7bf0dc9000-7f7bf0dcc000 ---p 00000000 00:00 0 
7f7bf0dcc000-7f7bf0eca000 rw-p 00000000 00:00 0                          [stack:6073]
7f7bf0eca000-7f7bf0ecf000 r-xp 00000000 08:05 269275                     /usr/lib/x86_64-linux-gnu/libXfixes.so.3.1.0
7f7bf0ecf000-7f7bf10ce000 ---p 00005000 08:05 269275                     /usr/lib/x86_64-linux-gnu/libXfixes.so.3.1.0
7f7bf10ce000-7f7bf10cf000 r--p 00004000 08:05 269275                     /usr/lib/x86_64-linux-gnu/libXfixes.so.3.1.0
7f7bf10cf000-7f7bf10d0000 rw-p 00005000 08:05 269275                     /usr/lib/x86_64-linux-gnu/libXfixes.so.3.1.0
7f7bf10d0000-7f7bf10d9000 r-xp 00000000 08:05 269782                     /usr/lib/x86_64-linux-gnu/libXcursor.so.1.0.2
7f7bf10d9000-7f7bf12d8000 ---p 00009000 08:05 269782                     /usr/lib/x86_64-linux-gnu/libXcursor.so.1.0.2
7f7bf12d8000-7f7bf12d9000 r--p 00008000 08:05 269782                     /usr/lib/x86_64-linux-gnu/libXcursor.so.1.0.2
7f7bf12d9000-7f7bf12da000 rw-p 00009000 08:05 269782                     /usr/lib/x86_64-linux-gnu/libXcursor.so.1.0.2
7f7bf12da000-7f7bf12dd000 ---p 00000000 00:00 0 
7f7bf12dd000-7f7bf13db000 rw-p 00000000 00:00 0                          [stack:6072]
7f7bf13db000-7f7bf13e0000 r-xp 00000000 08:05 269786                     /usr/lib/x86_64-linux-gnu/libXdmcp.so.6.0.0
7f7bf13e0000-7f7bf15df000 ---p 00005000 08:05 269786                     /usr/lib/x86_64-linux-gnu/libXdmcp.so.6.0.0
7f7bf15df000-7f7bf15e0000 r--p 00004000 08:05 269786                     /usr/lib/x86_64-linux-gnu/libXdmcp.so.6.0.0
7f7bf15e0000-7f7bf15e1000 rw-p 00005000 08:05 269786                     /usr/lib/x86_64-linux-gnu/libXdmcp.so.6.0.0
7f7bf15e1000-7f7bf15e3000 r-xp 00000000 08:05 269775                     /usr/lib/x86_64-linux-gnu/libXau.so.6.0.0
7f7bf15e3000-7f7bf17e2000 ---p 00002000 08:05 269775                     /usr/lib/x86_64-linux-gnu/libXau.so.6.0.0
7f7bf17e2000-7f7bf17e3000 r--p 00001000 08:05 269775                     /usr/lib/x86_64-linux-gnu/libXau.so.6.0.0
7f7bf17e3000-7f7bf17e4000 rw-p 00002000 08:05 269775                     /usr/lib/x86_64-linux-gnu/libXau.so.6.0.0
7f7bf17e4000-7f7bf1801000 r-xp 00000000 08:05 270382                     /usr/lib/x86_64-linux-gnu/libxcb.so.1.1.0
7f7bf1801000-7f7bf1a00000 ---p 0001d000 08:05 270382                     /usr/lib/x86_64-linux-gnu/libxcb.so.1.1.0
7f7bf1a00000-7f7bf1a01000 r--p 0001c000 08:05 270382                     /usr/lib/x86_64-linux-gnu/libxcb.so.1.1.0
7f7bf1a01000-7f7bf1a02000 rw-p 0001d000 08:05 270382                     /usr/lib/x86_64-linux-gnu/libxcb.so.1.1.0
7f7bf1a02000-7f7bf1a11000 r-xp 00000000 08:05 275292                     /usr/lib/x86_64-linux-gnu/libXi.so.6.1.0
7f7bf1a11000-7f7bf1c10000 ---p 0000f000 08:05 275292                     /usr/lib/x86_64-linux-gnu/libXi.so.6.1.0
7f7bf1c10000-7f7bf1c11000 r--p 0000e000 08:05 275292                     /usr/lib/x86_64-linux-gnu/libXi.so.6.1.0
7f7bf1c11000-7f7bf1c12000 rw-p 0000f000 08:05 275292                     /usr/lib/x86_64-linux-gnu/libXi.so.6.1.0
7f7bf1c12000-7f7bf1c17000 r-xp 00000000 08:05 269814                     /usr/lib/x86_64-linux-gnu/libXtst.so.6.1.0
7f7bf1c17000-7f7bf1e16000 ---p 00005000 08:05 269814                     /usr/lib/x86_64-linux-gnu/libXtst.so.6.1.0
7f7bf1e16000-7f7bf1e17000 r--p 00004000 08:05 269814                     /usr/lib/x86_64-linux-gnu/libXtst.so.6.1.0
7f7bf1e17000-7f7bf1e18000 rw-p 00005000 08:05 269814                     /usr/lib/x86_64-linux-gnu/libXtst.so.6.1.0
7f7bf1e18000-7f7bf1e21000 r-xp 00000000 08:05 269810                     /usr/lib/x86_64-linux-gnu/libXrender.so.1.3.0
7f7bf1e21000-7f7bf2020000 ---p 00009000 08:05 269810                     /usr/lib/x86_64-linux-gnu/libXrender.so.1.3.0
7f7bf2020000-7f7bf2021000 r--p 00008000 08:05 269810                     /usr/lib/x86_64-linux-gnu/libXrender.so.1.3.0
7f7bf2021000-7f7bf2022000 rw-p 00009000 08:05 269810                     /usr/lib/x86_64-linux-gnu/libXrender.so.1.3.0
7f7bf2022000-7f7bf2152000 r-xp 00000000 08:05 275240                     /usr/lib/x86_64-linux-gnu/libX11.so.6.3.0
7f7bf2152000-7f7bf2352000 ---p 00130000 08:05 275240                     /usr/lib/x86_64-linux-gnu/libX11.so.6.3.0
7f7bf2352000-7f7bf2353000 r--p 00130000 08:05 275240                     /usr/lib/x86_64-linux-gnu/libX11.so.6.3.0
7f7bf2353000-7f7bf2357000 rw-p 00131000 08:05 275240                     /usr/lib/x86_64-linux-gnu/libX11.so.6.3.0
7f7bf2357000-7f7bf2367000 r-xp 00000000 08:05 269788                     /usr/lib/x86_64-linux-gnu/libXext.so.6.4.0
7f7bf2367000-7f7bf2566000 ---p 00010000 08:05 269788                     /usr/lib/x86_64-linux-gnu/libXext.so.6.4.0
7f7bf2566000-7f7bf2567000 r--p 0000f000 08:05 269788                     /usr/lib/x86_64-linux-gnu/libXext.so.6.4.0
7f7bf2567000-7f7bf2568000 rw-p 00010000 08:05 269788                     /usr/lib/x86_64-linux-gnu/libXext.so.6.4.0
7f7bf2568000-7f7bf25b8000 r-xp 00000000 08:05 1841751                    /usr/lib/jvm/jdk1.7.0/jre/lib/amd64/xawt/libmawt.so
7f7bf25b8000-7f7bf27b8000 ---p 00050000 08:05 1841751                    /usr/lib/jvm/jdk1.7.0/jre/lib/amd64/xawt/libmawt.so
7f7bf27b8000-7f7bf27bc000 rw-p 00050000 08:05 1841751                    /usr/lib/jvm/jdk1.7.0/jre/lib/amd64/xawt/libmawt.so
7f7bf27bc000-7f7bf27bd000 rw-p 00000000 00:00 0 
7f7bf27bd000-7f7bf2860000 r-xp 00000000 08:05 1841731                    /usr/lib/jvm/jdk1.7.0/jre/lib/amd64/libawt.so
7f7bf2860000-7f7bf2a60000 ---p 000a3000 08:05 1841731                    /usr/lib/jvm/jdk1.7.0/jre/lib/amd64/libawt.so
7f7bf2a60000-7f7bf2a6c000 rw-p 000a3000 08:05 1841731                    /usr/lib/jvm/jdk1.7.0/jre/lib/amd64/libawt.so
7f7bf2a6c000-7f7bf2a90000 rw-p 00000000 00:00 0 
7f7bf2a90000-7f7bf2aa5000 r-xp 00000000 08:05 1312136                    /lib/x86_64-linux-gnu/libgcc_s.so.1
7f7bf2aa5000-7f7bf2ca4000 ---p 00015000 08:05 1312136                    /lib/x86_64-linux-gnu/libgcc_s.so.1
7f7bf2ca4000-7f7bf2ca5000 r--p 00014000 08:05 1312136                    /lib/x86_64-linux-gnu/libgcc_s.so.1
7f7bf2ca5000-7f7bf2ca6000 rw-p 00015000 08:05 1312136                    /lib/x86_64-linux-gnu/libgcc_s.so.1
7f7bf2ca6000-7f7bf2d88000 r-xp 00000000 08:05 270318                     /usr/lib/x86_64-linux-gnu/libstdc++.so.6.0.16
7f7bf2d88000-7f7bf2f87000 ---p 000e2000 08:05 270318                     /usr/lib/x86_64-linux-gnu/libstdc++.so.6.0.16
7f7bf2f87000-7f7bf2f8f000 r--p 000e1000 08:05 270318                     /usr/lib/x86_64-linux-gnu/libstdc++.so.6.0.16
7f7bf2f8f000-7f7bf2f91000 rw-p 000e9000 08:05 270318                     /usr/lib/x86_64-linux-gnu/libstdc++.so.6.0.16
7f7bf2f91000-7f7bf2fa6000 rw-p 00000000 00:00 0 
7f7bf2fa6000-7f7bf3012000 r-xp 00000000 08:05 942074                     /tmp/libgdxjeppe/83c3ff60/libgdx64.so
7f7bf3012000-7f7bf3212000 ---p 0006c000 08:05 942074                     /tmp/libgdxjeppe/83c3ff60/libgdx64.so
7f7bf3212000-7f7bf3214000 r--p 0006c000 08:05 942074                     /tmp/libgdxjeppe/83c3ff60/libgdx64.so
7f7bf3214000-7f7bf3215000 rw-p 0006e000 08:05 942074                     /tmp/libgdxjeppe/83c3ff60/libgdx64.so
7f7bf3215000-7f7bf3216000 rw-p 00000000 00:00 0 
7f7bf3216000-7f7bf3217000 ---p 00000000 00:00 0 
7f7bf3217000-7f7bf3317000 rw-p 00000000 00:00 0                          [stack:6070]
7f7bf3317000-7f7bf331a000 ---p 00000000 00:00 0 
7f7bf331a000-7f7bf3418000 rw-p 00000000 00:00 0                          [stack:6069]
7f7bf3418000-7f7bf341b000 ---p 00000000 00:00 0 
7f7bf341b000-7f7bf3519000 rw-p 00000000 00:00 0                          [stack:6068]
7f7bf3519000-7f7bf351c000 ---p 00000000 00:00 0 
7f7bf351c000-7f7bf361a000 rw-p 00000000 00:00 0                          [stack:6067]
7f7bf361a000-7f7bf361d000 ---p 00000000 00:00 0 
7f7bf361d000-7f7bf371b000 rw-p 00000000 00:00 0                          [stack:6066]
7f7bf371b000-7f7bf3dfe000 r--p 00000000 08:05 268683                     /usr/lib/locale/locale-archive
7f7bf3dfe000-7f7bf3e01000 ---p 00000000 00:00 0 
7f7bf3e01000-7f7bf3eff000 rw-p 00000000 00:00 0                          [stack:6065]
7f7bf3eff000-7f7bf3f02000 ---p 00000000 00:00 0 
7f7bf3f02000-7f7bf4000000 rw-p 00000000 00:00 0                          [stack:6064]
7f7bf4000000-7f7bf4021000 rw-p 00000000 00:00 0 
7f7bf4021000-7f7bf8000000 ---p 00000000 00:00 0 
7f7bf8000000-7f7bf8021000 rw-p 00000000 00:00 0 
7f7bf8021000-7f7bfc000000 ---p 00000000 00:00 0 
7f7bfc000000-7f7bfc021000 rw-p 00000000 00:00 0 
7f7bfc021000-7f7c00000000 ---p 00000000 00:00 0 
7f7c00028000-7f7c0002b000 ---p 00000000 00:00 0 
7f7c0002b000-7f7c00061000 rw-p 00000000 00:00 0                          [stack:6079]
7f7c00061000-7f7c00062000 ---p 00000000 00:00 0 
7f7c00062000-7f7c04000000 rw-p 00000000 00:00 0                          [stack:6063]
7f7c04000000-7f7c04021000 rw-p 00000000 00:00 0 
7f7c04021000-7f7c08000000 ---p 00000000 00:00 0 
7f7c08005000-7f7c08025000 rw-s 00004000 00:05 12481                      /dev/ati/card0
7f7c08025000-7f7c081cb000 rw-p 00000000 00:00 0 
7f7c081cb000-7f7c08388000 r--s 039d3000 08:05 1841896                    /usr/lib/jvm/jdk1.7.0/jre/lib/rt.jar
7f7c08388000-7f7c08707000 rw-p 00000000 00:00 0 
7f7c08707000-7f7c08708000 ---p 00000000 00:00 0 
7f7c08708000-7f7c08808000 rw-p 00000000 00:00 0                          [stack:6062]
7f7c08808000-7f7c08809000 ---p 00000000 00:00 0 
7f7c08809000-7f7c08909000 rw-p 00000000 00:00 0                          [stack:6061]
7f7c08909000-7f7c0890a000 ---p 00000000 00:00 0 
7f7c0890a000-7f7c08a0a000 rw-p 00000000 00:00 0                          [stack:6060]
7f7c08a0a000-7f7c08a0b000 ---p 00000000 00:00 0 
7f7c08a0b000-7f7c08b2a000 rw-p 00000000 00:00 0                          [stack:6059]
7f7c08b2a000-7f7c08cf6000 rw-p 00000000 00:00 0 
7f7c08cf6000-7f7c08d01000 rw-p 00000000 00:00 0 
7f7c08d01000-7f7c08d1f000 rw-p 00000000 00:00 0 
7f7c08d1f000-7f7c08d3e000 rw-p 00000000 00:00 0 
7f7c08d3e000-7f7c08f09000 rw-p 00000000 00:00 0 
7f7c08f09000-7f7c08f19000 rw-p 00000000 00:00 0 
7f7c08f19000-7f7c08fff000 rw-p 00000000 00:00 0 
7f7c08fff000-7f7c09000000 rw-p 00000000 00:00 0 
7f7c09000000-7f7c09270000 rwxp 00000000 00:00 0 
7f7c09270000-7f7c0c28c000 rw-p 00000000 00:00 0 
7f7c0c28c000-7f7c10000000 ---p 00000000 00:00 0 
7f7c10002000-7f7c10013000 r--s 00127000 08:05 2149093                    /home/jeppe/code/Platformer/Platformer-desktop/libs/gdx-backend-lwjgl.jar
7f7c10013000-7f7c1010b000 rw-p 00000000 00:00 0 
7f7c1010b000-7f7c10129000 rw-p 00000000 00:00 0 
7f7c10129000-7f7c10143000 r-xp 00000000 08:05 1841781                    /usr/lib/jvm/jdk1.7.0/jre/lib/amd64/libzip.so
7f7c10143000-7f7c10343000 ---p 0001a000 08:05 1841781                    /usr/lib/jvm/jdk1.7.0/jre/lib/amd64/libzip.so
7f7c10343000-7f7c10344000 rw-p 0001a000 08:05 1841781                    /usr/lib/jvm/jdk1.7.0/jre/lib/amd64/libzip.so
7f7c10344000-7f7c10350000 r-xp 00000000 08:05 1308387                    /lib/x86_64-linux-gnu/libnss_files-2.15.so
7f7c10350000-7f7c1054f000 ---p 0000c000 08:05 1308387                    /lib/x86_64-linux-gnu/libnss_files-2.15.so
7f7c1054f000-7f7c10550000 r--p 0000b000 08:05 1308387                    /lib/x86_64-linux-gnu/libnss_files-2.15.so
7f7c10550000-7f7c10551000 rw-p 0000c000 08:05 1308387                    /lib/x86_64-linux-gnu/libnss_files-2.15.so
7f7c10551000-7f7c1055b000 r-xp 00000000 08:05 1308391                    /lib/x86_64-linux-gnu/libnss_nis-2.15.so
7f7c1055b000-7f7c1075b000 ---p 0000a000 08:05 1308391                    /lib/x86_64-linux-gnu/libnss_nis-2.15.so
7f7c1075b000-7f7c1075c000 r--p 0000a000 08:05 1308391                    /lib/x86_64-linux-gnu/libnss_nis-2.15.so
7f7c1075c000-7f7c1075d000 rw-p 0000b000 08:05 1308391                    /lib/x86_64-linux-gnu/libnss_nis-2.15.so
7f7c1075d000-7f7c10774000 r-xp 00000000 08:05 1308403                    /lib/x86_64-linux-gnu/libnsl-2.15.so
7f7c10774000-7f7c10973000 ---p 00017000 08:05 1308403                    /lib/x86_64-linux-gnu/libnsl-2.15.so
7f7c10973000-7f7c10974000 r--p 00016000 08:05 1308403                    /lib/x86_64-linux-gnu/libnsl-2.15.so
7f7c10974000-7f7c10975000 rw-p 00017000 08:05 1308403                    /lib/x86_64-linux-gnu/libnsl-2.15.so
7f7c10975000-7f7c10977000 rw-p 00000000 00:00 0 
7f7c10977000-7f7c1097f000 r-xp 00000000 08:05 1308385                    /lib/x86_64-linux-gnu/libnss_compat-2.15.so
7f7c1097f000-7f7c10b7e000 ---p 00008000 08:05 1308385                    /lib/x86_64-linux-gnu/libnss_compat-2.15.so
7f7c10b7e000-7f7c10b7f000 r--p 00007000 08:05 1308385                    /lib/x86_64-linux-gnu/libnss_compat-2.15.so
7f7c10b7f000-7f7c10b80000 rw-p 00008000 08:05 1308385                    /lib/x86_64-linux-gnu/libnss_compat-2.15.so
7f7c10b80000-7f7c10ba9000 r-xp 00000000 08:05 1841764                    /usr/lib/jvm/jdk1.7.0/jre/lib/amd64/libjava.so
7f7c10ba9000-7f7c10da9000 ---p 00029000 08:05 1841764                    /usr/lib/jvm/jdk1.7.0/jre/lib/amd64/libjava.so
7f7c10da9000-7f7c10dab000 rw-p 00029000 08:05 1841764                    /usr/lib/jvm/jdk1.7.0/jre/lib/amd64/libjava.so
7f7c10dab000-7f7c10db8000 r-xp 00000000 08:05 1841726                    /usr/lib/jvm/jdk1.7.0/jre/lib/amd64/libverify.so
7f7c10db8000-7f7c10fb7000 ---p 0000d000 08:05 1841726                    /usr/lib/jvm/jdk1.7.0/jre/lib/amd64/libverify.so
7f7c10fb7000-7f7c10fb9000 rw-p 0000c000 08:05 1841726                    /usr/lib/jvm/jdk1.7.0/jre/lib/amd64/libverify.so
7f7c10fb9000-7f7c10fc0000 r-xp 00000000 08:05 1308390                    /lib/x86_64-linux-gnu/librt-2.15.so
7f7c10fc0000-7f7c111bf000 ---p 00007000 08:05 1308390                    /lib/x86_64-linux-gnu/librt-2.15.so
7f7c111bf000-7f7c111c0000 r--p 00006000 08:05 1308390                    /lib/x86_64-linux-gnu/librt-2.15.so
7f7c111c0000-7f7c111c1000 rw-p 00007000 08:05 1308390                    /lib/x86_64-linux-gnu/librt-2.15.so
7f7c111c1000-7f7c112bc000 r-xp 00000000 08:05 1308394                    /lib/x86_64-linux-gnu/libm-2.15.so
7f7c112bc000-7f7c114bb000 ---p 000fb000 08:05 1308394                    /lib/x86_64-linux-gnu/libm-2.15.so
7f7c114bb000-7f7c114bc000 r--p 000fa000 08:05 1308394                    /lib/x86_64-linux-gnu/libm-2.15.so
7f7c114bc000-7f7c114bd000 rw-p 000fb000 08:05 1308394                    /lib/x86_64-linux-gnu/libm-2.15.so
7f7c114bd000-7f7c1201f000 r-xp 00000000 08:05 1841740                    /usr/lib/jvm/jdk1.7.0/jre/lib/amd64/server/libjvm.so
7f7c1201f000-7f7c1221f000 ---p 00b62000 08:05 1841740                    /usr/lib/jvm/jdk1.7.0/jre/lib/amd64/server/libjvm.so
7f7c1221f000-7f7c122e2000 rw-p 00b62000 08:05 1841740                    /usr/lib/jvm/jdk1.7.0/jre/lib/amd64/server/libjvm.so
7f7c122e2000-7f7c12323000 rw-p 00000000 00:00 0 
7f7c12323000-7f7c124d8000 r-xp 00000000 08:05 1308383                    /lib/x86_64-linux-gnu/libc-2.15.so
7f7c124d8000-7f7c126d8000 ---p 001b5000 08:05 1308383                    /lib/x86_64-linux-gnu/libc-2.15.so
7f7c126d8000-7f7c126dc000 r--p 001b5000 08:05 1308383                    /lib/x86_64-linux-gnu/libc-2.15.so
7f7c126dc000-7f7c126de000 rw-p 001b9000 08:05 1308383                    /lib/x86_64-linux-gnu/libc-2.15.so
7f7c126de000-7f7c126e3000 rw-p 00000000 00:00 0 
7f7c126e3000-7f7c126e5000 r-xp 00000000 08:05 1308398                    /lib/x86_64-linux-gnu/libdl-2.15.so
7f7c126e5000-7f7c128e5000 ---p 00002000 08:05 1308398                    /lib/x86_64-linux-gnu/libdl-2.15.so
7f7c128e5000-7f7c128e6000 r--p 00002000 08:05 1308398                    /lib/x86_64-linux-gnu/libdl-2.15.so
7f7c128e6000-7f7c128e7000 rw-p 00003000 08:05 1308398                    /lib/x86_64-linux-gnu/libdl-2.15.so
7f7c128e7000-7f7c128fd000 r-xp 00000000 08:05 1841755                    /usr/lib/jvm/jdk1.7.0/jre/lib/amd64/jli/libjli.so
7f7c128fd000-7f7c12afd000 ---p 00016000 08:05 1841755                    /usr/lib/jvm/jdk1.7.0/jre/lib/amd64/jli/libjli.so
7f7c12afd000-7f7c12afe000 rw-p 00016000 08:05 1841755                    /usr/lib/jvm/jdk1.7.0/jre/lib/amd64/jli/libjli.so
7f7c12afe000-7f7c12b16000 r-xp 00000000 08:05 1308392                    /lib/x86_64-linux-gnu/libpthread-2.15.so
7f7c12b16000-7f7c12d15000 ---p 00018000 08:05 1308392                    /lib/x86_64-linux-gnu/libpthread-2.15.so
7f7c12d15000-7f7c12d16000 r--p 00017000 08:05 1308392                    /lib/x86_64-linux-gnu/libpthread-2.15.so
7f7c12d16000-7f7c12d17000 rw-p 00018000 08:05 1308392                    /lib/x86_64-linux-gnu/libpthread-2.15.so
7f7c12d17000-7f7c12d1b000 rw-p 00000000 00:00 0 
7f7c12d1b000-7f7c12d3d000 r-xp 00000000 08:05 1308395                    /lib/x86_64-linux-gnu/ld-2.15.so
7f7c12d3d000-7f7c12d3e000 rw-p 00000000 00:00 0 
7f7c12d3e000-7f7c12d3f000 rw-s 00005000 00:05 12481                      /dev/ati/card0
7f7c12d3f000-7f7c12d46000 r--s 00000000 08:05 409479                     /usr/lib/x86_64-linux-gnu/gconv/gconv-modules.cache
7f7c12d46000-7f7c12d5b000 r--s 00149000 08:05 2149072                    /home/jeppe/code/Platformer/Platformer/libs/gdx.jar
7f7c12d5b000-7f7c12d65000 rw-p 00000000 00:00 0 
7f7c12d65000-7f7c12e1b000 rw-p 00000000 00:00 0 
7f7c12e1b000-7f7c12e1e000 ---p 00000000 00:00 0 
7f7c12e1e000-7f7c12f20000 rw-p 00000000 00:00 0                          [stack:6058]
7f7c12f20000-7f7c12f22000 rw-s 00002000 00:05 12481                      /dev/ati/card0
7f7c12f22000-7f7c12f23000 r--s 00100000 08:05 1627694                    /home/jeppe/libs/java/extensions/gdx-controllers/gdx-controllers-desktop-natives.jar
7f7c12f23000-7f7c12f24000 r--s 00004000 08:05 1627695                    /home/jeppe/libs/java/extensions/gdx-controllers/gdx-controllers-desktop.jar
7f7c12f24000-7f7c12f25000 r--s 00123000 08:05 2149092                    /home/jeppe/code/Platformer/Platformer-desktop/libs/gdx-natives.jar
7f7c12f25000-7f7c12f27000 r--s 0019e000 08:05 2149090                    /home/jeppe/code/Platformer/Platformer-desktop/libs/gdx-backend-lwjgl-natives.jar
7f7c12f27000-7f7c12f28000 r--s 00002000 08:05 1627697                    /home/jeppe/libs/java/extensions/gdx-controllers/gdx-controllers.jar
7f7c12f28000-7f7c12f2a000 r--s 00012000 08:05 2149331                    /home/jeppe/code/Platformer/Platformer/libs/libgdx-utils.jar
7f7c12f2a000-7f7c12f31000 r--s 0004c000 08:05 2149342                    /home/jeppe/code/Platformer/Platformer/libs/kryonet-2.21-all.jar
7f7c12f31000-7f7c12f39000 rw-s 00000000 08:05 943454                     /tmp/hsperfdata_jeppe/6053
7f7c12f39000-7f7c12f3a000 rw-p 00000000 00:00 0 
7f7c12f3a000-7f7c12f3b000 r--p 00000000 00:00 0 
7f7c12f3b000-7f7c12f3d000 rw-p 00000000 00:00 0 
7f7c12f3d000-7f7c12f3e000 r--p 00022000 08:05 1308395                    /lib/x86_64-linux-gnu/ld-2.15.so
7f7c12f3e000-7f7c12f40000 rw-p 00023000 08:05 1308395                    /lib/x86_64-linux-gnu/ld-2.15.so
7fffa52ed000-7fffa530e000 rw-p 00000000 00:00 0                          [stack]
7fffa53f1000-7fffa53f3000 r-xp 00000000 00:00 0                          [vdso]
ffffffffff600000-ffffffffff601000 r-xp 00000000 00:00 0                  [vsyscall]

VM Arguments:
jvm_args: -Dfile.encoding=UTF-8 
java_command: com.platformer.platformer.Main
Launcher Type: SUN_STANDARD

Environment Variables:
JAVA_HOME=/usr/local/java/jdk1.7.0_40
PATH=/usr/local/bin:/usr/bin:/bin:/usr/games:/home/jeppe/bin:/usr/local/java/jdk1.7.0_40/bin
USERNAME=jeppe
SHELL=/bin/bash
DISPLAY=:0.0

Signal Handlers:
SIGSEGV: [libjvm.so+0x992d50], sa_mask[0]=0x7ffbfeff, sa_flags=0x10000004
SIGBUS: [libjvm.so+0x992d50], sa_mask[0]=0x7ffbfeff, sa_flags=0x10000004
SIGFPE: [libjvm.so+0x80fb00], sa_mask[0]=0x7ffbfeff, sa_flags=0x10000004
SIGPIPE: [libjvm.so+0x80fb00], sa_mask[0]=0x7ffbfeff, sa_flags=0x10000004
SIGXFSZ: [libjvm.so+0x80fb00], sa_mask[0]=0x7ffbfeff, sa_flags=0x10000004
SIGILL: [libjvm.so+0x80fb00], sa_mask[0]=0x7ffbfeff, sa_flags=0x10000004
SIGUSR1: SIG_DFL, sa_mask[0]=0x00000000, sa_flags=0x00000000
SIGUSR2: [libjvm.so+0x810ff0], sa_mask[0]=0x00000004, sa_flags=0x10000004
SIGHUP: [libjvm.so+0x811f60], sa_mask[0]=0x7ffbfeff, sa_flags=0x10000004
SIGINT: [libjvm.so+0x811f60], sa_mask[0]=0x7ffbfeff, sa_flags=0x10000004
SIGTERM: [libjvm.so+0x811f60], sa_mask[0]=0x7ffbfeff, sa_flags=0x10000004
SIGQUIT: [libjvm.so+0x811f60], sa_mask[0]=0x7ffbfeff, sa_flags=0x10000004


---------------  S Y S T E M  ---------------

OS:wheezy/sid

uname:Linux 3.8.0-35-generic #52~precise1-Ubuntu SMP Thu Jan 30 17:24:40 UTC 2014 x86_64
libc:glibc 2.15 NPTL 2.15 
rlimit: STACK 8192k, CORE 0k, NPROC 46916, NOFILE 4096, AS infinity
load average:0.38 0.38 0.49

/proc/meminfo:
MemTotal:        6024188 kB
MemFree:         1864076 kB
Buffers:          252216 kB
Cached:          1238896 kB
SwapCached:            0 kB
Active:          2507796 kB
Inactive:        1056244 kB
Active(anon):    2073848 kB
Inactive(anon):    42812 kB
Active(file):     433948 kB
Inactive(file):  1013432 kB
Unevictable:           0 kB
Mlocked:               0 kB
SwapTotal:       5119996 kB
SwapFree:        5119996 kB
Dirty:               388 kB
Writeback:             0 kB
AnonPages:       2073228 kB
Mapped:           459720 kB
Shmem:             43740 kB
Slab:             178516 kB
SReclaimable:     147684 kB
SUnreclaim:        30832 kB
KernelStack:        4448 kB
PageTables:        33756 kB
NFS_Unstable:          0 kB
Bounce:                0 kB
WritebackTmp:          0 kB
CommitLimit:     8132088 kB
Committed_AS:    5071948 kB
VmallocTotal:   34359738367 kB
VmallocUsed:      380632 kB
VmallocChunk:   34359354744 kB
HardwareCorrupted:     0 kB
AnonHugePages:         0 kB
HugePages_Total:       0
HugePages_Free:        0
HugePages_Rsvd:        0
HugePages_Surp:        0
Hugepagesize:       2048 kB
DirectMap4k:      311296 kB
DirectMap2M:     5896192 kB


CPU:total 4 (2 cores per cpu, 2 threads per core) family 6 model 42 stepping 7, cmov, cx8, fxsr, mmx, sse, sse2, sse3, ssse3, sse4.1, sse4.2, popcnt, avx, aes, ht, tsc, tscinvbit

/proc/cpuinfo:
processor	: 0
vendor_id	: GenuineIntel
cpu family	: 6
model		: 42
model name	: Intel(R) Core(TM) i5-2450M CPU @ 2.50GHz
stepping	: 7
microcode	: 0x28
cpu MHz		: 800.000
cache size	: 3072 KB
physical id	: 0
siblings	: 4
core id		: 0
cpu cores	: 2
apicid		: 0
initial apicid	: 0
fpu		: yes
fpu_exception	: yes
cpuid level	: 13
wp		: yes
flags		: fpu vme de pse tsc msr pae mce cx8 apic sep mtrr pge mca cmov pat pse36 clflush dts acpi mmx fxsr sse sse2 ss ht tm pbe syscall nx rdtscp lm constant_tsc arch_perfmon pebs bts nopl xtopology nonstop_tsc aperfmperf eagerfpu pni pclmulqdq dtes64 monitor ds_cpl vmx est tm2 ssse3 cx16 xtpr pdcm pcid sse4_1 sse4_2 x2apic popcnt tsc_deadline_timer aes xsave avx lahf_lm ida arat epb xsaveopt pln pts dtherm tpr_shadow vnmi flexpriority ept vpid
bogomips	: 4988.81
clflush size	: 64
cache_alignment	: 64
address sizes	: 36 bits physical, 48 bits virtual
power management:

processor	: 1
vendor_id	: GenuineIntel
cpu family	: 6
model		: 42
model name	: Intel(R) Core(TM) i5-2450M CPU @ 2.50GHz
stepping	: 7
microcode	: 0x28
cpu MHz		: 2501.000
cache size	: 3072 KB
physical id	: 0
siblings	: 4
core id		: 0
cpu cores	: 2
apicid		: 1
initial apicid	: 1
fpu		: yes
fpu_exception	: yes
cpuid level	: 13
wp		: yes
flags		: fpu vme de pse tsc msr pae mce cx8 apic sep mtrr pge mca cmov pat pse36 clflush dts acpi mmx fxsr sse sse2 ss ht tm pbe syscall nx rdtscp lm constant_tsc arch_perfmon pebs bts nopl xtopology nonstop_tsc aperfmperf eagerfpu pni pclmulqdq dtes64 monitor ds_cpl vmx est tm2 ssse3 cx16 xtpr pdcm pcid sse4_1 sse4_2 x2apic popcnt tsc_deadline_timer aes xsave avx lahf_lm ida arat epb xsaveopt pln pts dtherm tpr_shadow vnmi flexpriority ept vpid
bogomips	: 4988.81
clflush size	: 64
cache_alignment	: 64
address sizes	: 36 bits physical, 48 bits virtual
power management:

processor	: 2
vendor_id	: GenuineIntel
cpu family	: 6
model		: 42
model name	: Intel(R) Core(TM) i5-2450M CPU @ 2.50GHz
stepping	: 7
microcode	: 0x28
cpu MHz		: 800.000
cache size	: 3072 KB
physical id	: 0
siblings	: 4
core id		: 1
cpu cores	: 2
apicid		: 2
initial apicid	: 2
fpu		: yes
fpu_exception	: yes
cpuid level	: 13
wp		: yes
flags		: fpu vme de pse tsc msr pae mce cx8 apic sep mtrr pge mca cmov pat pse36 clflush dts acpi mmx fxsr sse sse2 ss ht tm pbe syscall nx rdtscp lm constant_tsc arch_perfmon pebs bts nopl xtopology nonstop_tsc aperfmperf eagerfpu pni pclmulqdq dtes64 monitor ds_cpl vmx est tm2 ssse3 cx16 xtpr pdcm pcid sse4_1 sse4_2 x2apic popcnt tsc_deadline_timer aes xsave avx lahf_lm ida arat epb xsaveopt pln pts dtherm tpr_shadow vnmi flexpriority ept vpid
bogomips	: 4988.81
clflush size	: 64
cache_alignment	: 64
address sizes	: 36 bits physical, 48 bits virtual
power management:

processor	: 3
vendor_id	: GenuineIntel
cpu family	: 6
model		: 42
model name	: Intel(R) Core(TM) i5-2450M CPU @ 2.50GHz
stepping	: 7
microcode	: 0x28
cpu MHz		: 800.000
cache size	: 3072 KB
physical id	: 0
siblings	: 4
core id		: 1
cpu cores	: 2
apicid		: 3
initial apicid	: 3
fpu		: yes
fpu_exception	: yes
cpuid level	: 13
wp		: yes
flags		: fpu vme de pse tsc msr pae mce cx8 apic sep mtrr pge mca cmov pat pse36 clflush dts acpi mmx fxsr sse sse2 ss ht tm pbe syscall nx rdtscp lm constant_tsc arch_perfmon pebs bts nopl xtopology nonstop_tsc aperfmperf eagerfpu pni pclmulqdq dtes64 monitor ds_cpl vmx est tm2 ssse3 cx16 xtpr pdcm pcid sse4_1 sse4_2 x2apic popcnt tsc_deadline_timer aes xsave avx lahf_lm ida arat epb xsaveopt pln pts dtherm tpr_shadow vnmi flexpriority ept vpid
bogomips	: 4988.81
clflush size	: 64
cache_alignment	: 64
address sizes	: 36 bits physical, 48 bits virtual
power management:



Memory: 4k page, physical 6024188k(1864076k free), swap 5119996k(5119996k free)

vm_info: Java HotSpot(TM) 64-Bit Server VM (24.0-b56) for linux-amd64 JRE (1.7.0_40-b43), built on Aug 26 2013 23:53:33 by "java_re" with gcc 4.3.0 20080428 (Red Hat 4.3.0-8)

time: Mon Mar  3 19:26:19 2014
elapsed time: 3 seconds

