#
# A fatal error has been detected by the Java Runtime Environment:
#
#  SIGSEGV (0xb) at pc=0x00007fa4a4716460, pid=5927, tid=140345466873600
#
# JRE version: Java(TM) SE Runtime Environment (7.0_40-b43) (build 1.7.0_40-b43)
# Java VM: Java HotSpot(TM) 64-Bit Server VM (24.0-b56 mixed mode linux-amd64 compressed oops)
# Problematic frame:
# C  0x00007fa4a4716460
#
# Failed to write core dump. Core dumps have been disabled. To enable core dumping, try "ulimit -c unlimited" before starting Java again
#
# If you would like to submit a bug report, please visit:
#   http://bugreport.sun.com/bugreport/crash.jsp
# The crash happened outside the Java Virtual Machine in native code.
# See problematic frame for where to report the bug.
#

---------------  T H R E A D  ---------------

Current thread (0x00007fa4fc250800):  JavaThread "LWJGL Application" [_thread_in_native, id=5951, stack(0x00007fa4b9a2e000,0x00007fa4b9b2f000)]

siginfo:si_signo=SIGSEGV: si_errno=0, si_code=2 (SEGV_ACCERR), si_addr=0x00007fa4a4716460

Registers:
RAX=0x00007fa4a4716460, RBX=0x000000009f594f78, RCX=0x0000000000000101, RDX=0x00007fa4a47163c0
RSP=0x00007fa4b9b2d318, RBP=0x00007fa4b9b2d378, RSI=0x00007fa4b9b2d3a8, RDI=0x00007fa4a47163c0
R8 =0x0000000000000006, R9 =0x00000000ffffffff, R10=0x00007fa4f8df7cac, R11=0x00007fa501c09260
R12=0x0000000000000000, R13=0x000000009f594f78, R14=0x00007fa4b9b2d3a8, R15=0x00007fa4fc250800
RIP=0x00007fa4a4716460, EFLAGS=0x0000000000010206, CSGSFS=0x0000000000000033, ERR=0x0000000000000015
  TRAPNO=0x000000000000000e

Top of Stack: (sp=0x00007fa4b9b2d318)
0x00007fa4b9b2d318:   00007fa4f8df7cd8 00007fa4b9b2d448
0x00007fa4b9b2d328:   00007fa4b9b2d3f0 00007fa4b9b2d3f0
0x00007fa4b9b2d338:   00007fa4b9b2d338 0000000000000000
0x00007fa4b9b2d348:   00007fa4b9b2d3a8 000000009f5d2350
0x00007fa4b9b2d358:   0000000000000000 000000009f594f78
0x00007fa4b9b2d368:   0000000000000000 00007fa4b9b2d398
0x00007fa4b9b2d378:   00007fa4b9b2d3f0 00007fa4f8deb058
0x00007fa4b9b2d388:   0000000000000000 00007fa4f8df3cd8
0x00007fa4b9b2d398:   00007fa4a47163c0 000000009f6010a8
0x00007fa4b9b2d3a8:   00000000e23ea0b8 00007fa4b9b2d3b0
0x00007fa4b9b2d3b8:   000000009f594e9d 00007fa4b9b2d400
0x00007fa4b9b2d3c8:   000000009f5d2350 0000000000000000
0x00007fa4b9b2d3d8:   000000009f594eb8 00007fa4b9b2d398
0x00007fa4b9b2d3e8:   00007fa4b9b2d400 00007fa4b9b2d448
0x00007fa4b9b2d3f8:   00007fa4f8deb058 00000000e23ea0b8
0x00007fa4b9b2d408:   00007fa4b9b2d408 000000009f54ebcc
0x00007fa4b9b2d418:   00007fa4b9b2d4b0 000000009f6051f8
0x00007fa4b9b2d428:   0000000000000000 000000009f54ec88
0x00007fa4b9b2d438:   00007fa4b9b2d400 00007fa4b9b2d490
0x00007fa4b9b2d448:   00007fa4b9b2d500 00007fa4f8deb233
0x00007fa4b9b2d458:   00000000e23ea0e8 00000000e23ea0b8
0x00007fa4b9b2d468:   00000000e23ea060 00000000e23ea048
0x00007fa4b9b2d478:   00000000e23e9df0 00000000e23e9d88
0x00007fa4b9b2d488:   00000000e23e19e0 00007fa400000000
0x00007fa4b9b2d498:   00007fa441600000 00007fa441a00000
0x00007fa4b9b2d4a8:   00000000e226f618 00000000e23e1978
0x00007fa4b9b2d4b8:   00000000e23e1978 00007fa4b9b2d4c0
0x00007fa4b9b2d4c8:   000000009f54cba2 00007fa4b9b2d538
0x00007fa4b9b2d4d8:   000000009f5dd058 0000000000000000
0x00007fa4b9b2d4e8:   000000009f54cc08 00007fa4b9b2d490
0x00007fa4b9b2d4f8:   00007fa4b9b2d510 00007fa4b9b2d580
0x00007fa4b9b2d508:   00007fa4f8deb058 00007fa400000000 

Instructions: (pc=0x00007fa4a4716460)
0x00007fa4a4716440:   01 00 9a ff e5 2a 03 b5 00 16 2a b4 00 1b b6 00
0x00007fa4a4716450:   5c b1 00 00 00 03 00 1d 04 00 00 00 00 08 00 00
0x00007fa4a4716460:   00 38 00 0b 00 3a 00 20 61 00 00 00 00 00 00 00
0x00007fa4a4716470:   78 00 00 a4 a4 7f 00 00 78 00 00 a4 a4 7f 00 00 

Register to memory mapping:

RAX=0x00007fa4a4716460 is an unknown value
RBX=0x000000009f594f78 is an oop
{method} 
 - klass: {other class}
RCX=0x0000000000000101 is an unknown value
RDX=0x00007fa4a47163c0 is an unknown value
RSP=0x00007fa4b9b2d318 is pointing into the stack for thread: 0x00007fa4fc250800
RBP=0x00007fa4b9b2d378 is pointing into the stack for thread: 0x00007fa4fc250800
RSI=0x00007fa4b9b2d3a8 is pointing into the stack for thread: 0x00007fa4fc250800
RDI=0x00007fa4a47163c0 is an unknown value
R8 =0x0000000000000006 is an unknown value
R9 =0x00000000ffffffff is an unallocated location in the heap
R10=0x00007fa4f8df7cac is at code_begin+620 in an Interpreter codelet
method entry point (kind = native)  [0x00007fa4f8df7a40, 0x00007fa4f8df82a0]  2144 bytes
R11=0x00007fa501c09260: <offset 0x8a7260> in /usr/lib/jvm/jdk1.7.0/jre/lib/amd64/server/libjvm.so at 0x00007fa501362000
R12=0x0000000000000000 is an unknown value
R13=0x000000009f594f78 is an oop
{method} 
 - klass: {other class}
R14=0x00007fa4b9b2d3a8 is pointing into the stack for thread: 0x00007fa4fc250800
R15=0x00007fa4fc250800 is a thread


Stack: [0x00007fa4b9a2e000,0x00007fa4b9b2f000],  sp=0x00007fa4b9b2d318,  free space=1020k
Native frames: (J=compiled Java code, j=interpreted, Vv=VM code, C=native code)
C  0x00007fa4a4716460
j  com.badlogic.gdx.physics.box2d.Shape.dispose()V+5
j  com.platformer.domain.EnemySoldier.initPhysicsBody(Lcom/badlogic/gdx/physics/box2d/World;FFF)Lcom/badlogic/gdx/physics/box2d/Body;+212
j  com.platformer.domain.DynamicPhysicsEntity.<init>(Lcom/platformer/domain/GameWorld;Lcom/badlogic/gdx/physics/box2d/World;FFF)V+18
j  com.platformer.domain.MortalDynamicPhysicsEntity.<init>(Lcom/platformer/domain/GameWorld;Lcom/badlogic/gdx/physics/box2d/World;FFF)V+8
j  com.platformer.domain.EnemySoldier.<init>(Lcom/platformer/domain/GameWorld;Lcom/badlogic/gdx/physics/box2d/World;FFFLcom/platformer/domain/Soldier;)V+8
j  com.platformer.platformer.WorldLoader.loadEntities(Lcom/platformer/domain/GameWorld;)V+174
j  com.platformer.platformer.WorldLoader.createWorld(Ljava/lang/String;)Lcom/platformer/domain/GameWorld;+22
j  com.platformer.screens.GameScreen.<init>(Lcom/platformer/platformer/Platformer;)V+57
j  com.platformer.screens.MainMenuScreen.render(F)V+139
j  com.badlogic.gdx.Game.render()V+19
j  com.platformer.platformer.Platformer.render()V+1
j  com.badlogic.gdx.backends.lwjgl.LwjglApplication.mainLoop()V+642
j  com.badlogic.gdx.backends.lwjgl.LwjglApplication$1.run()V+27
v  ~StubRoutines::call_stub
V  [libjvm.so+0x5f8405]  JavaCalls::call_helper(JavaValue*, methodHandle*, JavaCallArguments*, Thread*)+0x365
V  [libjvm.so+0x5f6e68]  JavaCalls::call(JavaValue*, methodHandle, JavaCallArguments*, Thread*)+0x28
V  [libjvm.so+0x5f7137]  JavaCalls::call_virtual(JavaValue*, KlassHandle, Symbol*, Symbol*, JavaCallArguments*, Thread*)+0x197
V  [libjvm.so+0x5f7257]  JavaCalls::call_virtual(JavaValue*, Handle, KlassHandle, Symbol*, Symbol*, Thread*)+0x47
V  [libjvm.so+0x6729e5]  thread_entry(JavaThread*, Thread*)+0xe5
V  [libjvm.so+0x94cb2f]  JavaThread::thread_main_inner()+0xdf
V  [libjvm.so+0x94cc35]  JavaThread::run()+0xf5
V  [libjvm.so+0x814a58]  java_start(Thread*)+0x108

Java frames: (J=compiled Java code, j=interpreted, Vv=VM code)
j  com.badlogic.gdx.physics.box2d.Shape.jniDispose(J)V+0
j  com.badlogic.gdx.physics.box2d.Shape.dispose()V+5
j  com.platformer.domain.EnemySoldier.initPhysicsBody(Lcom/badlogic/gdx/physics/box2d/World;FFF)Lcom/badlogic/gdx/physics/box2d/Body;+212
j  com.platformer.domain.DynamicPhysicsEntity.<init>(Lcom/platformer/domain/GameWorld;Lcom/badlogic/gdx/physics/box2d/World;FFF)V+18
j  com.platformer.domain.MortalDynamicPhysicsEntity.<init>(Lcom/platformer/domain/GameWorld;Lcom/badlogic/gdx/physics/box2d/World;FFF)V+8
j  com.platformer.domain.EnemySoldier.<init>(Lcom/platformer/domain/GameWorld;Lcom/badlogic/gdx/physics/box2d/World;FFFLcom/platformer/domain/Soldier;)V+8
j  com.platformer.platformer.WorldLoader.loadEntities(Lcom/platformer/domain/GameWorld;)V+174
j  com.platformer.platformer.WorldLoader.createWorld(Ljava/lang/String;)Lcom/platformer/domain/GameWorld;+22
j  com.platformer.screens.GameScreen.<init>(Lcom/platformer/platformer/Platformer;)V+57
j  com.platformer.screens.MainMenuScreen.render(F)V+139
j  com.badlogic.gdx.Game.render()V+19
j  com.platformer.platformer.Platformer.render()V+1
j  com.badlogic.gdx.backends.lwjgl.LwjglApplication.mainLoop()V+642
j  com.badlogic.gdx.backends.lwjgl.LwjglApplication$1.run()V+27
v  ~StubRoutines::call_stub

---------------  P R O C E S S  ---------------

Java Threads: ( => current thread )
  0x00007fa4a4004000 JavaThread "process reaper" daemon [_thread_blocked, id=5953, stack(0x00007fa4e00ba000,0x00007fa4e00f3000)]
  0x00007fa4fc00a000 JavaThread "DestroyJavaVM" [_thread_blocked, id=5933, stack(0x00007fa502cc0000,0x00007fa502dc1000)]
=>0x00007fa4fc250800 JavaThread "LWJGL Application" [_thread_in_native, id=5951, stack(0x00007fa4b9a2e000,0x00007fa4b9b2f000)]
  0x00007fa4fc19b800 JavaThread "AWT-XAWT" daemon [_thread_in_native, id=5947, stack(0x00007fa4e0cc8000,0x00007fa4e0dc9000)]
  0x00007fa4fc178800 JavaThread "Java2D Disposer" daemon [_thread_blocked, id=5946, stack(0x00007fa4e11d9000,0x00007fa4e12da000)]
  0x00007fa4fc096800 JavaThread "Service Thread" daemon [_thread_blocked, id=5944, stack(0x00007fa4e3216000,0x00007fa4e3317000)]
  0x00007fa4fc094000 JavaThread "C2 CompilerThread1" daemon [_thread_blocked, id=5943, stack(0x00007fa4e3317000,0x00007fa4e3418000)]
  0x00007fa4fc091000 JavaThread "C2 CompilerThread0" daemon [_thread_blocked, id=5942, stack(0x00007fa4e3418000,0x00007fa4e3519000)]
  0x00007fa4fc086800 JavaThread "Signal Dispatcher" daemon [_thread_blocked, id=5941, stack(0x00007fa4e3519000,0x00007fa4e361a000)]
  0x00007fa4fc070000 JavaThread "Finalizer" daemon [_thread_blocked, id=5940, stack(0x00007fa4e3cfd000,0x00007fa4e3dfe000)]
  0x00007fa4fc06c000 JavaThread "Reference Handler" daemon [_thread_blocked, id=5939, stack(0x00007fa4e3dfe000,0x00007fa4e3eff000)]

Other Threads:
  0x00007fa4fc069800 VMThread [stack: 0x00007fa4e3eff000,0x00007fa4e4000000] [id=5938]
  0x00007fa4fc0a9000 WatcherThread [stack: 0x00007fa4e3115000,0x00007fa4e3216000] [id=5945]

VM state:not at safepoint (normal execution)

VM Mutex/Monitor currently owned by a thread: None

Heap
 PSYoungGen      total 28160K, used 15298K [0x00000000e1500000, 0x00000000e3400000, 0x0000000100000000)
  eden space 24576K, 62% used [0x00000000e1500000,0x00000000e23f0858,0x00000000e2d00000)
  from space 3584K, 0% used [0x00000000e3080000,0x00000000e3080000,0x00000000e3400000)
  to   space 3584K, 0% used [0x00000000e2d00000,0x00000000e2d00000,0x00000000e3080000)
 ParOldGen       total 62464K, used 0K [0x00000000a4000000, 0x00000000a7d00000, 0x00000000e1500000)
  object space 62464K, 0% used [0x00000000a4000000,0x00000000a4000000,0x00000000a7d00000)
 PSPermGen       total 21504K, used 8214K [0x000000009ee00000, 0x00000000a0300000, 0x00000000a4000000)
  object space 21504K, 38% used [0x000000009ee00000,0x000000009f605a78,0x00000000a0300000)

Card table byte_map: [0x00007fa4f8adb000,0x00007fa4f8de5000] byte_map_base: 0x00007fa4f85e4000

Polling page: 0x00007fa502ddf000

Code Cache  [0x00007fa4f8de5000, 0x00007fa4f9055000, 0x00007fa4fbde5000)
 total_blobs=557 nmethods=53 adapters=458 free_code_cache=48515Kb largest_free_block=49664768

Compilation events (10 events):
Event: 3.155 Thread 0x00007fa4fc094000 nmethod 49 0x00007fa4f8e79410 code [0x00007fa4f8e795a0, 0x00007fa4f8e79828]
Event: 3.155 Thread 0x00007fa4fc094000   50             com.badlogic.gdx.utils.IntMap::get (81 bytes)
Event: 3.157 Thread 0x00007fa4fc094000 nmethod 50 0x00007fa4f8e78e50 code [0x00007fa4f8e78fc0, 0x00007fa4f8e791e8]
Event: 3.161 Thread 0x00007fa4fc091000 nmethod 45 0x00007fa4f8e839d0 code [0x00007fa4f8e83bc0, 0x00007fa4f8e842a8]
Event: 3.181 Thread 0x00007fa4fc094000   51             java.lang.String::startsWith (7 bytes)
Event: 3.183 Thread 0x00007fa4fc094000 nmethod 51 0x00007fa4f8e7f610 code [0x00007fa4f8e7f760, 0x00007fa4f8e7f8d8]
Event: 3.194 Thread 0x00007fa4fc091000   52 %           com.badlogic.gdx.math.MathUtils$Sin::<clinit> @ 10 (84 bytes)
Event: 3.197 Thread 0x00007fa4fc091000 nmethod 52% 0x00007fa4f8e85d10 code [0x00007fa4f8e85f00, 0x00007fa4f8e86278]
Event: 3.229 Thread 0x00007fa4fc094000   53             java.lang.AbstractStringBuilder::ensureCapacityInternal (16 bytes)
Event: 3.232 Thread 0x00007fa4fc094000 nmethod 53 0x00007fa4f8e84d90 code [0x00007fa4f8e84ee0, 0x00007fa4f8e85158]

GC Heap History (0 events):
No events

Deoptimization events (2 events):
Event: 3.157 Thread 0x00007fa4fc250800 Uncommon trap: reason=unreached action=reinterpret pc=0x00007fa4f8e7e4f4 method=com.badlogic.gdx.utils.Array.iterator()Ljava/util/Iterator; @ 4
Event: 3.157 Thread 0x00007fa4fc250800 Uncommon trap: reason=unreached action=reinterpret pc=0x00007fa4f8e7e1f0 method=com.badlogic.gdx.utils.Array$ArrayIterable.iterator()Ljava/util/Iterator; @ 4

Internal exceptions (10 events):
Event: 3.219 Thread 0x00007fa4fc250800 Threw 0x00000000e236fc20 at /HUDSON/workspace/jdk7u40-2-build-linux-amd64-product/jdk7u40/hotspot/src/share/vm/prims/jvm.cpp:1244
Event: 3.220 Thread 0x00007fa4fc250800 Threw 0x00000000e23746c0 at /HUDSON/workspace/jdk7u40-2-build-linux-amd64-product/jdk7u40/hotspot/src/share/vm/prims/jvm.cpp:1244
Event: 3.222 Thread 0x00007fa4fc250800 Threw 0x00000000e23a56f8 at /HUDSON/workspace/jdk7u40-2-build-linux-amd64-product/jdk7u40/hotspot/src/share/vm/prims/jvm.cpp:1244
Event: 3.223 Thread 0x00007fa4fc250800 Threw 0x00000000e23aa3e8 at /HUDSON/workspace/jdk7u40-2-build-linux-amd64-product/jdk7u40/hotspot/src/share/vm/prims/jvm.cpp:1244
Event: 3.223 Thread 0x00007fa4fc250800 Threw 0x00000000e23ad2e8 at /HUDSON/workspace/jdk7u40-2-build-linux-amd64-product/jdk7u40/hotspot/src/share/vm/prims/jvm.cpp:1244
Event: 3.223 Thread 0x00007fa4fc250800 Threw 0x00000000e23af858 at /HUDSON/workspace/jdk7u40-2-build-linux-amd64-product/jdk7u40/hotspot/src/share/vm/prims/jvm.cpp:1244
Event: 3.227 Thread 0x00007fa4fc250800 Threw 0x00000000e23ca2e0 at /HUDSON/workspace/jdk7u40-2-build-linux-amd64-product/jdk7u40/hotspot/src/share/vm/prims/jvm.cpp:1244
Event: 3.228 Thread 0x00007fa4fc250800 Threw 0x00000000e23d6108 at /HUDSON/workspace/jdk7u40-2-build-linux-amd64-product/jdk7u40/hotspot/src/share/vm/prims/jvm.cpp:1244
Event: 3.228 Thread 0x00007fa4fc250800 Threw 0x00000000e23dbf38 at /HUDSON/workspace/jdk7u40-2-build-linux-amd64-product/jdk7u40/hotspot/src/share/vm/prims/jvm.cpp:1244
Event: 3.229 Thread 0x00007fa4fc250800 Threw 0x00000000e23df1f0 at /HUDSON/workspace/jdk7u40-2-build-linux-amd64-product/jdk7u40/hotspot/src/share/vm/prims/jvm.cpp:1244

Events (10 events):
Event: 3.223 loading class 0x00007fa4a461b390
Event: 3.223 loading class 0x00007fa4a461b390 done
Event: 3.227 loading class 0x00007fa4a4711b70
Event: 3.227 loading class 0x00007fa4a4711b70 done
Event: 3.228 loading class 0x00007fa4a461b670
Event: 3.228 loading class 0x00007fa4a461b670 done
Event: 3.228 loading class 0x00007fa4a4714800
Event: 3.228 loading class 0x00007fa4a4714800 done
Event: 3.229 loading class 0x00007fa4a46455a0
Event: 3.229 loading class 0x00007fa4a46455a0 done


Dynamic libraries:
00400000-00401000 r-xp 00000000 08:05 1841065                            /usr/lib/jvm/jdk1.7.0/bin/java
00600000-00601000 rw-p 00000000 08:05 1841065                            /usr/lib/jvm/jdk1.7.0/bin/java
01a2a000-01a4b000 rw-p 00000000 00:00 0                                  [heap]
9ee00000-a0300000 rw-p 00000000 00:00 0 
a0300000-a4000000 rw-p 00000000 00:00 0 
a4000000-a7d00000 rw-p 00000000 00:00 0 
a7d00000-e1500000 rw-p 00000000 00:00 0 
e1500000-e3400000 rw-p 00000000 00:00 0 
e3400000-100000000 rw-p 00000000 00:00 0 
7fa498000000-7fa498021000 rw-p 00000000 00:00 0 
7fa498021000-7fa49c000000 ---p 00000000 00:00 0 
7fa4a0000000-7fa4a0021000 rw-p 00000000 00:00 0 
7fa4a0021000-7fa4a4000000 ---p 00000000 00:00 0 
7fa4a4000000-7fa4a4a90000 rw-p 00000000 00:00 0 
7fa4a4a90000-7fa4a8000000 ---p 00000000 00:00 0 
7fa4a8000000-7fa4a8021000 rw-p 00000000 00:00 0 
7fa4a8021000-7fa4ac000000 ---p 00000000 00:00 0 
7fa4acbc4000-7fa4adbc4000 rw-s 3326b000 00:05 12481                      /dev/ati/card0
7fa4adbc4000-7fa4afc31000 r-xp 00000000 08:05 398040                     /usr/lib/fglrx/dri/fglrx_dri.so
7fa4afc31000-7fa4afd31000 ---p 0206d000 08:05 398040                     /usr/lib/fglrx/dri/fglrx_dri.so
7fa4afd31000-7fa4afecf000 rwxp 0206d000 08:05 398040                     /usr/lib/fglrx/dri/fglrx_dri.so
7fa4afecf000-7fa4affff000 rwxp 00000000 00:00 0 
7fa4affff000-7fa4b4000000 rw-s 00000000 00:12 40269                      /run/shm/pulse-shm-3274691767
7fa4b4000000-7fa4b4021000 rw-p 00000000 00:00 0 
7fa4b4021000-7fa4b8000000 ---p 00000000 00:00 0 
7fa4b863a000-7fa4b887b000 rw-p 00000000 00:00 0 
7fa4b887b000-7fa4b897c000 rw-s 33269000 00:05 12481                      /dev/ati/card0
7fa4b897c000-7fa4b907c000 rw-s 00006000 00:05 12481                      /dev/ati/card0
7fa4b907c000-7fa4b90c9000 rw-p 00000000 00:00 0 
7fa4b913b000-7fa4b917b000 rw-s 0001c000 00:05 12481                      /dev/ati/card0
7fa4b917b000-7fa4b937b000 rw-p 00000000 00:00 0 
7fa4b937b000-7fa4b937d000 r-xp 00000000 08:05 269796                     /usr/lib/x86_64-linux-gnu/libXinerama.so.1.0.0
7fa4b937d000-7fa4b957c000 ---p 00002000 08:05 269796                     /usr/lib/x86_64-linux-gnu/libXinerama.so.1.0.0
7fa4b957c000-7fa4b957d000 r--p 00001000 08:05 269796                     /usr/lib/x86_64-linux-gnu/libXinerama.so.1.0.0
7fa4b957d000-7fa4b957e000 rw-p 00002000 08:05 269796                     /usr/lib/x86_64-linux-gnu/libXinerama.so.1.0.0
7fa4b957e000-7fa4b961e000 r-xp 00000000 08:05 396958                     /usr/lib/fglrx/libatiadlxx.so
7fa4b961e000-7fa4b971e000 ---p 000a0000 08:05 396958                     /usr/lib/fglrx/libatiadlxx.so
7fa4b971e000-7fa4b9721000 rw-p 000a0000 08:05 396958                     /usr/lib/fglrx/libatiadlxx.so
7fa4b9721000-7fa4b9731000 rw-p 00000000 00:00 0 
7fa4b9731000-7fa4b9740000 r-xp 00000000 08:05 398240                     /usr/lib/fglrx/libatiuki.so.1.0
7fa4b9740000-7fa4b9840000 ---p 0000f000 08:05 398240                     /usr/lib/fglrx/libatiuki.so.1.0
7fa4b9840000-7fa4b984d000 rw-p 0000f000 08:05 398240                     /usr/lib/fglrx/libatiuki.so.1.0
7fa4b984d000-7fa4b984e000 rw-p 00000000 00:00 0 
7fa4b984e000-7fa4b98e9000 r-xp 00000000 08:05 398247                     /usr/lib/fglrx/libGL.so.1.2
7fa4b98e9000-7fa4b99e8000 ---p 0009b000 08:05 398247                     /usr/lib/fglrx/libGL.so.1.2
7fa4b99e8000-7fa4b9a11000 rwxp 0009a000 08:05 398247                     /usr/lib/fglrx/libGL.so.1.2
7fa4b9a11000-7fa4b9a2e000 rwxp 00000000 00:00 0 
7fa4b9a2e000-7fa4b9a31000 ---p 00000000 00:00 0 
7fa4b9a31000-7fa4b9b2f000 rw-p 00000000 00:00 0                          [stack:5951]
7fa4b9b2f000-7fa4b9b30000 ---p 00000000 00:00 0 
7fa4b9b30000-7fa4ba330000 rw-p 00000000 00:00 0                          [stack:5949]
7fa4ba330000-7fa4ba348000 r-xp 00000000 08:05 1308388                    /lib/x86_64-linux-gnu/libresolv-2.15.so
7fa4ba348000-7fa4ba548000 ---p 00018000 08:05 1308388                    /lib/x86_64-linux-gnu/libresolv-2.15.so
7fa4ba548000-7fa4ba549000 r--p 00018000 08:05 1308388                    /lib/x86_64-linux-gnu/libresolv-2.15.so
7fa4ba549000-7fa4ba54a000 rw-p 00019000 08:05 1308388                    /lib/x86_64-linux-gnu/libresolv-2.15.so
7fa4ba54a000-7fa4ba54c000 rw-p 00000000 00:00 0 
7fa4ba54c000-7fa4ba552000 r-xp 00000000 08:05 270201                     /usr/lib/x86_64-linux-gnu/libogg.so.0.7.1
7fa4ba552000-7fa4ba751000 ---p 00006000 08:05 270201                     /usr/lib/x86_64-linux-gnu/libogg.so.0.7.1
7fa4ba751000-7fa4ba752000 r--p 00005000 08:05 270201                     /usr/lib/x86_64-linux-gnu/libogg.so.0.7.1
7fa4ba752000-7fa4ba753000 rw-p 00006000 08:05 270201                     /usr/lib/x86_64-linux-gnu/libogg.so.0.7.1
7fa4ba753000-7fa4ba77e000 r-xp 00000000 08:05 270351                     /usr/lib/x86_64-linux-gnu/libvorbis.so.0.4.5
7fa4ba77e000-7fa4ba97d000 ---p 0002b000 08:05 270351                     /usr/lib/x86_64-linux-gnu/libvorbis.so.0.4.5
7fa4ba97d000-7fa4ba97e000 r--p 0002a000 08:05 270351                     /usr/lib/x86_64-linux-gnu/libvorbis.so.0.4.5
7fa4ba97e000-7fa4ba97f000 rw-p 0002b000 08:05 270351                     /usr/lib/x86_64-linux-gnu/libvorbis.so.0.4.5
7fa4ba97f000-7fa4bac32000 r-xp 00000000 08:05 270353                     /usr/lib/x86_64-linux-gnu/libvorbisenc.so.2.0.8
7fa4bac32000-7fa4bae31000 ---p 002b3000 08:05 270353                     /usr/lib/x86_64-linux-gnu/libvorbisenc.so.2.0.8
7fa4bae31000-7fa4bae4d000 r--p 002b2000 08:05 270353                     /usr/lib/x86_64-linux-gnu/libvorbisenc.so.2.0.8
7fa4bae4d000-7fa4bae4e000 rw-p 002ce000 08:05 270353                     /usr/lib/x86_64-linux-gnu/libvorbisenc.so.2.0.8
7fa4bae4e000-7fa4bae96000 r-xp 00000000 08:05 269720                     /usr/lib/x86_64-linux-gnu/libFLAC.so.8.2.0
7fa4bae96000-7fa4bb096000 ---p 00048000 08:05 269720                     /usr/lib/x86_64-linux-gnu/libFLAC.so.8.2.0
7fa4bb096000-7fa4bb097000 r--p 00048000 08:05 269720                     /usr/lib/x86_64-linux-gnu/libFLAC.so.8.2.0
7fa4bb097000-7fa4bb098000 rw-p 00049000 08:05 269720                     /usr/lib/x86_64-linux-gnu/libFLAC.so.8.2.0
7fa4bb098000-7fa4bb09d000 r-xp 00000000 08:05 269836                     /usr/lib/x86_64-linux-gnu/libasyncns.so.0.3.1
7fa4bb09d000-7fa4bb29c000 ---p 00005000 08:05 269836                     /usr/lib/x86_64-linux-gnu/libasyncns.so.0.3.1
7fa4bb29c000-7fa4bb29d000 r--p 00004000 08:05 269836                     /usr/lib/x86_64-linux-gnu/libasyncns.so.0.3.1
7fa4bb29d000-7fa4bb29e000 rw-p 00005000 08:05 269836                     /usr/lib/x86_64-linux-gnu/libasyncns.so.0.3.1
7fa4bb29e000-7fa4bb2fe000 r-xp 00000000 08:05 270296                     /usr/lib/x86_64-linux-gnu/libsndfile.so.1.0.25
7fa4bb2fe000-7fa4bb4fe000 ---p 00060000 08:05 270296                     /usr/lib/x86_64-linux-gnu/libsndfile.so.1.0.25
7fa4bb4fe000-7fa4bb500000 r--p 00060000 08:05 270296                     /usr/lib/x86_64-linux-gnu/libsndfile.so.1.0.25
7fa4bb500000-7fa4bb501000 rw-p 00062000 08:05 270296                     /usr/lib/x86_64-linux-gnu/libsndfile.so.1.0.25
7fa4bb501000-7fa4bb505000 rw-p 00000000 00:00 0 
7fa4bb505000-7fa4bb50d000 r-xp 00000000 08:05 1312224                    /lib/x86_64-linux-gnu/libwrap.so.0.7.6
7fa4bb50d000-7fa4bb70c000 ---p 00008000 08:05 1312224                    /lib/x86_64-linux-gnu/libwrap.so.0.7.6
7fa4bb70c000-7fa4bb70d000 r--p 00007000 08:05 1312224                    /lib/x86_64-linux-gnu/libwrap.so.0.7.6
7fa4bb70d000-7fa4bb70e000 rw-p 00008000 08:05 1312224                    /lib/x86_64-linux-gnu/libwrap.so.0.7.6
7fa4bb70e000-7fa4bb750000 r-xp 00000000 08:05 1312127                    /lib/x86_64-linux-gnu/libdbus-1.so.3.5.8
7fa4bb750000-7fa4bb950000 ---p 00042000 08:05 1312127                    /lib/x86_64-linux-gnu/libdbus-1.so.3.5.8
7fa4bb950000-7fa4bb951000 r--p 00042000 08:05 1312127                    /lib/x86_64-linux-gnu/libdbus-1.so.3.5.8
7fa4bb951000-7fa4bb952000 rw-p 00043000 08:05 1312127                    /lib/x86_64-linux-gnu/libdbus-1.so.3.5.8
7fa4bb952000-7fa4bb9ae000 r-xp 00000000 08:05 270403                     /usr/lib/x86_64-linux-gnu/libpulsecommon-1.1.so
7fa4bb9ae000-7fa4bbbae000 ---p 0005c000 08:05 270403                     /usr/lib/x86_64-linux-gnu/libpulsecommon-1.1.so
7fa4bbbae000-7fa4bbbaf000 r--p 0005c000 08:05 270403                     /usr/lib/x86_64-linux-gnu/libpulsecommon-1.1.so
7fa4bbbaf000-7fa4bbbb0000 rw-p 0005d000 08:05 270403                     /usr/lib/x86_64-linux-gnu/libpulsecommon-1.1.so
7fa4bbbb0000-7fa4bbbb7000 r-xp 00000000 08:05 270135                     /usr/lib/x86_64-linux-gnu/libjson.so.0.0.1
7fa4bbbb7000-7fa4bbdb6000 ---p 00007000 08:05 270135                     /usr/lib/x86_64-linux-gnu/libjson.so.0.0.1
7fa4bbdb6000-7fa4bbdb7000 r--p 00006000 08:05 270135                     /usr/lib/x86_64-linux-gnu/libjson.so.0.0.1
7fa4bbdb7000-7fa4bbdb8000 rw-p 00007000 08:05 270135                     /usr/lib/x86_64-linux-gnu/libjson.so.0.0.1
7fa4bbdb8000-7fa4bbdfe000 r-xp 00000000 08:05 270401                     /usr/lib/x86_64-linux-gnu/libpulse.so.0.13.5
7fa4bbdfe000-7fa4bbffe000 ---p 00046000 08:05 270401                     /usr/lib/x86_64-linux-gnu/libpulse.so.0.13.5
7fa4bbffe000-7fa4bbfff000 r--p 00046000 08:05 270401                     /usr/lib/x86_64-linux-gnu/libpulse.so.0.13.5
7fa4bbfff000-7fa4bc000000 rw-p 00047000 08:05 270401                     /usr/lib/x86_64-linux-gnu/libpulse.so.0.13.5
7fa4bc000000-7fa4bc021000 rw-p 00000000 00:00 0 
7fa4bc021000-7fa4c0000000 ---p 00000000 00:00 0 
7fa4c0000000-7fa4c0021000 rw-p 00000000 00:00 0 
7fa4c0021000-7fa4c4000000 ---p 00000000 00:00 0 
7fa4c4000000-7fa4c4161000 rw-p 00000000 00:00 0 
7fa4c4161000-7fa4c8000000 ---p 00000000 00:00 0 
7fa4c8000000-7fa4c8021000 rw-p 00000000 00:00 0 
7fa4c8021000-7fa4cc000000 ---p 00000000 00:00 0 
7fa4cc000000-7fa4cc021000 rw-p 00000000 00:00 0 
7fa4cc021000-7fa4d0000000 ---p 00000000 00:00 0 
7fa4d0000000-7fa4d023e000 rw-p 00000000 00:00 0 
7fa4d023e000-7fa4d4000000 ---p 00000000 00:00 0 
7fa4d4000000-7fa4d4021000 rw-p 00000000 00:00 0 
7fa4d4021000-7fa4d8000000 ---p 00000000 00:00 0 
7fa4d8000000-7fa4d8021000 rw-p 00000000 00:00 0 
7fa4d8021000-7fa4dc000000 ---p 00000000 00:00 0 
7fa4dc000000-7fa4dc021000 rw-p 00000000 00:00 0 
7fa4dc021000-7fa4e0000000 ---p 00000000 00:00 0 
7fa4e001a000-7fa4e009a000 rw-p 00000000 00:00 0 
7fa4e009a000-7fa4e00ba000 rw-s 00004000 00:05 12481                      /dev/ati/card0
7fa4e00ba000-7fa4e00bd000 ---p 00000000 00:00 0 
7fa4e00bd000-7fa4e00f3000 rw-p 00000000 00:00 0                          [stack:5953]
7fa4e00f3000-7fa4e00f4000 ---p 00000000 00:00 0 
7fa4e00f4000-7fa4e01f4000 rw-p 00000000 00:00 0                          [stack:5950]
7fa4e01f4000-7fa4e0249000 r-xp 00000000 08:05 942359                     /tmp/libgdxjeppe/d13da6b9/libopenal64.so
7fa4e0249000-7fa4e0448000 ---p 00055000 08:05 942359                     /tmp/libgdxjeppe/d13da6b9/libopenal64.so
7fa4e0448000-7fa4e044b000 r--p 00054000 08:05 942359                     /tmp/libgdxjeppe/d13da6b9/libopenal64.so
7fa4e044b000-7fa4e044c000 rw-p 00057000 08:05 942359                     /tmp/libgdxjeppe/d13da6b9/libopenal64.so
7fa4e044c000-7fa4e044d000 rw-p 00000000 00:00 0 
7fa4e044d000-7fa4e0451000 r-xp 00000000 08:05 269818                     /usr/lib/x86_64-linux-gnu/libXxf86vm.so.1.0.0
7fa4e0451000-7fa4e0650000 ---p 00004000 08:05 269818                     /usr/lib/x86_64-linux-gnu/libXxf86vm.so.1.0.0
7fa4e0650000-7fa4e0651000 r--p 00003000 08:05 269818                     /usr/lib/x86_64-linux-gnu/libXxf86vm.so.1.0.0
7fa4e0651000-7fa4e0652000 rw-p 00004000 08:05 269818                     /usr/lib/x86_64-linux-gnu/libXxf86vm.so.1.0.0
7fa4e0652000-7fa4e0659000 r-xp 00000000 08:05 269806                     /usr/lib/x86_64-linux-gnu/libXrandr.so.2.2.0
7fa4e0659000-7fa4e0858000 ---p 00007000 08:05 269806                     /usr/lib/x86_64-linux-gnu/libXrandr.so.2.2.0
7fa4e0858000-7fa4e0859000 r--p 00006000 08:05 269806                     /usr/lib/x86_64-linux-gnu/libXrandr.so.2.2.0
7fa4e0859000-7fa4e085a000 rw-p 00007000 08:05 269806                     /usr/lib/x86_64-linux-gnu/libXrandr.so.2.2.0
7fa4e085a000-7fa4e08c4000 r-xp 00000000 08:05 942346                     /tmp/libgdxjeppe/d13da6b9/liblwjgl64.so
7fa4e08c4000-7fa4e0ac4000 ---p 0006a000 08:05 942346                     /tmp/libgdxjeppe/d13da6b9/liblwjgl64.so
7fa4e0ac4000-7fa4e0ac6000 r--p 0006a000 08:05 942346                     /tmp/libgdxjeppe/d13da6b9/liblwjgl64.so
7fa4e0ac6000-7fa4e0ac7000 rw-p 0006c000 08:05 942346                     /tmp/libgdxjeppe/d13da6b9/liblwjgl64.so
7fa4e0ac7000-7fa4e0ac8000 r-xp 00000000 08:05 1841746                    /usr/lib/jvm/jdk1.7.0/jre/lib/amd64/libjawt.so
7fa4e0ac8000-7fa4e0cc7000 ---p 00001000 08:05 1841746                    /usr/lib/jvm/jdk1.7.0/jre/lib/amd64/libjawt.so
7fa4e0cc7000-7fa4e0cc8000 rw-p 00000000 08:05 1841746                    /usr/lib/jvm/jdk1.7.0/jre/lib/amd64/libjawt.so
7fa4e0cc8000-7fa4e0ccb000 ---p 00000000 00:00 0 
7fa4e0ccb000-7fa4e0dc9000 rw-p 00000000 00:00 0                          [stack:5947]
7fa4e0dc9000-7fa4e0dce000 r-xp 00000000 08:05 269275                     /usr/lib/x86_64-linux-gnu/libXfixes.so.3.1.0
7fa4e0dce000-7fa4e0fcd000 ---p 00005000 08:05 269275                     /usr/lib/x86_64-linux-gnu/libXfixes.so.3.1.0
7fa4e0fcd000-7fa4e0fce000 r--p 00004000 08:05 269275                     /usr/lib/x86_64-linux-gnu/libXfixes.so.3.1.0
7fa4e0fce000-7fa4e0fcf000 rw-p 00005000 08:05 269275                     /usr/lib/x86_64-linux-gnu/libXfixes.so.3.1.0
7fa4e0fcf000-7fa4e0fd8000 r-xp 00000000 08:05 269782                     /usr/lib/x86_64-linux-gnu/libXcursor.so.1.0.2
7fa4e0fd8000-7fa4e11d7000 ---p 00009000 08:05 269782                     /usr/lib/x86_64-linux-gnu/libXcursor.so.1.0.2
7fa4e11d7000-7fa4e11d8000 r--p 00008000 08:05 269782                     /usr/lib/x86_64-linux-gnu/libXcursor.so.1.0.2
7fa4e11d8000-7fa4e11d9000 rw-p 00009000 08:05 269782                     /usr/lib/x86_64-linux-gnu/libXcursor.so.1.0.2
7fa4e11d9000-7fa4e11dc000 ---p 00000000 00:00 0 
7fa4e11dc000-7fa4e12da000 rw-p 00000000 00:00 0                          [stack:5946]
7fa4e12da000-7fa4e12df000 r-xp 00000000 08:05 269786                     /usr/lib/x86_64-linux-gnu/libXdmcp.so.6.0.0
7fa4e12df000-7fa4e14de000 ---p 00005000 08:05 269786                     /usr/lib/x86_64-linux-gnu/libXdmcp.so.6.0.0
7fa4e14de000-7fa4e14df000 r--p 00004000 08:05 269786                     /usr/lib/x86_64-linux-gnu/libXdmcp.so.6.0.0
7fa4e14df000-7fa4e14e0000 rw-p 00005000 08:05 269786                     /usr/lib/x86_64-linux-gnu/libXdmcp.so.6.0.0
7fa4e14e0000-7fa4e14e2000 r-xp 00000000 08:05 269775                     /usr/lib/x86_64-linux-gnu/libXau.so.6.0.0
7fa4e14e2000-7fa4e16e1000 ---p 00002000 08:05 269775                     /usr/lib/x86_64-linux-gnu/libXau.so.6.0.0
7fa4e16e1000-7fa4e16e2000 r--p 00001000 08:05 269775                     /usr/lib/x86_64-linux-gnu/libXau.so.6.0.0
7fa4e16e2000-7fa4e16e3000 rw-p 00002000 08:05 269775                     /usr/lib/x86_64-linux-gnu/libXau.so.6.0.0
7fa4e16e3000-7fa4e1700000 r-xp 00000000 08:05 270382                     /usr/lib/x86_64-linux-gnu/libxcb.so.1.1.0
7fa4e1700000-7fa4e18ff000 ---p 0001d000 08:05 270382                     /usr/lib/x86_64-linux-gnu/libxcb.so.1.1.0
7fa4e18ff000-7fa4e1900000 r--p 0001c000 08:05 270382                     /usr/lib/x86_64-linux-gnu/libxcb.so.1.1.0
7fa4e1900000-7fa4e1901000 rw-p 0001d000 08:05 270382                     /usr/lib/x86_64-linux-gnu/libxcb.so.1.1.0
7fa4e1901000-7fa4e1910000 r-xp 00000000 08:05 275292                     /usr/lib/x86_64-linux-gnu/libXi.so.6.1.0
7fa4e1910000-7fa4e1b0f000 ---p 0000f000 08:05 275292                     /usr/lib/x86_64-linux-gnu/libXi.so.6.1.0
7fa4e1b0f000-7fa4e1b10000 r--p 0000e000 08:05 275292                     /usr/lib/x86_64-linux-gnu/libXi.so.6.1.0
7fa4e1b10000-7fa4e1b11000 rw-p 0000f000 08:05 275292                     /usr/lib/x86_64-linux-gnu/libXi.so.6.1.0
7fa4e1b11000-7fa4e1b16000 r-xp 00000000 08:05 269814                     /usr/lib/x86_64-linux-gnu/libXtst.so.6.1.0
7fa4e1b16000-7fa4e1d15000 ---p 00005000 08:05 269814                     /usr/lib/x86_64-linux-gnu/libXtst.so.6.1.0
7fa4e1d15000-7fa4e1d16000 r--p 00004000 08:05 269814                     /usr/lib/x86_64-linux-gnu/libXtst.so.6.1.0
7fa4e1d16000-7fa4e1d17000 rw-p 00005000 08:05 269814                     /usr/lib/x86_64-linux-gnu/libXtst.so.6.1.0
7fa4e1d17000-7fa4e1d20000 r-xp 00000000 08:05 269810                     /usr/lib/x86_64-linux-gnu/libXrender.so.1.3.0
7fa4e1d20000-7fa4e1f1f000 ---p 00009000 08:05 269810                     /usr/lib/x86_64-linux-gnu/libXrender.so.1.3.0
7fa4e1f1f000-7fa4e1f20000 r--p 00008000 08:05 269810                     /usr/lib/x86_64-linux-gnu/libXrender.so.1.3.0
7fa4e1f20000-7fa4e1f21000 rw-p 00009000 08:05 269810                     /usr/lib/x86_64-linux-gnu/libXrender.so.1.3.0
7fa4e1f21000-7fa4e2051000 r-xp 00000000 08:05 275240                     /usr/lib/x86_64-linux-gnu/libX11.so.6.3.0
7fa4e2051000-7fa4e2251000 ---p 00130000 08:05 275240                     /usr/lib/x86_64-linux-gnu/libX11.so.6.3.0
7fa4e2251000-7fa4e2252000 r--p 00130000 08:05 275240                     /usr/lib/x86_64-linux-gnu/libX11.so.6.3.0
7fa4e2252000-7fa4e2256000 rw-p 00131000 08:05 275240                     /usr/lib/x86_64-linux-gnu/libX11.so.6.3.0
7fa4e2256000-7fa4e2266000 r-xp 00000000 08:05 269788                     /usr/lib/x86_64-linux-gnu/libXext.so.6.4.0
7fa4e2266000-7fa4e2465000 ---p 00010000 08:05 269788                     /usr/lib/x86_64-linux-gnu/libXext.so.6.4.0
7fa4e2465000-7fa4e2466000 r--p 0000f000 08:05 269788                     /usr/lib/x86_64-linux-gnu/libXext.so.6.4.0
7fa4e2466000-7fa4e2467000 rw-p 00010000 08:05 269788                     /usr/lib/x86_64-linux-gnu/libXext.so.6.4.0
7fa4e2467000-7fa4e24b7000 r-xp 00000000 08:05 1841751                    /usr/lib/jvm/jdk1.7.0/jre/lib/amd64/xawt/libmawt.so
7fa4e24b7000-7fa4e26b7000 ---p 00050000 08:05 1841751                    /usr/lib/jvm/jdk1.7.0/jre/lib/amd64/xawt/libmawt.so
7fa4e26b7000-7fa4e26bb000 rw-p 00050000 08:05 1841751                    /usr/lib/jvm/jdk1.7.0/jre/lib/amd64/xawt/libmawt.so
7fa4e26bb000-7fa4e26bc000 rw-p 00000000 00:00 0 
7fa4e26bc000-7fa4e275f000 r-xp 00000000 08:05 1841731                    /usr/lib/jvm/jdk1.7.0/jre/lib/amd64/libawt.so
7fa4e275f000-7fa4e295f000 ---p 000a3000 08:05 1841731                    /usr/lib/jvm/jdk1.7.0/jre/lib/amd64/libawt.so
7fa4e295f000-7fa4e296b000 rw-p 000a3000 08:05 1841731                    /usr/lib/jvm/jdk1.7.0/jre/lib/amd64/libawt.so
7fa4e296b000-7fa4e298f000 rw-p 00000000 00:00 0 
7fa4e298f000-7fa4e29a4000 r-xp 00000000 08:05 1312136                    /lib/x86_64-linux-gnu/libgcc_s.so.1
7fa4e29a4000-7fa4e2ba3000 ---p 00015000 08:05 1312136                    /lib/x86_64-linux-gnu/libgcc_s.so.1
7fa4e2ba3000-7fa4e2ba4000 r--p 00014000 08:05 1312136                    /lib/x86_64-linux-gnu/libgcc_s.so.1
7fa4e2ba4000-7fa4e2ba5000 rw-p 00015000 08:05 1312136                    /lib/x86_64-linux-gnu/libgcc_s.so.1
7fa4e2ba5000-7fa4e2c87000 r-xp 00000000 08:05 270318                     /usr/lib/x86_64-linux-gnu/libstdc++.so.6.0.16
7fa4e2c87000-7fa4e2e86000 ---p 000e2000 08:05 270318                     /usr/lib/x86_64-linux-gnu/libstdc++.so.6.0.16
7fa4e2e86000-7fa4e2e8e000 r--p 000e1000 08:05 270318                     /usr/lib/x86_64-linux-gnu/libstdc++.so.6.0.16
7fa4e2e8e000-7fa4e2e90000 rw-p 000e9000 08:05 270318                     /usr/lib/x86_64-linux-gnu/libstdc++.so.6.0.16
7fa4e2e90000-7fa4e2ea5000 rw-p 00000000 00:00 0 
7fa4e2ea5000-7fa4e2f11000 r-xp 00000000 08:05 942074                     /tmp/libgdxjeppe/83c3ff60/libgdx64.so
7fa4e2f11000-7fa4e3111000 ---p 0006c000 08:05 942074                     /tmp/libgdxjeppe/83c3ff60/libgdx64.so
7fa4e3111000-7fa4e3113000 r--p 0006c000 08:05 942074                     /tmp/libgdxjeppe/83c3ff60/libgdx64.so
7fa4e3113000-7fa4e3114000 rw-p 0006e000 08:05 942074                     /tmp/libgdxjeppe/83c3ff60/libgdx64.so
7fa4e3114000-7fa4e3115000 rw-p 00000000 00:00 0 
7fa4e3115000-7fa4e3116000 ---p 00000000 00:00 0 
7fa4e3116000-7fa4e3216000 rw-p 00000000 00:00 0                          [stack:5945]
7fa4e3216000-7fa4e3219000 ---p 00000000 00:00 0 
7fa4e3219000-7fa4e3317000 rw-p 00000000 00:00 0                          [stack:5944]
7fa4e3317000-7fa4e331a000 ---p 00000000 00:00 0 
7fa4e331a000-7fa4e3418000 rw-p 00000000 00:00 0                          [stack:5943]
7fa4e3418000-7fa4e341b000 ---p 00000000 00:00 0 
7fa4e341b000-7fa4e3519000 rw-p 00000000 00:00 0                          [stack:5942]
7fa4e3519000-7fa4e351c000 ---p 00000000 00:00 0 
7fa4e351c000-7fa4e361a000 rw-p 00000000 00:00 0                          [stack:5941]
7fa4e361a000-7fa4e3cfd000 r--p 00000000 08:05 268683                     /usr/lib/locale/locale-archive
7fa4e3cfd000-7fa4e3d00000 ---p 00000000 00:00 0 
7fa4e3d00000-7fa4e3dfe000 rw-p 00000000 00:00 0                          [stack:5940]
7fa4e3dfe000-7fa4e3e01000 ---p 00000000 00:00 0 
7fa4e3e01000-7fa4e3eff000 rw-p 00000000 00:00 0                          [stack:5939]
7fa4e3eff000-7fa4e3f00000 ---p 00000000 00:00 0 
7fa4e3f00000-7fa4e4000000 rw-p 00000000 00:00 0                          [stack:5938]
7fa4e4000000-7fa4e4021000 rw-p 00000000 00:00 0 
7fa4e4021000-7fa4e8000000 ---p 00000000 00:00 0 
7fa4e8000000-7fa4e8021000 rw-p 00000000 00:00 0 
7fa4e8021000-7fa4ec000000 ---p 00000000 00:00 0 
7fa4ec000000-7fa4ec021000 rw-p 00000000 00:00 0 
7fa4ec021000-7fa4f0000000 ---p 00000000 00:00 0 
7fa4f001f000-7fa4f4000000 rw-p 00000000 00:00 0 
7fa4f4000000-7fa4f4021000 rw-p 00000000 00:00 0 
7fa4f4021000-7fa4f8000000 ---p 00000000 00:00 0 
7fa4f8003000-7fa4f80b1000 rw-p 00000000 00:00 0 
7fa4f80b1000-7fa4f826e000 r--s 039d3000 08:05 1841896                    /usr/lib/jvm/jdk1.7.0/jre/lib/rt.jar
7fa4f826e000-7fa4f85ed000 rw-p 00000000 00:00 0 
7fa4f85ed000-7fa4f85ee000 ---p 00000000 00:00 0 
7fa4f85ee000-7fa4f86ee000 rw-p 00000000 00:00 0                          [stack:5937]
7fa4f86ee000-7fa4f86ef000 ---p 00000000 00:00 0 
7fa4f86ef000-7fa4f87ef000 rw-p 00000000 00:00 0                          [stack:5936]
7fa4f87ef000-7fa4f87f0000 ---p 00000000 00:00 0 
7fa4f87f0000-7fa4f890f000 rw-p 00000000 00:00 0                          [stack:5935]
7fa4f890f000-7fa4f8adb000 rw-p 00000000 00:00 0 
7fa4f8adb000-7fa4f8ae6000 rw-p 00000000 00:00 0 
7fa4f8ae6000-7fa4f8b04000 rw-p 00000000 00:00 0 
7fa4f8b04000-7fa4f8b23000 rw-p 00000000 00:00 0 
7fa4f8b23000-7fa4f8cee000 rw-p 00000000 00:00 0 
7fa4f8cee000-7fa4f8cfe000 rw-p 00000000 00:00 0 
7fa4f8cfe000-7fa4f8de4000 rw-p 00000000 00:00 0 
7fa4f8de4000-7fa4f8de5000 rw-p 00000000 00:00 0 
7fa4f8de5000-7fa4f9055000 rwxp 00000000 00:00 0 
7fa4f9055000-7fa4fbde5000 rw-p 00000000 00:00 0 
7fa4fbde5000-7fa4fbdff000 r-xp 00000000 08:05 1841781                    /usr/lib/jvm/jdk1.7.0/jre/lib/amd64/libzip.so
7fa4fbdff000-7fa4fbfff000 ---p 0001a000 08:05 1841781                    /usr/lib/jvm/jdk1.7.0/jre/lib/amd64/libzip.so
7fa4fbfff000-7fa4fc000000 rw-p 0001a000 08:05 1841781                    /usr/lib/jvm/jdk1.7.0/jre/lib/amd64/libzip.so
7fa4fc000000-7fa4fc274000 rw-p 00000000 00:00 0 
7fa4fc274000-7fa500000000 ---p 00000000 00:00 0 
7fa50000c000-7fa50001d000 r--s 00127000 08:05 2149093                    /home/jeppe/code/Platformer/Platformer-desktop/libs/gdx-backend-lwjgl.jar
7fa50001d000-7fa5000bf000 rw-p 00000000 00:00 0 
7fa5000bf000-7fa5000c0000 ---p 00000000 00:00 0 
7fa5000c0000-7fa5001cb000 rw-p 00000000 00:00 0                          [stack:5934]
7fa5001cb000-7fa5001e9000 rw-p 00000000 00:00 0 
7fa5001e9000-7fa5001f5000 r-xp 00000000 08:05 1308387                    /lib/x86_64-linux-gnu/libnss_files-2.15.so
7fa5001f5000-7fa5003f4000 ---p 0000c000 08:05 1308387                    /lib/x86_64-linux-gnu/libnss_files-2.15.so
7fa5003f4000-7fa5003f5000 r--p 0000b000 08:05 1308387                    /lib/x86_64-linux-gnu/libnss_files-2.15.so
7fa5003f5000-7fa5003f6000 rw-p 0000c000 08:05 1308387                    /lib/x86_64-linux-gnu/libnss_files-2.15.so
7fa5003f6000-7fa500400000 r-xp 00000000 08:05 1308391                    /lib/x86_64-linux-gnu/libnss_nis-2.15.so
7fa500400000-7fa500600000 ---p 0000a000 08:05 1308391                    /lib/x86_64-linux-gnu/libnss_nis-2.15.so
7fa500600000-7fa500601000 r--p 0000a000 08:05 1308391                    /lib/x86_64-linux-gnu/libnss_nis-2.15.so
7fa500601000-7fa500602000 rw-p 0000b000 08:05 1308391                    /lib/x86_64-linux-gnu/libnss_nis-2.15.so
7fa500602000-7fa500619000 r-xp 00000000 08:05 1308403                    /lib/x86_64-linux-gnu/libnsl-2.15.so
7fa500619000-7fa500818000 ---p 00017000 08:05 1308403                    /lib/x86_64-linux-gnu/libnsl-2.15.so
7fa500818000-7fa500819000 r--p 00016000 08:05 1308403                    /lib/x86_64-linux-gnu/libnsl-2.15.so
7fa500819000-7fa50081a000 rw-p 00017000 08:05 1308403                    /lib/x86_64-linux-gnu/libnsl-2.15.so
7fa50081a000-7fa50081c000 rw-p 00000000 00:00 0 
7fa50081c000-7fa500824000 r-xp 00000000 08:05 1308385                    /lib/x86_64-linux-gnu/libnss_compat-2.15.so
7fa500824000-7fa500a23000 ---p 00008000 08:05 1308385                    /lib/x86_64-linux-gnu/libnss_compat-2.15.so
7fa500a23000-7fa500a24000 r--p 00007000 08:05 1308385                    /lib/x86_64-linux-gnu/libnss_compat-2.15.so
7fa500a24000-7fa500a25000 rw-p 00008000 08:05 1308385                    /lib/x86_64-linux-gnu/libnss_compat-2.15.so
7fa500a25000-7fa500a4e000 r-xp 00000000 08:05 1841764                    /usr/lib/jvm/jdk1.7.0/jre/lib/amd64/libjava.so
7fa500a4e000-7fa500c4e000 ---p 00029000 08:05 1841764                    /usr/lib/jvm/jdk1.7.0/jre/lib/amd64/libjava.so
7fa500c4e000-7fa500c50000 rw-p 00029000 08:05 1841764                    /usr/lib/jvm/jdk1.7.0/jre/lib/amd64/libjava.so
7fa500c50000-7fa500c5d000 r-xp 00000000 08:05 1841726                    /usr/lib/jvm/jdk1.7.0/jre/lib/amd64/libverify.so
7fa500c5d000-7fa500e5c000 ---p 0000d000 08:05 1841726                    /usr/lib/jvm/jdk1.7.0/jre/lib/amd64/libverify.so
7fa500e5c000-7fa500e5e000 rw-p 0000c000 08:05 1841726                    /usr/lib/jvm/jdk1.7.0/jre/lib/amd64/libverify.so
7fa500e5e000-7fa500e65000 r-xp 00000000 08:05 1308390                    /lib/x86_64-linux-gnu/librt-2.15.so
7fa500e65000-7fa501064000 ---p 00007000 08:05 1308390                    /lib/x86_64-linux-gnu/librt-2.15.so
7fa501064000-7fa501065000 r--p 00006000 08:05 1308390                    /lib/x86_64-linux-gnu/librt-2.15.so
7fa501065000-7fa501066000 rw-p 00007000 08:05 1308390                    /lib/x86_64-linux-gnu/librt-2.15.so
7fa501066000-7fa501161000 r-xp 00000000 08:05 1308394                    /lib/x86_64-linux-gnu/libm-2.15.so
7fa501161000-7fa501360000 ---p 000fb000 08:05 1308394                    /lib/x86_64-linux-gnu/libm-2.15.so
7fa501360000-7fa501361000 r--p 000fa000 08:05 1308394                    /lib/x86_64-linux-gnu/libm-2.15.so
7fa501361000-7fa501362000 rw-p 000fb000 08:05 1308394                    /lib/x86_64-linux-gnu/libm-2.15.so
7fa501362000-7fa501ec4000 r-xp 00000000 08:05 1841740                    /usr/lib/jvm/jdk1.7.0/jre/lib/amd64/server/libjvm.so
7fa501ec4000-7fa5020c4000 ---p 00b62000 08:05 1841740                    /usr/lib/jvm/jdk1.7.0/jre/lib/amd64/server/libjvm.so
7fa5020c4000-7fa502187000 rw-p 00b62000 08:05 1841740                    /usr/lib/jvm/jdk1.7.0/jre/lib/amd64/server/libjvm.so
7fa502187000-7fa5021c8000 rw-p 00000000 00:00 0 
7fa5021c8000-7fa50237d000 r-xp 00000000 08:05 1308383                    /lib/x86_64-linux-gnu/libc-2.15.so
7fa50237d000-7fa50257d000 ---p 001b5000 08:05 1308383                    /lib/x86_64-linux-gnu/libc-2.15.so
7fa50257d000-7fa502581000 r--p 001b5000 08:05 1308383                    /lib/x86_64-linux-gnu/libc-2.15.so
7fa502581000-7fa502583000 rw-p 001b9000 08:05 1308383                    /lib/x86_64-linux-gnu/libc-2.15.so
7fa502583000-7fa502588000 rw-p 00000000 00:00 0 
7fa502588000-7fa50258a000 r-xp 00000000 08:05 1308398                    /lib/x86_64-linux-gnu/libdl-2.15.so
7fa50258a000-7fa50278a000 ---p 00002000 08:05 1308398                    /lib/x86_64-linux-gnu/libdl-2.15.so
7fa50278a000-7fa50278b000 r--p 00002000 08:05 1308398                    /lib/x86_64-linux-gnu/libdl-2.15.so
7fa50278b000-7fa50278c000 rw-p 00003000 08:05 1308398                    /lib/x86_64-linux-gnu/libdl-2.15.so
7fa50278c000-7fa5027a2000 r-xp 00000000 08:05 1841755                    /usr/lib/jvm/jdk1.7.0/jre/lib/amd64/jli/libjli.so
7fa5027a2000-7fa5029a2000 ---p 00016000 08:05 1841755                    /usr/lib/jvm/jdk1.7.0/jre/lib/amd64/jli/libjli.so
7fa5029a2000-7fa5029a3000 rw-p 00016000 08:05 1841755                    /usr/lib/jvm/jdk1.7.0/jre/lib/amd64/jli/libjli.so
7fa5029a3000-7fa5029bb000 r-xp 00000000 08:05 1308392                    /lib/x86_64-linux-gnu/libpthread-2.15.so
7fa5029bb000-7fa502bba000 ---p 00018000 08:05 1308392                    /lib/x86_64-linux-gnu/libpthread-2.15.so
7fa502bba000-7fa502bbb000 r--p 00017000 08:05 1308392                    /lib/x86_64-linux-gnu/libpthread-2.15.so
7fa502bbb000-7fa502bbc000 rw-p 00018000 08:05 1308392                    /lib/x86_64-linux-gnu/libpthread-2.15.so
7fa502bbc000-7fa502bc0000 rw-p 00000000 00:00 0 
7fa502bc0000-7fa502be2000 r-xp 00000000 08:05 1308395                    /lib/x86_64-linux-gnu/ld-2.15.so
7fa502be2000-7fa502be3000 rw-p 00000000 00:00 0 
7fa502be3000-7fa502be4000 rw-s 00005000 00:05 12481                      /dev/ati/card0
7fa502be4000-7fa502beb000 r--s 00000000 08:05 409479                     /usr/lib/x86_64-linux-gnu/gconv/gconv-modules.cache
7fa502beb000-7fa502c00000 r--s 00149000 08:05 2149072                    /home/jeppe/code/Platformer/Platformer/libs/gdx.jar
7fa502c00000-7fa502c0a000 rw-p 00000000 00:00 0 
7fa502c0a000-7fa502cc0000 rw-p 00000000 00:00 0 
7fa502cc0000-7fa502cc3000 ---p 00000000 00:00 0 
7fa502cc3000-7fa502dc5000 rw-p 00000000 00:00 0                          [stack:5933]
7fa502dc5000-7fa502dc7000 rw-s 00002000 00:05 12481                      /dev/ati/card0
7fa502dc7000-7fa502dc8000 r--s 00100000 08:05 1627694                    /home/jeppe/libs/java/extensions/gdx-controllers/gdx-controllers-desktop-natives.jar
7fa502dc8000-7fa502dc9000 r--s 00004000 08:05 1627695                    /home/jeppe/libs/java/extensions/gdx-controllers/gdx-controllers-desktop.jar
7fa502dc9000-7fa502dca000 r--s 00123000 08:05 2149092                    /home/jeppe/code/Platformer/Platformer-desktop/libs/gdx-natives.jar
7fa502dca000-7fa502dcc000 r--s 0019e000 08:05 2149090                    /home/jeppe/code/Platformer/Platformer-desktop/libs/gdx-backend-lwjgl-natives.jar
7fa502dcc000-7fa502dcd000 r--s 00002000 08:05 1627697                    /home/jeppe/libs/java/extensions/gdx-controllers/gdx-controllers.jar
7fa502dcd000-7fa502dcf000 r--s 00012000 08:05 2149331                    /home/jeppe/code/Platformer/Platformer/libs/libgdx-utils.jar
7fa502dcf000-7fa502dd6000 r--s 0004c000 08:05 2149342                    /home/jeppe/code/Platformer/Platformer/libs/kryonet-2.21-all.jar
7fa502dd6000-7fa502dde000 rw-s 00000000 08:05 943454                     /tmp/hsperfdata_jeppe/5927
7fa502dde000-7fa502ddf000 rw-p 00000000 00:00 0 
7fa502ddf000-7fa502de0000 r--p 00000000 00:00 0 
7fa502de0000-7fa502de2000 rw-p 00000000 00:00 0 
7fa502de2000-7fa502de3000 r--p 00022000 08:05 1308395                    /lib/x86_64-linux-gnu/ld-2.15.so
7fa502de3000-7fa502de5000 rw-p 00023000 08:05 1308395                    /lib/x86_64-linux-gnu/ld-2.15.so
7fff3ad7e000-7fff3ad9f000 rw-p 00000000 00:00 0                          [stack]
7fff3adfe000-7fff3ae00000 r-xp 00000000 00:00 0                          [vdso]
ffffffffff600000-ffffffffff601000 r-xp 00000000 00:00 0                  [vsyscall]

VM Arguments:
jvm_args: -Dfile.encoding=UTF-8 
java_command: com.platformer.platformer.Main
Launcher Type: SUN_STANDARD

Environment Variables:
JAVA_HOME=/usr/local/java/jdk1.7.0_40
PATH=/usr/local/bin:/usr/bin:/bin:/usr/games:/home/jeppe/bin:/usr/local/java/jdk1.7.0_40/bin
USERNAME=jeppe
SHELL=/bin/bash
DISPLAY=:0.0

Signal Handlers:
SIGSEGV: [libjvm.so+0x992d50], sa_mask[0]=0x7ffbfeff, sa_flags=0x10000004
SIGBUS: [libjvm.so+0x992d50], sa_mask[0]=0x7ffbfeff, sa_flags=0x10000004
SIGFPE: [libjvm.so+0x80fb00], sa_mask[0]=0x7ffbfeff, sa_flags=0x10000004
SIGPIPE: [libjvm.so+0x80fb00], sa_mask[0]=0x7ffbfeff, sa_flags=0x10000004
SIGXFSZ: [libjvm.so+0x80fb00], sa_mask[0]=0x7ffbfeff, sa_flags=0x10000004
SIGILL: [libjvm.so+0x80fb00], sa_mask[0]=0x7ffbfeff, sa_flags=0x10000004
SIGUSR1: SIG_DFL, sa_mask[0]=0x00000000, sa_flags=0x00000000
SIGUSR2: [libjvm.so+0x810ff0], sa_mask[0]=0x00000004, sa_flags=0x10000004
SIGHUP: [libjvm.so+0x811f60], sa_mask[0]=0x7ffbfeff, sa_flags=0x10000004
SIGINT: [libjvm.so+0x811f60], sa_mask[0]=0x7ffbfeff, sa_flags=0x10000004
SIGTERM: [libjvm.so+0x811f60], sa_mask[0]=0x7ffbfeff, sa_flags=0x10000004
SIGQUIT: [libjvm.so+0x811f60], sa_mask[0]=0x7ffbfeff, sa_flags=0x10000004


---------------  S Y S T E M  ---------------

OS:wheezy/sid

uname:Linux 3.8.0-35-generic #52~precise1-Ubuntu SMP Thu Jan 30 17:24:40 UTC 2014 x86_64
libc:glibc 2.15 NPTL 2.15 
rlimit: STACK 8192k, CORE 0k, NPROC 46916, NOFILE 4096, AS infinity
load average:0.34 0.38 0.50

/proc/meminfo:
MemTotal:        6024188 kB
MemFree:         1873256 kB
Buffers:          252164 kB
Cached:          1238544 kB
SwapCached:            0 kB
Active:          2504928 kB
Inactive:        1055876 kB
Active(anon):    2071104 kB
Inactive(anon):    42668 kB
Active(file):     433824 kB
Inactive(file):  1013208 kB
Unevictable:           0 kB
Mlocked:               0 kB
SwapTotal:       5119996 kB
SwapFree:        5119996 kB
Dirty:               836 kB
Writeback:             0 kB
AnonPages:       2070428 kB
Mapped:           459308 kB
Shmem:             43684 kB
Slab:             178640 kB
SReclaimable:     147820 kB
SUnreclaim:        30820 kB
KernelStack:        4464 kB
PageTables:        33760 kB
NFS_Unstable:          0 kB
Bounce:                0 kB
WritebackTmp:          0 kB
CommitLimit:     8132088 kB
Committed_AS:    5071496 kB
VmallocTotal:   34359738367 kB
VmallocUsed:      380632 kB
VmallocChunk:   34359354744 kB
HardwareCorrupted:     0 kB
AnonHugePages:         0 kB
HugePages_Total:       0
HugePages_Free:        0
HugePages_Rsvd:        0
HugePages_Surp:        0
Hugepagesize:       2048 kB
DirectMap4k:      311296 kB
DirectMap2M:     5896192 kB


CPU:total 4 (2 cores per cpu, 2 threads per core) family 6 model 42 stepping 7, cmov, cx8, fxsr, mmx, sse, sse2, sse3, ssse3, sse4.1, sse4.2, popcnt, avx, aes, ht, tsc, tscinvbit

/proc/cpuinfo:
processor	: 0
vendor_id	: GenuineIntel
cpu family	: 6
model		: 42
model name	: Intel(R) Core(TM) i5-2450M CPU @ 2.50GHz
stepping	: 7
microcode	: 0x28
cpu MHz		: 800.000
cache size	: 3072 KB
physical id	: 0
siblings	: 4
core id		: 0
cpu cores	: 2
apicid		: 0
initial apicid	: 0
fpu		: yes
fpu_exception	: yes
cpuid level	: 13
wp		: yes
flags		: fpu vme de pse tsc msr pae mce cx8 apic sep mtrr pge mca cmov pat pse36 clflush dts acpi mmx fxsr sse sse2 ss ht tm pbe syscall nx rdtscp lm constant_tsc arch_perfmon pebs bts nopl xtopology nonstop_tsc aperfmperf eagerfpu pni pclmulqdq dtes64 monitor ds_cpl vmx est tm2 ssse3 cx16 xtpr pdcm pcid sse4_1 sse4_2 x2apic popcnt tsc_deadline_timer aes xsave avx lahf_lm ida arat epb xsaveopt pln pts dtherm tpr_shadow vnmi flexpriority ept vpid
bogomips	: 4988.81
clflush size	: 64
cache_alignment	: 64
address sizes	: 36 bits physical, 48 bits virtual
power management:

processor	: 1
vendor_id	: GenuineIntel
cpu family	: 6
model		: 42
model name	: Intel(R) Core(TM) i5-2450M CPU @ 2.50GHz
stepping	: 7
microcode	: 0x28
cpu MHz		: 800.000
cache size	: 3072 KB
physical id	: 0
siblings	: 4
core id		: 0
cpu cores	: 2
apicid		: 1
initial apicid	: 1
fpu		: yes
fpu_exception	: yes
cpuid level	: 13
wp		: yes
flags		: fpu vme de pse tsc msr pae mce cx8 apic sep mtrr pge mca cmov pat pse36 clflush dts acpi mmx fxsr sse sse2 ss ht tm pbe syscall nx rdtscp lm constant_tsc arch_perfmon pebs bts nopl xtopology nonstop_tsc aperfmperf eagerfpu pni pclmulqdq dtes64 monitor ds_cpl vmx est tm2 ssse3 cx16 xtpr pdcm pcid sse4_1 sse4_2 x2apic popcnt tsc_deadline_timer aes xsave avx lahf_lm ida arat epb xsaveopt pln pts dtherm tpr_shadow vnmi flexpriority ept vpid
bogomips	: 4988.81
clflush size	: 64
cache_alignment	: 64
address sizes	: 36 bits physical, 48 bits virtual
power management:

processor	: 2
vendor_id	: GenuineIntel
cpu family	: 6
model		: 42
model name	: Intel(R) Core(TM) i5-2450M CPU @ 2.50GHz
stepping	: 7
microcode	: 0x28
cpu MHz		: 800.000
cache size	: 3072 KB
physical id	: 0
siblings	: 4
core id		: 1
cpu cores	: 2
apicid		: 2
initial apicid	: 2
fpu		: yes
fpu_exception	: yes
cpuid level	: 13
wp		: yes
flags		: fpu vme de pse tsc msr pae mce cx8 apic sep mtrr pge mca cmov pat pse36 clflush dts acpi mmx fxsr sse sse2 ss ht tm pbe syscall nx rdtscp lm constant_tsc arch_perfmon pebs bts nopl xtopology nonstop_tsc aperfmperf eagerfpu pni pclmulqdq dtes64 monitor ds_cpl vmx est tm2 ssse3 cx16 xtpr pdcm pcid sse4_1 sse4_2 x2apic popcnt tsc_deadline_timer aes xsave avx lahf_lm ida arat epb xsaveopt pln pts dtherm tpr_shadow vnmi flexpriority ept vpid
bogomips	: 4988.81
clflush size	: 64
cache_alignment	: 64
address sizes	: 36 bits physical, 48 bits virtual
power management:

processor	: 3
vendor_id	: GenuineIntel
cpu family	: 6
model		: 42
model name	: Intel(R) Core(TM) i5-2450M CPU @ 2.50GHz
stepping	: 7
microcode	: 0x28
cpu MHz		: 2501.000
cache size	: 3072 KB
physical id	: 0
siblings	: 4
core id		: 1
cpu cores	: 2
apicid		: 3
initial apicid	: 3
fpu		: yes
fpu_exception	: yes
cpuid level	: 13
wp		: yes
flags		: fpu vme de pse tsc msr pae mce cx8 apic sep mtrr pge mca cmov pat pse36 clflush dts acpi mmx fxsr sse sse2 ss ht tm pbe syscall nx rdtscp lm constant_tsc arch_perfmon pebs bts nopl xtopology nonstop_tsc aperfmperf eagerfpu pni pclmulqdq dtes64 monitor ds_cpl vmx est tm2 ssse3 cx16 xtpr pdcm pcid sse4_1 sse4_2 x2apic popcnt tsc_deadline_timer aes xsave avx lahf_lm ida arat epb xsaveopt pln pts dtherm tpr_shadow vnmi flexpriority ept vpid
bogomips	: 4988.81
clflush size	: 64
cache_alignment	: 64
address sizes	: 36 bits physical, 48 bits virtual
power management:



Memory: 4k page, physical 6024188k(1873256k free), swap 5119996k(5119996k free)

vm_info: Java HotSpot(TM) 64-Bit Server VM (24.0-b56) for linux-amd64 JRE (1.7.0_40-b43), built on Aug 26 2013 23:53:33 by "java_re" with gcc 4.3.0 20080428 (Red Hat 4.3.0-8)

time: Mon Mar  3 19:25:47 2014
elapsed time: 3 seconds

